---------------------------------------------------------------
[ 2018-09-11T17:52:11+08:00 ] 127.0.0.1 GET /website/index
[ info ] 127.0.0.5/website/index [运行时间：0.376001s][吞吐率：2.66req/s] [内存消耗：1,383.19kb] [文件加载：45]
[ info ] [ LANG ] D:\wwwroot\thinkphp5_765tm6\web\core\lang\zh-cn.php
[ info ] [ ROUTE ] array (
  'type' => 'module',
  'module' => 
  array (
    0 => 'website',
    1 => 'index',
    2 => NULL,
  ),
)
[ info ] [ HEADER ] array (
  'content-type' => '',
  'content-length' => '0',
  'x-original-url' => '/website/index',
  'upgrade-insecure-requests' => '1',
  'user-agent' => 'Mozilla/5.0 (Windows NT 6.3; WOW64) AppleWebKit/537.36 (KHTML, like Gecko) Chrome/55.0.2883.87 Safari/537.36',
  'host' => '127.0.0.5',
  'accept-language' => 'zh-CN,zh;q=0.8',
  'accept-encoding' => 'gzip, deflate, sdch, br',
  'accept' => 'text/html,application/xhtml+xml,application/xml;q=0.9,image/webp,*/*;q=0.8',
  'connection' => 'keep-alive',
)
[ info ] [ PARAM ] array (
)
[ info ] [ RUN ] app\website\controller\Index->index[ D:\wwwroot\thinkphp5_765tm6\web\application\website\controller\Index.php ]
[ info ] [ VIEW ] D:\wwwroot\thinkphp5_765tm6\web/application/website\view\index\index.html [ array (
) ]
[ info ] [ SESSION ] INIT array (
  'id' => '',
  'var_session_id' => '',
  'prefix' => 'Dp',
  'type' => '',
  'auto_start' => true,
)
[ info ] [ LOG ] INIT File
---------------------------------------------------------------
[ 2018-09-11T17:52:11+08:00 ] 127.0.0.1 GET /website/index/main.html
[ info ] 127.0.0.5/website/index/main.html [运行时间：0.100388s][吞吐率：9.96req/s] [内存消耗：1,334.56kb] [文件加载：44]
[ info ] [ LANG ] D:\wwwroot\thinkphp5_765tm6\web\core\lang\zh-cn.php
[ info ] [ ROUTE ] array (
  'type' => 'module',
  'module' => 
  array (
    0 => 'website',
    1 => 'index',
    2 => 'main',
  ),
)
[ info ] [ HEADER ] array (
  'content-type' => '',
  'content-length' => '0',
  'x-original-url' => '/website/index/main.html',
  'upgrade-insecure-requests' => '1',
  'user-agent' => 'Mozilla/5.0 (Windows NT 6.3; WOW64) AppleWebKit/537.36 (KHTML, like Gecko) Chrome/55.0.2883.87 Safari/537.36',
  'referer' => 'http://127.0.0.5/website/index',
  'host' => '127.0.0.5',
  'cookie' => 'PHPSESSID=cc8hn9rq2cmgkeonuu1pn4pmm4',
  'accept-language' => 'zh-CN,zh;q=0.8',
  'accept-encoding' => 'gzip, deflate, sdch, br',
  'accept' => 'text/html,application/xhtml+xml,application/xml;q=0.9,image/webp,*/*;q=0.8',
  'connection' => 'keep-alive',
)
[ info ] [ PARAM ] array (
)
[ info ] [ RUN ] app\website\controller\Index->main[ D:\wwwroot\thinkphp5_765tm6\web\application\website\controller\Index.php ]
[ info ] [ VIEW ] D:\wwwroot\thinkphp5_765tm6\web/application/website\view\index\main.html [ array (
) ]
[ info ] [ LOG ] INIT File
---------------------------------------------------------------
[ 2018-09-11T17:52:13+08:00 ] 127.0.0.1 GET /website/index/getmenu/id/1
[ info ] 127.0.0.5/website/index/getmenu/id/1 [运行时间：0.622410s][吞吐率：1.61req/s] [内存消耗：2,044.02kb] [文件加载：53]
[ info ] [ LANG ] D:\wwwroot\thinkphp5_765tm6\web\core\lang\zh-cn.php
[ info ] [ ROUTE ] array (
  'type' => 'module',
  'module' => 
  array (
    0 => 'website',
    1 => 'index',
    2 => 'getmenu',
  ),
)
[ info ] [ HEADER ] array (
  'content-type' => '',
  'content-length' => '0',
  'x-original-url' => '/website/index/getmenu/id/1',
  'x-requested-with' => 'XMLHttpRequest',
  'user-agent' => 'Mozilla/5.0 (Windows NT 6.3; WOW64) AppleWebKit/537.36 (KHTML, like Gecko) Chrome/55.0.2883.87 Safari/537.36',
  'referer' => 'http://127.0.0.5/website/index',
  'host' => '127.0.0.5',
  'cookie' => 'PHPSESSID=cc8hn9rq2cmgkeonuu1pn4pmm4',
  'accept-language' => 'zh-CN,zh;q=0.8',
  'accept-encoding' => 'gzip, deflate, sdch, br',
  'accept' => 'application/json, text/javascript, */*; q=0.01',
  'connection' => 'keep-alive',
)
[ info ] [ PARAM ] array (
  'id' => '1',
)
[ info ] [ RUN ] app\website\controller\Index->getmenu[ D:\wwwroot\thinkphp5_765tm6\web\application\website\controller\Index.php ]
[ info ] [ DB ] INIT mysql
[ info ] [ LOG ] INIT File
[ sql ] [ DB ] CONNECT:[ UseTime:0.166637s ] mysql:host=localhost;port=3306;dbname=mythinkphp5;charset=utf8
[ sql ] [ SQL ] SHOW COLUMNS FROM `Dp_nav` [ RunTime:0.132348s ]
[ sql ] [ SQL ] SELECT `id`,`pid`,`name` AS `title`,`ico` AS `icon`,`url` AS `href`,`order` FROM `Dp_nav` WHERE  `display` = 1 ORDER BY `order` ASC,`id` ASC [ RunTime:0.038678s ]
---------------------------------------------------------------
[ 2018-09-11T17:52:14+08:00 ] 127.0.0.1 GET /website/index/getmenu/id/2
[ info ] 127.0.0.5/website/index/getmenu/id/2 [运行时间：0.132959s][吞吐率：7.52req/s] [内存消耗：2,041.52kb] [文件加载：53]
[ info ] [ LANG ] D:\wwwroot\thinkphp5_765tm6\web\core\lang\zh-cn.php
[ info ] [ ROUTE ] array (
  'type' => 'module',
  'module' => 
  array (
    0 => 'website',
    1 => 'index',
    2 => 'getmenu',
  ),
)
[ info ] [ HEADER ] array (
  'content-type' => '',
  'content-length' => '0',
  'x-original-url' => '/website/index/getmenu/id/2',
  'x-requested-with' => 'XMLHttpRequest',
  'user-agent' => 'Mozilla/5.0 (Windows NT 6.3; WOW64) AppleWebKit/537.36 (KHTML, like Gecko) Chrome/55.0.2883.87 Safari/537.36',
  'referer' => 'http://127.0.0.5/website/index',
  'host' => '127.0.0.5',
  'cookie' => 'PHPSESSID=cc8hn9rq2cmgkeonuu1pn4pmm4',
  'accept-language' => 'zh-CN,zh;q=0.8',
  'accept-encoding' => 'gzip, deflate, sdch, br',
  'accept' => 'application/json, text/javascript, */*; q=0.01',
  'connection' => 'keep-alive',
)
[ info ] [ PARAM ] array (
  'id' => '2',
)
[ info ] [ RUN ] app\website\controller\Index->getmenu[ D:\wwwroot\thinkphp5_765tm6\web\application\website\controller\Index.php ]
[ info ] [ DB ] INIT mysql
[ info ] [ LOG ] INIT File
[ sql ] [ DB ] CONNECT:[ UseTime:0.012006s ] mysql:host=localhost;port=3306;dbname=mythinkphp5;charset=utf8
[ sql ] [ SQL ] SHOW COLUMNS FROM `Dp_cate` [ RunTime:0.029438s ]
[ sql ] [ SQL ] SELECT `id`,`pid`,`name` AS `title`,`model`,`order` FROM `Dp_cate` WHERE  `isf` = 1  AND `model` <> 'link' ORDER BY `order` ASC,`id` ASC [ RunTime:0.001982s ]
---------------------------------------------------------------
[ 2018-09-11T17:52:15+08:00 ] 127.0.0.1 GET /website/article/index/id/3
[ info ] 127.0.0.5/website/article/index/id/3 [运行时间：0.135903s][吞吐率：7.36req/s] [内存消耗：2,037.41kb] [文件加载：53]
[ info ] [ LANG ] D:\wwwroot\thinkphp5_765tm6\web\core\lang\zh-cn.php
[ info ] [ ROUTE ] array (
  'type' => 'module',
  'module' => 
  array (
    0 => 'website',
    1 => 'article',
    2 => 'index',
  ),
)
[ info ] [ HEADER ] array (
  'content-type' => '',
  'content-length' => '0',
  'x-original-url' => '/website/article/index/id/3',
  'upgrade-insecure-requests' => '1',
  'user-agent' => 'Mozilla/5.0 (Windows NT 6.3; WOW64) AppleWebKit/537.36 (KHTML, like Gecko) Chrome/55.0.2883.87 Safari/537.36',
  'referer' => 'http://127.0.0.5/website/index',
  'host' => '127.0.0.5',
  'cookie' => 'PHPSESSID=cc8hn9rq2cmgkeonuu1pn4pmm4',
  'accept-language' => 'zh-CN,zh;q=0.8',
  'accept-encoding' => 'gzip, deflate, sdch, br',
  'accept' => 'text/html,application/xhtml+xml,application/xml;q=0.9,image/webp,*/*;q=0.8',
  'connection' => 'keep-alive',
)
[ info ] [ PARAM ] array (
  'id' => '3',
)
[ info ] [ RUN ] app\website\controller\Article->index[ D:\wwwroot\thinkphp5_765tm6\web\application\website\controller\Article.php ]
[ info ] [ DB ] INIT mysql
[ info ] [ VIEW ] D:\wwwroot\thinkphp5_765tm6\web/application/website\view\article\index.html [ array (
  0 => 'id',
  1 => 'pid',
  2 => 'list',
) ]
[ info ] [ LOG ] INIT File
[ sql ] [ DB ] CONNECT:[ UseTime:0.011147s ] mysql:host=localhost;port=3306;dbname=mythinkphp5;charset=utf8
[ sql ] [ SQL ] SHOW COLUMNS FROM `Dp_cate` [ RunTime:0.011260s ]
[ sql ] [ SQL ] SELECT `id`,`pid`,`name` FROM `Dp_cate` WHERE  `model` = 'article' [ RunTime:0.000639s ]
[ sql ] [ SQL ] SELECT `pid` FROM `Dp_cate` WHERE  `pid` > 0 GROUP BY `pid` [ RunTime:0.001441s ]
---------------------------------------------------------------
[ 2018-09-11T17:52:16+08:00 ] 127.0.0.1 GET /website/article/fpage/id/3?page=1&limit=15
[ info ] 127.0.0.5/website/article/fpage/id/3?page=1&limit=15 [运行时间：0.171259s][吞吐率：5.84req/s] [内存消耗：1,974.84kb] [文件加载：52]
[ info ] [ LANG ] D:\wwwroot\thinkphp5_765tm6\web\core\lang\zh-cn.php
[ info ] [ ROUTE ] array (
  'type' => 'module',
  'module' => 
  array (
    0 => 'website',
    1 => 'article',
    2 => 'fpage',
  ),
)
[ info ] [ HEADER ] array (
  'content-type' => '',
  'content-length' => '0',
  'x-original-url' => '/website/article/fpage/id/3?page=1&limit=15',
  'x-requested-with' => 'XMLHttpRequest',
  'user-agent' => 'Mozilla/5.0 (Windows NT 6.3; WOW64) AppleWebKit/537.36 (KHTML, like Gecko) Chrome/55.0.2883.87 Safari/537.36',
  'referer' => 'http://127.0.0.5/website/article/index/id/3',
  'host' => '127.0.0.5',
  'cookie' => 'PHPSESSID=cc8hn9rq2cmgkeonuu1pn4pmm4',
  'accept-language' => 'zh-CN,zh;q=0.8',
  'accept-encoding' => 'gzip, deflate, sdch, br',
  'accept' => 'application/json, text/javascript, */*; q=0.01',
  'connection' => 'keep-alive',
)
[ info ] [ PARAM ] array (
  'page' => '1',
  'limit' => '15',
  'id' => '3',
)
[ info ] [ RUN ] app\website\controller\Article->fpage[ D:\wwwroot\thinkphp5_765tm6\web\application\website\controller\Article.php ]
[ info ] [ DB ] INIT mysql
[ info ] [ LOG ] INIT File
[ sql ] [ DB ] CONNECT:[ UseTime:0.003547s ] mysql:host=localhost;port=3306;dbname=mythinkphp5;charset=utf8
[ sql ] [ SQL ] SHOW COLUMNS FROM `Dp_article` [ RunTime:0.032649s ]
[ sql ] [ SQL ] SELECT COUNT(*) AS tp_count FROM `Dp_article` WHERE  `del` = 0  AND `cid` = 3 LIMIT 1 [ RunTime:0.002608s ]
[ sql ] [ SQL ] SELECT id,title,pic,tj,FROM_UNIXTIME(time,"%Y-%m-%d") as times,author FROM `Dp_article` WHERE  `del` = 0  AND `cid` = 3 ORDER BY `time` DESC LIMIT 0,15 [ RunTime:0.002078s ]
---------------------------------------------------------------
[ 2018-09-11T17:52:17+08:00 ] 127.0.0.1 GET /website/article/add/cid/3
[ info ] 127.0.0.5/website/article/add/cid/3 [运行时间：0.203966s][吞吐率：4.90req/s] [内存消耗：2,139.77kb] [文件加载：54]
[ info ] [ LANG ] D:\wwwroot\thinkphp5_765tm6\web\core\lang\zh-cn.php
[ info ] [ ROUTE ] array (
  'type' => 'module',
  'module' => 
  array (
    0 => 'website',
    1 => 'article',
    2 => 'add',
  ),
)
[ info ] [ HEADER ] array (
  'content-type' => '',
  'content-length' => '0',
  'x-original-url' => '/website/article/add/cid/3',
  'upgrade-insecure-requests' => '1',
  'user-agent' => 'Mozilla/5.0 (Windows NT 6.3; WOW64) AppleWebKit/537.36 (KHTML, like Gecko) Chrome/55.0.2883.87 Safari/537.36',
  'referer' => 'http://127.0.0.5/website/article/index/id/3',
  'host' => '127.0.0.5',
  'cookie' => 'PHPSESSID=cc8hn9rq2cmgkeonuu1pn4pmm4',
  'accept-language' => 'zh-CN,zh;q=0.8',
  'accept-encoding' => 'gzip, deflate, sdch, br',
  'accept' => 'text/html,application/xhtml+xml,application/xml;q=0.9,image/webp,*/*;q=0.8',
  'connection' => 'keep-alive',
)
[ info ] [ PARAM ] array (
  'cid' => '3',
)
[ info ] [ RUN ] app\website\controller\Article->add[ D:\wwwroot\thinkphp5_765tm6\web\application\website\controller\Article.php ]
[ info ] [ DB ] INIT mysql
[ info ] [ VIEW ] D:\wwwroot\thinkphp5_765tm6\web/application/website\view\article\add.html [ array (
  0 => 'cid',
  1 => 'sub',
) ]
[ info ] [ LOG ] INIT File
[ sql ] [ DB ] CONNECT:[ UseTime:0.002600s ] mysql:host=localhost;port=3306;dbname=mythinkphp5;charset=utf8
[ sql ] [ SQL ] SHOW COLUMNS FROM `Dp_subject` [ RunTime:0.063327s ]
[ sql ] [ SQL ] SELECT `id`,`subname` FROM `Dp_subject` ORDER BY `order` ASC [ RunTime:0.000672s ]
---------------------------------------------------------------
[ 2018-09-11T17:54:07+08:00 ] 127.0.0.1 POST /website/index/uploads
[ info ] 127.0.0.5/website/index/uploads [运行时间：0.185450s][吞吐率：5.39req/s] [内存消耗：2,026.85kb] [文件加载：52]
[ info ] [ LANG ] D:\wwwroot\thinkphp5_765tm6\web\core\lang\zh-cn.php
[ info ] [ ROUTE ] array (
  'type' => 'module',
  'module' => 
  array (
    0 => 'website',
    1 => 'index',
    2 => 'uploads',
  ),
)
[ info ] [ HEADER ] array (
  'content-type' => 'multipart/form-data; boundary=----WebKitFormBoundaryZIWTT3wIJO19Jpb2',
  'content-length' => '133392',
  'x-original-url' => '/website/index/uploads',
  'x-requested-with' => 'XMLHttpRequest',
  'origin' => 'http://127.0.0.5',
  'user-agent' => 'Mozilla/5.0 (Windows NT 6.3; WOW64) AppleWebKit/537.36 (KHTML, like Gecko) Chrome/55.0.2883.87 Safari/537.36',
  'referer' => 'http://127.0.0.5/website/article/add/cid/3',
  'host' => '127.0.0.5',
  'cookie' => 'PHPSESSID=cc8hn9rq2cmgkeonuu1pn4pmm4',
  'accept-language' => 'zh-CN,zh;q=0.8',
  'accept-encoding' => 'gzip, deflate, br',
  'accept' => 'application/json, text/javascript, */*; q=0.01',
  'connection' => 'keep-alive',
)
[ info ] [ PARAM ] array (
)
[ info ] [ RUN ] app\website\controller\Index->uploads[ D:\wwwroot\thinkphp5_765tm6\web\application\website\controller\Index.php ]
[ info ] [ DB ] INIT mysql
[ info ] [ LOG ] INIT File
[ sql ] [ DB ] CONNECT:[ UseTime:0.009830s ] mysql:host=localhost;port=3306;dbname=mythinkphp5;charset=utf8
[ sql ] [ SQL ] SHOW COLUMNS FROM `Dp_img` [ RunTime:0.044434s ]
[ sql ] [ SQL ] INSERT INTO `Dp_img` (`imgurl`) VALUES ('/public/uploads/20180911/4a60b32c8d180ea8b9d03bf04e09c319.jpg') [ RunTime:0.015322s ]
---------------------------------------------------------------
[ 2018-09-11T17:54:07+08:00 ] 127.0.0.1 POST /website/index/uploads
[ info ] 127.0.0.5/website/index/uploads [运行时间：0.166321s][吞吐率：6.01req/s] [内存消耗：2,026.88kb] [文件加载：52]
[ info ] [ LANG ] D:\wwwroot\thinkphp5_765tm6\web\core\lang\zh-cn.php
[ info ] [ ROUTE ] array (
  'type' => 'module',
  'module' => 
  array (
    0 => 'website',
    1 => 'index',
    2 => 'uploads',
  ),
)
[ info ] [ HEADER ] array (
  'content-type' => 'multipart/form-data; boundary=----WebKitFormBoundarygCfJSo1sjzraHAfj',
  'content-length' => '174183',
  'x-original-url' => '/website/index/uploads',
  'x-requested-with' => 'XMLHttpRequest',
  'origin' => 'http://127.0.0.5',
  'user-agent' => 'Mozilla/5.0 (Windows NT 6.3; WOW64) AppleWebKit/537.36 (KHTML, like Gecko) Chrome/55.0.2883.87 Safari/537.36',
  'referer' => 'http://127.0.0.5/website/article/add/cid/3',
  'host' => '127.0.0.5',
  'cookie' => 'PHPSESSID=cc8hn9rq2cmgkeonuu1pn4pmm4',
  'accept-language' => 'zh-CN,zh;q=0.8',
  'accept-encoding' => 'gzip, deflate, br',
  'accept' => 'application/json, text/javascript, */*; q=0.01',
  'connection' => 'keep-alive',
)
[ info ] [ PARAM ] array (
)
[ info ] [ RUN ] app\website\controller\Index->uploads[ D:\wwwroot\thinkphp5_765tm6\web\application\website\controller\Index.php ]
[ info ] [ DB ] INIT mysql
[ info ] [ LOG ] INIT File
[ sql ] [ DB ] CONNECT:[ UseTime:0.009041s ] mysql:host=localhost;port=3306;dbname=mythinkphp5;charset=utf8
[ sql ] [ SQL ] SHOW COLUMNS FROM `Dp_img` [ RunTime:0.026536s ]
[ sql ] [ SQL ] INSERT INTO `Dp_img` (`imgurl`) VALUES ('/public/uploads/20180911/f6dd8704f44ad620c80780f63f9d4957.jpg') [ RunTime:0.001087s ]
---------------------------------------------------------------
[ 2018-09-11T17:56:23+08:00 ] 127.0.0.1 GET /website/article/index/id/3
[ info ] 127.0.0.5/website/article/index/id/3 [运行时间：0.137348s][吞吐率：7.28req/s] [内存消耗：1,156.10kb] [文件加载：39]
[ info ] [ LANG ] D:\wwwroot\thinkphp5_765tm6\web\core\lang\zh-cn.php
[ info ] [ ROUTE ] array (
  'type' => 'module',
  'module' => 
  array (
    0 => 'website',
    1 => 'article',
    2 => 'index',
  ),
)
[ info ] [ HEADER ] array (
  'content-type' => '',
  'content-length' => '0',
  'x-original-url' => '/website/article/index/id/3',
  'upgrade-insecure-requests' => '1',
  'user-agent' => 'Mozilla/5.0 (Windows NT 6.3; WOW64) AppleWebKit/537.36 (KHTML, like Gecko) Chrome/55.0.2883.87 Safari/537.36',
  'referer' => 'http://127.0.0.5/website/article/index/id/3',
  'host' => '127.0.0.5',
  'cookie' => 'PHPSESSID=cc8hn9rq2cmgkeonuu1pn4pmm4',
  'accept-language' => 'zh-CN,zh;q=0.8',
  'accept-encoding' => 'gzip, deflate, sdch, br',
  'accept' => 'text/html,application/xhtml+xml,application/xml;q=0.9,image/webp,*/*;q=0.8',
  'connection' => 'keep-alive',
  'cache-control' => 'max-age=0',
)
[ info ] [ PARAM ] array (
  'id' => '3',
)
[ info ] [ LOG ] INIT File
[ error ] [4]语法错误: unexpected '*'[D:\wwwroot\thinkphp5_765tm6\web\application\website\controller\Article.php:70]
---------------------------------------------------------------
[ 2018-09-11T17:57:01+08:00 ] 127.0.0.1 GET /website/article/index/id/3
[ info ] 127.0.0.5/website/article/index/id/3 [运行时间：0.110106s][吞吐率：9.08req/s] [内存消耗：2,038.19kb] [文件加载：53]
[ info ] [ LANG ] D:\wwwroot\thinkphp5_765tm6\web\core\lang\zh-cn.php
[ info ] [ ROUTE ] array (
  'type' => 'module',
  'module' => 
  array (
    0 => 'website',
    1 => 'article',
    2 => 'index',
  ),
)
[ info ] [ HEADER ] array (
  'content-type' => '',
  'content-length' => '0',
  'x-original-url' => '/website/article/index/id/3',
  'upgrade-insecure-requests' => '1',
  'user-agent' => 'Mozilla/5.0 (Windows NT 6.3; WOW64) AppleWebKit/537.36 (KHTML, like Gecko) Chrome/55.0.2883.87 Safari/537.36',
  'referer' => 'http://127.0.0.5/website/article/index/id/3',
  'host' => '127.0.0.5',
  'cookie' => 'PHPSESSID=cc8hn9rq2cmgkeonuu1pn4pmm4',
  'accept-language' => 'zh-CN,zh;q=0.8',
  'accept-encoding' => 'gzip, deflate, sdch, br',
  'accept' => 'text/html,application/xhtml+xml,application/xml;q=0.9,image/webp,*/*;q=0.8',
  'connection' => 'keep-alive',
  'cache-control' => 'max-age=0',
)
[ info ] [ PARAM ] array (
  'id' => '3',
)
[ info ] [ RUN ] app\website\controller\Article->index[ D:\wwwroot\thinkphp5_765tm6\web\application\website\controller\Article.php ]
[ info ] [ DB ] INIT mysql
[ info ] [ VIEW ] D:\wwwroot\thinkphp5_765tm6\web/application/website\view\article\index.html [ array (
  0 => 'id',
  1 => 'pid',
  2 => 'list',
) ]
[ info ] [ LOG ] INIT File
[ sql ] [ DB ] CONNECT:[ UseTime:0.002185s ] mysql:host=localhost;port=3306;dbname=mythinkphp5;charset=utf8
[ sql ] [ SQL ] SHOW COLUMNS FROM `Dp_cate` [ RunTime:0.009767s ]
[ sql ] [ SQL ] SELECT `id`,`pid`,`name` FROM `Dp_cate` WHERE  `model` = 'article' [ RunTime:0.000815s ]
[ sql ] [ SQL ] SELECT `pid` FROM `Dp_cate` WHERE  `pid` > 0 GROUP BY `pid` [ RunTime:0.000921s ]
---------------------------------------------------------------
[ 2018-09-11T17:57:02+08:00 ] 127.0.0.1 GET /website/article/fpage/id/3?page=1&limit=15
[ info ] 127.0.0.5/website/article/fpage/id/3?page=1&limit=15 [运行时间：0.073417s][吞吐率：13.62req/s] [内存消耗：1,975.44kb] [文件加载：52]
[ info ] [ LANG ] D:\wwwroot\thinkphp5_765tm6\web\core\lang\zh-cn.php
[ info ] [ ROUTE ] array (
  'type' => 'module',
  'module' => 
  array (
    0 => 'website',
    1 => 'article',
    2 => 'fpage',
  ),
)
[ info ] [ HEADER ] array (
  'content-type' => '',
  'content-length' => '0',
  'x-original-url' => '/website/article/fpage/id/3?page=1&limit=15',
  'x-requested-with' => 'XMLHttpRequest',
  'user-agent' => 'Mozilla/5.0 (Windows NT 6.3; WOW64) AppleWebKit/537.36 (KHTML, like Gecko) Chrome/55.0.2883.87 Safari/537.36',
  'referer' => 'http://127.0.0.5/website/article/index/id/3',
  'host' => '127.0.0.5',
  'cookie' => 'PHPSESSID=cc8hn9rq2cmgkeonuu1pn4pmm4',
  'accept-language' => 'zh-CN,zh;q=0.8',
  'accept-encoding' => 'gzip, deflate, sdch, br',
  'accept' => 'application/json, text/javascript, */*; q=0.01',
  'connection' => 'keep-alive',
)
[ info ] [ PARAM ] array (
  'page' => '1',
  'limit' => '15',
  'id' => '3',
)
[ info ] [ RUN ] app\website\controller\Article->fpage[ D:\wwwroot\thinkphp5_765tm6\web\application\website\controller\Article.php ]
[ info ] [ DB ] INIT mysql
[ info ] [ LOG ] INIT File
[ sql ] [ DB ] CONNECT:[ UseTime:0.001582s ] mysql:host=localhost;port=3306;dbname=mythinkphp5;charset=utf8
[ sql ] [ SQL ] SHOW COLUMNS FROM `Dp_article` [ RunTime:0.008972s ]
[ sql ] [ SQL ] SELECT COUNT(*) AS tp_count FROM `Dp_article` WHERE  `del` = 0  AND `cid` = 3 LIMIT 1 [ RunTime:0.000596s ]
[ sql ] [ SQL ] SELECT id,title,pic,tj,FROM_UNIXTIME(time,"%Y-%m-%d") as times,author FROM `Dp_article` WHERE  `del` = 0  AND `cid` = 3 ORDER BY `time` DESC LIMIT 0,15 [ RunTime:0.001267s ]
---------------------------------------------------------------
[ 2018-09-11T17:57:03+08:00 ] 127.0.0.1 GET /website/article/add/cid/3
[ info ] 127.0.0.5/website/article/add/cid/3 [运行时间：0.073982s][吞吐率：13.52req/s] [内存消耗：2,140.38kb] [文件加载：54]
[ info ] [ LANG ] D:\wwwroot\thinkphp5_765tm6\web\core\lang\zh-cn.php
[ info ] [ ROUTE ] array (
  'type' => 'module',
  'module' => 
  array (
    0 => 'website',
    1 => 'article',
    2 => 'add',
  ),
)
[ info ] [ HEADER ] array (
  'content-type' => '',
  'content-length' => '0',
  'x-original-url' => '/website/article/add/cid/3',
  'upgrade-insecure-requests' => '1',
  'user-agent' => 'Mozilla/5.0 (Windows NT 6.3; WOW64) AppleWebKit/537.36 (KHTML, like Gecko) Chrome/55.0.2883.87 Safari/537.36',
  'referer' => 'http://127.0.0.5/website/article/index/id/3',
  'host' => '127.0.0.5',
  'cookie' => 'PHPSESSID=cc8hn9rq2cmgkeonuu1pn4pmm4',
  'accept-language' => 'zh-CN,zh;q=0.8',
  'accept-encoding' => 'gzip, deflate, sdch, br',
  'accept' => 'text/html,application/xhtml+xml,application/xml;q=0.9,image/webp,*/*;q=0.8',
  'connection' => 'keep-alive',
)
[ info ] [ PARAM ] array (
  'cid' => '3',
)
[ info ] [ RUN ] app\website\controller\Article->add[ D:\wwwroot\thinkphp5_765tm6\web\application\website\controller\Article.php ]
[ info ] [ DB ] INIT mysql
[ info ] [ VIEW ] D:\wwwroot\thinkphp5_765tm6\web/application/website\view\article\add.html [ array (
  0 => 'cid',
  1 => 'sub',
) ]
[ info ] [ LOG ] INIT File
[ sql ] [ DB ] CONNECT:[ UseTime:0.001489s ] mysql:host=localhost;port=3306;dbname=mythinkphp5;charset=utf8
[ sql ] [ SQL ] SHOW COLUMNS FROM `Dp_subject` [ RunTime:0.008920s ]
[ sql ] [ SQL ] SELECT `id`,`subname` FROM `Dp_subject` ORDER BY `order` ASC [ RunTime:0.000390s ]
---------------------------------------------------------------
[ 2018-09-11T17:57:22+08:00 ] 127.0.0.1 POST /website/index/uploads
[ info ] 127.0.0.5/website/index/uploads [运行时间：0.108032s][吞吐率：9.26req/s] [内存消耗：2,026.95kb] [文件加载：52]
[ info ] [ LANG ] D:\wwwroot\thinkphp5_765tm6\web\core\lang\zh-cn.php
[ info ] [ ROUTE ] array (
  'type' => 'module',
  'module' => 
  array (
    0 => 'website',
    1 => 'index',
    2 => 'uploads',
  ),
)
[ info ] [ HEADER ] array (
  'content-type' => 'multipart/form-data; boundary=----WebKitFormBoundaryebHm942npYBsWLLA',
  'content-length' => '96683',
  'x-original-url' => '/website/index/uploads',
  'x-requested-with' => 'XMLHttpRequest',
  'origin' => 'http://127.0.0.5',
  'user-agent' => 'Mozilla/5.0 (Windows NT 6.3; WOW64) AppleWebKit/537.36 (KHTML, like Gecko) Chrome/55.0.2883.87 Safari/537.36',
  'referer' => 'http://127.0.0.5/website/article/add/cid/3',
  'host' => '127.0.0.5',
  'cookie' => 'PHPSESSID=cc8hn9rq2cmgkeonuu1pn4pmm4',
  'accept-language' => 'zh-CN,zh;q=0.8',
  'accept-encoding' => 'gzip, deflate, br',
  'accept' => 'application/json, text/javascript, */*; q=0.01',
  'connection' => 'keep-alive',
)
[ info ] [ PARAM ] array (
)
[ info ] [ RUN ] app\website\controller\Index->uploads[ D:\wwwroot\thinkphp5_765tm6\web\application\website\controller\Index.php ]
[ info ] [ DB ] INIT mysql
[ info ] [ LOG ] INIT File
[ sql ] [ DB ] CONNECT:[ UseTime:0.002403s ] mysql:host=localhost;port=3306;dbname=mythinkphp5;charset=utf8
[ sql ] [ SQL ] SHOW COLUMNS FROM `Dp_img` [ RunTime:0.010695s ]
[ sql ] [ SQL ] INSERT INTO `Dp_img` (`imgurl`) VALUES ('/public/uploads/20180911/2a42bc07a81f36835563fcce73aaa535.jpg') [ RunTime:0.000744s ]
---------------------------------------------------------------
[ 2018-09-11T17:57:22+08:00 ] 127.0.0.1 POST /website/index/uploads
[ info ] 127.0.0.5/website/index/uploads [运行时间：0.105219s][吞吐率：9.50req/s] [内存消耗：2,026.85kb] [文件加载：52]
[ info ] [ LANG ] D:\wwwroot\thinkphp5_765tm6\web\core\lang\zh-cn.php
[ info ] [ ROUTE ] array (
  'type' => 'module',
  'module' => 
  array (
    0 => 'website',
    1 => 'index',
    2 => 'uploads',
  ),
)
[ info ] [ HEADER ] array (
  'content-type' => 'multipart/form-data; boundary=----WebKitFormBoundaryJncMaAXI6ZTGc4n8',
  'content-length' => '134660',
  'x-original-url' => '/website/index/uploads',
  'x-requested-with' => 'XMLHttpRequest',
  'origin' => 'http://127.0.0.5',
  'user-agent' => 'Mozilla/5.0 (Windows NT 6.3; WOW64) AppleWebKit/537.36 (KHTML, like Gecko) Chrome/55.0.2883.87 Safari/537.36',
  'referer' => 'http://127.0.0.5/website/article/add/cid/3',
  'host' => '127.0.0.5',
  'cookie' => 'PHPSESSID=cc8hn9rq2cmgkeonuu1pn4pmm4',
  'accept-language' => 'zh-CN,zh;q=0.8',
  'accept-encoding' => 'gzip, deflate, br',
  'accept' => 'application/json, text/javascript, */*; q=0.01',
  'connection' => 'keep-alive',
)
[ info ] [ PARAM ] array (
)
[ info ] [ RUN ] app\website\controller\Index->uploads[ D:\wwwroot\thinkphp5_765tm6\web\application\website\controller\Index.php ]
[ info ] [ DB ] INIT mysql
[ info ] [ LOG ] INIT File
[ sql ] [ DB ] CONNECT:[ UseTime:0.002078s ] mysql:host=localhost;port=3306;dbname=mythinkphp5;charset=utf8
[ sql ] [ SQL ] SHOW COLUMNS FROM `Dp_img` [ RunTime:0.013775s ]
[ sql ] [ SQL ] INSERT INTO `Dp_img` (`imgurl`) VALUES ('/public/uploads/20180911/2b10a6ff4a033959de6427f31ed6caf2.jpg') [ RunTime:0.000663s ]
---------------------------------------------------------------
[ 2018-09-11T17:59:10+08:00 ] 127.0.0.1 GET /website/index
[ info ] 127.0.0.5/website/index [运行时间：0.065580s][吞吐率：15.25req/s] [内存消耗：1,383.52kb] [文件加载：45]
[ info ] [ LANG ] D:\wwwroot\thinkphp5_765tm6\web\core\lang\zh-cn.php
[ info ] [ ROUTE ] array (
  'type' => 'module',
  'module' => 
  array (
    0 => 'website',
    1 => 'index',
    2 => NULL,
  ),
)
[ info ] [ HEADER ] array (
  'content-type' => '',
  'content-length' => '0',
  'x-original-url' => '/website/index',
  'upgrade-insecure-requests' => '1',
  'user-agent' => 'Mozilla/5.0 (Windows NT 6.3; WOW64) AppleWebKit/537.36 (KHTML, like Gecko) Chrome/55.0.2883.87 Safari/537.36',
  'host' => '127.0.0.5',
  'cookie' => 'PHPSESSID=cc8hn9rq2cmgkeonuu1pn4pmm4',
  'accept-language' => 'zh-CN,zh;q=0.8',
  'accept-encoding' => 'gzip, deflate, sdch, br',
  'accept' => 'text/html,application/xhtml+xml,application/xml;q=0.9,image/webp,*/*;q=0.8',
  'connection' => 'keep-alive',
  'cache-control' => 'max-age=0',
)
[ info ] [ PARAM ] array (
)
[ info ] [ RUN ] app\website\controller\Index->index[ D:\wwwroot\thinkphp5_765tm6\web\application\website\controller\Index.php ]
[ info ] [ VIEW ] D:\wwwroot\thinkphp5_765tm6\web/application/website\view\index\index.html [ array (
) ]
[ info ] [ SESSION ] INIT array (
  'id' => '',
  'var_session_id' => '',
  'prefix' => 'Dp',
  'type' => '',
  'auto_start' => true,
)
[ info ] [ LOG ] INIT File
---------------------------------------------------------------
[ 2018-09-11T17:59:10+08:00 ] 127.0.0.1 GET /website/index/main.html
[ info ] 127.0.0.5/website/index/main.html [运行时间：0.042577s][吞吐率：23.49req/s] [内存消耗：1,334.56kb] [文件加载：44]
[ info ] [ LANG ] D:\wwwroot\thinkphp5_765tm6\web\core\lang\zh-cn.php
[ info ] [ ROUTE ] array (
  'type' => 'module',
  'module' => 
  array (
    0 => 'website',
    1 => 'index',
    2 => 'main',
  ),
)
[ info ] [ HEADER ] array (
  'content-type' => '',
  'content-length' => '0',
  'x-original-url' => '/website/index/main.html',
  'upgrade-insecure-requests' => '1',
  'user-agent' => 'Mozilla/5.0 (Windows NT 6.3; WOW64) AppleWebKit/537.36 (KHTML, like Gecko) Chrome/55.0.2883.87 Safari/537.36',
  'referer' => 'http://127.0.0.5/website/index',
  'host' => '127.0.0.5',
  'cookie' => 'PHPSESSID=cc8hn9rq2cmgkeonuu1pn4pmm4',
  'accept-language' => 'zh-CN,zh;q=0.8',
  'accept-encoding' => 'gzip, deflate, sdch, br',
  'accept' => 'text/html,application/xhtml+xml,application/xml;q=0.9,image/webp,*/*;q=0.8',
  'connection' => 'keep-alive',
)
[ info ] [ PARAM ] array (
)
[ info ] [ RUN ] app\website\controller\Index->main[ D:\wwwroot\thinkphp5_765tm6\web\application\website\controller\Index.php ]
[ info ] [ VIEW ] D:\wwwroot\thinkphp5_765tm6\web/application/website\view\index\main.html [ array (
) ]
[ info ] [ LOG ] INIT File
---------------------------------------------------------------
[ 2018-09-11T17:59:13+08:00 ] 127.0.0.1 GET /website/article/index/id/3
[ info ] 127.0.0.5/website/article/index/id/3 [运行时间：0.104151s][吞吐率：9.60req/s] [内存消耗：2,037.99kb] [文件加载：53]
[ info ] [ LANG ] D:\wwwroot\thinkphp5_765tm6\web\core\lang\zh-cn.php
[ info ] [ ROUTE ] array (
  'type' => 'module',
  'module' => 
  array (
    0 => 'website',
    1 => 'article',
    2 => 'index',
  ),
)
[ info ] [ HEADER ] array (
  'content-type' => '',
  'content-length' => '0',
  'x-original-url' => '/website/article/index/id/3',
  'upgrade-insecure-requests' => '1',
  'user-agent' => 'Mozilla/5.0 (Windows NT 6.3; WOW64) AppleWebKit/537.36 (KHTML, like Gecko) Chrome/55.0.2883.87 Safari/537.36',
  'referer' => 'http://127.0.0.5/website/index',
  'host' => '127.0.0.5',
  'cookie' => 'PHPSESSID=cc8hn9rq2cmgkeonuu1pn4pmm4',
  'accept-language' => 'zh-CN,zh;q=0.8',
  'accept-encoding' => 'gzip, deflate, sdch, br',
  'accept' => 'text/html,application/xhtml+xml,application/xml;q=0.9,image/webp,*/*;q=0.8',
  'connection' => 'keep-alive',
)
[ info ] [ PARAM ] array (
  'id' => '3',
)
[ info ] [ RUN ] app\website\controller\Article->index[ D:\wwwroot\thinkphp5_765tm6\web\application\website\controller\Article.php ]
[ info ] [ DB ] INIT mysql
[ info ] [ VIEW ] D:\wwwroot\thinkphp5_765tm6\web/application/website\view\article\index.html [ array (
  0 => 'id',
  1 => 'pid',
  2 => 'list',
) ]
[ info ] [ LOG ] INIT File
[ sql ] [ DB ] CONNECT:[ UseTime:0.002646s ] mysql:host=localhost;port=3306;dbname=mythinkphp5;charset=utf8
[ sql ] [ SQL ] SHOW COLUMNS FROM `Dp_cate` [ RunTime:0.010634s ]
[ sql ] [ SQL ] SELECT `id`,`pid`,`name` FROM `Dp_cate` WHERE  `model` = 'article' [ RunTime:0.000832s ]
[ sql ] [ SQL ] SELECT `pid` FROM `Dp_cate` WHERE  `pid` > 0 GROUP BY `pid` [ RunTime:0.002659s ]
---------------------------------------------------------------
[ 2018-09-11T17:59:14+08:00 ] 127.0.0.1 GET /website/article/fpage/id/3?page=1&limit=15
[ info ] 127.0.0.5/website/article/fpage/id/3?page=1&limit=15 [运行时间：0.090054s][吞吐率：11.10req/s] [内存消耗：1,975.44kb] [文件加载：52]
[ info ] [ LANG ] D:\wwwroot\thinkphp5_765tm6\web\core\lang\zh-cn.php
[ info ] [ ROUTE ] array (
  'type' => 'module',
  'module' => 
  array (
    0 => 'website',
    1 => 'article',
    2 => 'fpage',
  ),
)
[ info ] [ HEADER ] array (
  'content-type' => '',
  'content-length' => '0',
  'x-original-url' => '/website/article/fpage/id/3?page=1&limit=15',
  'x-requested-with' => 'XMLHttpRequest',
  'user-agent' => 'Mozilla/5.0 (Windows NT 6.3; WOW64) AppleWebKit/537.36 (KHTML, like Gecko) Chrome/55.0.2883.87 Safari/537.36',
  'referer' => 'http://127.0.0.5/website/article/index/id/3',
  'host' => '127.0.0.5',
  'cookie' => 'PHPSESSID=cc8hn9rq2cmgkeonuu1pn4pmm4',
  'accept-language' => 'zh-CN,zh;q=0.8',
  'accept-encoding' => 'gzip, deflate, sdch, br',
  'accept' => 'application/json, text/javascript, */*; q=0.01',
  'connection' => 'keep-alive',
)
[ info ] [ PARAM ] array (
  'page' => '1',
  'limit' => '15',
  'id' => '3',
)
[ info ] [ RUN ] app\website\controller\Article->fpage[ D:\wwwroot\thinkphp5_765tm6\web\application\website\controller\Article.php ]
[ info ] [ DB ] INIT mysql
[ info ] [ LOG ] INIT File
[ sql ] [ DB ] CONNECT:[ UseTime:0.002384s ] mysql:host=localhost;port=3306;dbname=mythinkphp5;charset=utf8
[ sql ] [ SQL ] SHOW COLUMNS FROM `Dp_article` [ RunTime:0.012165s ]
[ sql ] [ SQL ] SELECT COUNT(*) AS tp_count FROM `Dp_article` WHERE  `del` = 0  AND `cid` = 3 LIMIT 1 [ RunTime:0.000939s ]
[ sql ] [ SQL ] SELECT id,title,pic,tj,FROM_UNIXTIME(time,"%Y-%m-%d") as times,author FROM `Dp_article` WHERE  `del` = 0  AND `cid` = 3 ORDER BY `time` DESC LIMIT 0,15 [ RunTime:0.001285s ]
---------------------------------------------------------------
[ 2018-09-11T17:59:18+08:00 ] 127.0.0.1 GET /website/article/add/cid/3
[ info ] 127.0.0.5/website/article/add/cid/3 [运行时间：0.113974s][吞吐率：8.77req/s] [内存消耗：2,140.38kb] [文件加载：54]
[ info ] [ LANG ] D:\wwwroot\thinkphp5_765tm6\web\core\lang\zh-cn.php
[ info ] [ ROUTE ] array (
  'type' => 'module',
  'module' => 
  array (
    0 => 'website',
    1 => 'article',
    2 => 'add',
  ),
)
[ info ] [ HEADER ] array (
  'content-type' => '',
  'content-length' => '0',
  'x-original-url' => '/website/article/add/cid/3',
  'upgrade-insecure-requests' => '1',
  'user-agent' => 'Mozilla/5.0 (Windows NT 6.3; WOW64) AppleWebKit/537.36 (KHTML, like Gecko) Chrome/55.0.2883.87 Safari/537.36',
  'referer' => 'http://127.0.0.5/website/article/index/id/3',
  'host' => '127.0.0.5',
  'cookie' => 'PHPSESSID=cc8hn9rq2cmgkeonuu1pn4pmm4',
  'accept-language' => 'zh-CN,zh;q=0.8',
  'accept-encoding' => 'gzip, deflate, sdch, br',
  'accept' => 'text/html,application/xhtml+xml,application/xml;q=0.9,image/webp,*/*;q=0.8',
  'connection' => 'keep-alive',
)
[ info ] [ PARAM ] array (
  'cid' => '3',
)
[ info ] [ RUN ] app\website\controller\Article->add[ D:\wwwroot\thinkphp5_765tm6\web\application\website\controller\Article.php ]
[ info ] [ DB ] INIT mysql
[ info ] [ VIEW ] D:\wwwroot\thinkphp5_765tm6\web/application/website\view\article\add.html [ array (
  0 => 'cid',
  1 => 'sub',
) ]
[ info ] [ LOG ] INIT File
[ sql ] [ DB ] CONNECT:[ UseTime:0.012496s ] mysql:host=localhost;port=3306;dbname=mythinkphp5;charset=utf8
[ sql ] [ SQL ] SHOW COLUMNS FROM `Dp_subject` [ RunTime:0.010622s ]
[ sql ] [ SQL ] SELECT `id`,`subname` FROM `Dp_subject` ORDER BY `order` ASC [ RunTime:0.000504s ]
---------------------------------------------------------------
[ 2018-09-11T17:59:47+08:00 ] 127.0.0.1 POST /website/index/uploads
[ info ] 127.0.0.5/website/index/uploads [运行时间：0.136647s][吞吐率：7.32req/s] [内存消耗：2,026.85kb] [文件加载：52]
[ info ] [ LANG ] D:\wwwroot\thinkphp5_765tm6\web\core\lang\zh-cn.php
[ info ] [ ROUTE ] array (
  'type' => 'module',
  'module' => 
  array (
    0 => 'website',
    1 => 'index',
    2 => 'uploads',
  ),
)
[ info ] [ HEADER ] array (
  'content-type' => 'multipart/form-data; boundary=----WebKitFormBoundaryxB59BvWNdDLQBfT9',
  'content-length' => '134660',
  'x-original-url' => '/website/index/uploads',
  'x-requested-with' => 'XMLHttpRequest',
  'origin' => 'http://127.0.0.5',
  'user-agent' => 'Mozilla/5.0 (Windows NT 6.3; WOW64) AppleWebKit/537.36 (KHTML, like Gecko) Chrome/55.0.2883.87 Safari/537.36',
  'referer' => 'http://127.0.0.5/website/article/add/cid/3',
  'host' => '127.0.0.5',
  'cookie' => 'PHPSESSID=cc8hn9rq2cmgkeonuu1pn4pmm4',
  'accept-language' => 'zh-CN,zh;q=0.8',
  'accept-encoding' => 'gzip, deflate, br',
  'accept' => 'application/json, text/javascript, */*; q=0.01',
  'connection' => 'keep-alive',
)
[ info ] [ PARAM ] array (
)
[ info ] [ RUN ] app\website\controller\Index->uploads[ D:\wwwroot\thinkphp5_765tm6\web\application\website\controller\Index.php ]
[ info ] [ DB ] INIT mysql
[ info ] [ LOG ] INIT File
[ sql ] [ DB ] CONNECT:[ UseTime:0.002153s ] mysql:host=localhost;port=3306;dbname=mythinkphp5;charset=utf8
[ sql ] [ SQL ] SHOW COLUMNS FROM `Dp_img` [ RunTime:0.012400s ]
[ sql ] [ SQL ] INSERT INTO `Dp_img` (`imgurl`) VALUES ('/public/uploads/20180911/dcb2a7176252e6d26ece9fe381135a60.jpg') [ RunTime:0.002744s ]
---------------------------------------------------------------
[ 2018-09-11T17:59:47+08:00 ] 127.0.0.1 POST /website/index/uploads
[ info ] 127.0.0.5/website/index/uploads [运行时间：0.104420s][吞吐率：9.58req/s] [内存消耗：2,026.85kb] [文件加载：52]
[ info ] [ LANG ] D:\wwwroot\thinkphp5_765tm6\web\core\lang\zh-cn.php
[ info ] [ ROUTE ] array (
  'type' => 'module',
  'module' => 
  array (
    0 => 'website',
    1 => 'index',
    2 => 'uploads',
  ),
)
[ info ] [ HEADER ] array (
  'content-type' => 'multipart/form-data; boundary=----WebKitFormBoundaryIoGruIZfi8Nna8Bz',
  'content-length' => '179771',
  'x-original-url' => '/website/index/uploads',
  'x-requested-with' => 'XMLHttpRequest',
  'origin' => 'http://127.0.0.5',
  'user-agent' => 'Mozilla/5.0 (Windows NT 6.3; WOW64) AppleWebKit/537.36 (KHTML, like Gecko) Chrome/55.0.2883.87 Safari/537.36',
  'referer' => 'http://127.0.0.5/website/article/add/cid/3',
  'host' => '127.0.0.5',
  'cookie' => 'PHPSESSID=cc8hn9rq2cmgkeonuu1pn4pmm4',
  'accept-language' => 'zh-CN,zh;q=0.8',
  'accept-encoding' => 'gzip, deflate, br',
  'accept' => 'application/json, text/javascript, */*; q=0.01',
  'connection' => 'keep-alive',
)
[ info ] [ PARAM ] array (
)
[ info ] [ RUN ] app\website\controller\Index->uploads[ D:\wwwroot\thinkphp5_765tm6\web\application\website\controller\Index.php ]
[ info ] [ DB ] INIT mysql
[ info ] [ LOG ] INIT File
[ sql ] [ DB ] CONNECT:[ UseTime:0.002695s ] mysql:host=localhost;port=3306;dbname=mythinkphp5;charset=utf8
[ sql ] [ SQL ] SHOW COLUMNS FROM `Dp_img` [ RunTime:0.011305s ]
[ sql ] [ SQL ] INSERT INTO `Dp_img` (`imgurl`) VALUES ('/public/uploads/20180911/01d99d86383ba6c1286c4249f37eee74.jpg') [ RunTime:0.000691s ]
