---------------------------------------------------------------
[ 2018-10-25T17:08:25+08:00 ] 127.0.0.1 POST /website/index/clear
[ info ] 127.0.0.5/website/index/clear [运行时间：0.130806s][吞吐率：7.64req/s] [内存消耗：1,970.20kb] [文件加载：52]
[ info ] [ DB ] INIT mysql
[ info ] [ LANG ] D:\wwwroot\thinkphp5_765tm6\web\core\lang\zh-cn.php
[ info ] [ ROUTE ] array (
  'type' => 'module',
  'module' => 
  array (
    0 => 'website',
    1 => 'index',
    2 => 'clear',
  ),
)
[ info ] [ HEADER ] array (
  'content-type' => '',
  'content-length' => '0',
  'x-original-url' => '/website/index/clear',
  'x-requested-with' => 'XMLHttpRequest',
  'origin' => 'http://127.0.0.5',
  'user-agent' => 'Mozilla/5.0 (Windows NT 6.3; WOW64) AppleWebKit/537.36 (KHTML, like Gecko) Chrome/55.0.2883.87 Safari/537.36',
  'referer' => 'http://127.0.0.5/website/index',
  'host' => '127.0.0.5',
  'cookie' => 'Hm_lvt_04fab3def376a222f35762aa47e96232=1539929747; PHPSESSID=6mf5d2l1e2cpkr96l4cna0m0b3',
  'accept-language' => 'zh-CN,zh;q=0.8',
  'accept-encoding' => 'gzip, deflate, br',
  'accept' => '*/*',
  'connection' => 'keep-alive',
)
[ info ] [ PARAM ] array (
)
[ info ] [ RUN ] app\website\controller\Index->clear[ D:\wwwroot\thinkphp5_765tm6\web\application\website\controller\Index.php ]
[ info ] [ LOG ] INIT File
[ sql ] [ DB ] CONNECT:[ UseTime:0.011812s ] mysql:host=localhost;port=3306;dbname=mythinkphp5;charset=utf8
[ sql ] [ SQL ] SHOW COLUMNS FROM `Dp_sets` [ RunTime:0.010797s ]
[ sql ] [ SQL ] SELECT `content` FROM `Dp_sets` WHERE  `name` = 'mail' LIMIT 1 [ RunTime:0.001305s ]
[ sql ] [ SQL ] SELECT `content` FROM `Dp_sets` WHERE  `name` = 'wechat' LIMIT 1 [ RunTime:0.003066s ]
---------------------------------------------------------------
[ 2018-10-25T17:08:28+08:00 ] 127.0.0.1 GET /website/index/getmenu/id/2
[ info ] 127.0.0.5/website/index/getmenu/id/2 [运行时间：0.129814s][吞吐率：7.70req/s] [内存消耗：2,052.83kb] [文件加载：54]
[ info ] [ DB ] INIT mysql
[ info ] [ LANG ] D:\wwwroot\thinkphp5_765tm6\web\core\lang\zh-cn.php
[ info ] [ ROUTE ] array (
  'type' => 'module',
  'module' => 
  array (
    0 => 'website',
    1 => 'index',
    2 => 'getmenu',
  ),
)
[ info ] [ HEADER ] array (
  'content-type' => '',
  'content-length' => '0',
  'x-original-url' => '/website/index/getmenu/id/2',
  'x-requested-with' => 'XMLHttpRequest',
  'user-agent' => 'Mozilla/5.0 (Windows NT 6.3; WOW64) AppleWebKit/537.36 (KHTML, like Gecko) Chrome/55.0.2883.87 Safari/537.36',
  'referer' => 'http://127.0.0.5/website/index',
  'host' => '127.0.0.5',
  'cookie' => 'Hm_lvt_04fab3def376a222f35762aa47e96232=1539929747; PHPSESSID=6mf5d2l1e2cpkr96l4cna0m0b3',
  'accept-language' => 'zh-CN,zh;q=0.8',
  'accept-encoding' => 'gzip, deflate, sdch, br',
  'accept' => 'application/json, text/javascript, */*; q=0.01',
  'connection' => 'keep-alive',
)
[ info ] [ PARAM ] array (
  'id' => '2',
)
[ info ] [ RUN ] app\website\controller\Index->getmenu[ D:\wwwroot\thinkphp5_765tm6\web\application\website\controller\Index.php ]
[ info ] [ LOG ] INIT File
[ sql ] [ DB ] CONNECT:[ UseTime:0.011818s ] mysql:host=localhost;port=3306;dbname=mythinkphp5;charset=utf8
[ sql ] [ SQL ] SHOW COLUMNS FROM `Dp_sets` [ RunTime:0.010224s ]
[ sql ] [ SQL ] SELECT `content` FROM `Dp_sets` WHERE  `name` = 'mail' LIMIT 1 [ RunTime:0.000740s ]
[ sql ] [ SQL ] SELECT `content` FROM `Dp_sets` WHERE  `name` = 'wechat' LIMIT 1 [ RunTime:0.000658s ]
[ sql ] [ SQL ] SHOW COLUMNS FROM `Dp_cate` [ RunTime:0.011223s ]
[ sql ] [ SQL ] SELECT `id`,`pid`,`name` AS `title`,`model`,`orders` FROM `Dp_cate` WHERE  `isf` = 1  AND `model` <> 'link' ORDER BY `orders` ASC,`id` ASC [ RunTime:0.000842s ]
---------------------------------------------------------------
[ 2018-10-25T17:08:33+08:00 ] 127.0.0.1 GET /website/article/index/id/9
[ info ] 127.0.0.5/website/article/index/id/9 [运行时间：0.144677s][吞吐率：6.91req/s] [内存消耗：2,187.32kb] [文件加载：56]
[ info ] [ DB ] INIT mysql
[ info ] [ LANG ] D:\wwwroot\thinkphp5_765tm6\web\core\lang\zh-cn.php
[ info ] [ ROUTE ] array (
  'type' => 'module',
  'module' => 
  array (
    0 => 'website',
    1 => 'article',
    2 => 'index',
  ),
)
[ info ] [ HEADER ] array (
  'content-type' => '',
  'content-length' => '0',
  'x-original-url' => '/website/article/index/id/9',
  'upgrade-insecure-requests' => '1',
  'user-agent' => 'Mozilla/5.0 (Windows NT 6.3; WOW64) AppleWebKit/537.36 (KHTML, like Gecko) Chrome/55.0.2883.87 Safari/537.36',
  'referer' => 'http://127.0.0.5/website/index',
  'host' => '127.0.0.5',
  'cookie' => 'Hm_lvt_04fab3def376a222f35762aa47e96232=1539929747; PHPSESSID=6mf5d2l1e2cpkr96l4cna0m0b3',
  'accept-language' => 'zh-CN,zh;q=0.8',
  'accept-encoding' => 'gzip, deflate, sdch, br',
  'accept' => 'text/html,application/xhtml+xml,application/xml;q=0.9,image/webp,*/*;q=0.8',
  'connection' => 'keep-alive',
)
[ info ] [ PARAM ] array (
  'id' => '9',
)
[ info ] [ RUN ] app\website\controller\Article->index[ D:\wwwroot\thinkphp5_765tm6\web\application\website\controller\Article.php ]
[ info ] [ VIEW ] D:\wwwroot\thinkphp5_765tm6\web/application/website\view\article\index.html [ array (
  0 => 'id',
  1 => 'pid',
  2 => 'list',
) ]
[ info ] [ LOG ] INIT File
[ sql ] [ DB ] CONNECT:[ UseTime:0.002779s ] mysql:host=localhost;port=3306;dbname=mythinkphp5;charset=utf8
[ sql ] [ SQL ] SHOW COLUMNS FROM `Dp_sets` [ RunTime:0.014410s ]
[ sql ] [ SQL ] SELECT `content` FROM `Dp_sets` WHERE  `name` = 'mail' LIMIT 1 [ RunTime:0.001395s ]
[ sql ] [ SQL ] SELECT `content` FROM `Dp_sets` WHERE  `name` = 'wechat' LIMIT 1 [ RunTime:0.001314s ]
[ sql ] [ SQL ] SHOW COLUMNS FROM `Dp_cate` [ RunTime:0.013305s ]
[ sql ] [ SQL ] SELECT `id`,`pid`,`name` FROM `Dp_cate` WHERE  `model` = 'article' [ RunTime:0.001037s ]
[ sql ] [ SQL ] SELECT `pid` FROM `Dp_cate` WHERE  `pid` > 0 GROUP BY `pid` [ RunTime:0.001006s ]
---------------------------------------------------------------
[ 2018-10-25T17:08:34+08:00 ] 127.0.0.1 GET /website/article/fpage/id/9?page=1&limit=15
[ info ] 127.0.0.5/website/article/fpage/id/9?page=1&limit=15 [运行时间：0.143535s][吞吐率：6.97req/s] [内存消耗：2,003.10kb] [文件加载：53]
[ info ] [ DB ] INIT mysql
[ info ] [ LANG ] D:\wwwroot\thinkphp5_765tm6\web\core\lang\zh-cn.php
[ info ] [ ROUTE ] array (
  'type' => 'module',
  'module' => 
  array (
    0 => 'website',
    1 => 'article',
    2 => 'fpage',
  ),
)
[ info ] [ HEADER ] array (
  'content-type' => '',
  'content-length' => '0',
  'x-original-url' => '/website/article/fpage/id/9?page=1&limit=15',
  'x-requested-with' => 'XMLHttpRequest',
  'user-agent' => 'Mozilla/5.0 (Windows NT 6.3; WOW64) AppleWebKit/537.36 (KHTML, like Gecko) Chrome/55.0.2883.87 Safari/537.36',
  'referer' => 'http://127.0.0.5/website/article/index/id/9',
  'host' => '127.0.0.5',
  'cookie' => 'Hm_lvt_04fab3def376a222f35762aa47e96232=1539929747; PHPSESSID=6mf5d2l1e2cpkr96l4cna0m0b3',
  'accept-language' => 'zh-CN,zh;q=0.8',
  'accept-encoding' => 'gzip, deflate, sdch, br',
  'accept' => 'application/json, text/javascript, */*; q=0.01',
  'connection' => 'keep-alive',
)
[ info ] [ PARAM ] array (
  'page' => '1',
  'limit' => '15',
  'id' => '9',
)
[ info ] [ RUN ] app\website\controller\Article->fpage[ D:\wwwroot\thinkphp5_765tm6\web\application\website\controller\Article.php ]
[ info ] [ LOG ] INIT File
[ sql ] [ DB ] CONNECT:[ UseTime:0.002301s ] mysql:host=localhost;port=3306;dbname=mythinkphp5;charset=utf8
[ sql ] [ SQL ] SHOW COLUMNS FROM `Dp_sets` [ RunTime:0.012319s ]
[ sql ] [ SQL ] SELECT `content` FROM `Dp_sets` WHERE  `name` = 'mail' LIMIT 1 [ RunTime:0.000970s ]
[ sql ] [ SQL ] SELECT `content` FROM `Dp_sets` WHERE  `name` = 'wechat' LIMIT 1 [ RunTime:0.002056s ]
[ sql ] [ SQL ] SHOW COLUMNS FROM `Dp_article` [ RunTime:0.015127s ]
[ sql ] [ SQL ] SELECT COUNT(*) AS tp_count FROM `Dp_article` WHERE  `del` = 0  AND `cid` = 9 LIMIT 1 [ RunTime:0.001908s ]
[ sql ] [ SQL ] SELECT id,title,pic,tj,FROM_UNIXTIME(time,"%Y-%m-%d") as times,author FROM `Dp_article` WHERE  `del` = 0  AND `cid` = 9 ORDER BY `time` DESC LIMIT 0,15 [ RunTime:0.000691s ]
---------------------------------------------------------------
[ 2018-10-25T17:08:35+08:00 ] 127.0.0.1 GET /website/article/index/id/8
[ info ] 127.0.0.5/website/article/index/id/8 [运行时间：0.138174s][吞吐率：7.24req/s] [内存消耗：2,069.66kb] [文件加载：54]
[ info ] [ DB ] INIT mysql
[ info ] [ LANG ] D:\wwwroot\thinkphp5_765tm6\web\core\lang\zh-cn.php
[ info ] [ ROUTE ] array (
  'type' => 'module',
  'module' => 
  array (
    0 => 'website',
    1 => 'article',
    2 => 'index',
  ),
)
[ info ] [ HEADER ] array (
  'content-type' => '',
  'content-length' => '0',
  'x-original-url' => '/website/article/index/id/8',
  'upgrade-insecure-requests' => '1',
  'user-agent' => 'Mozilla/5.0 (Windows NT 6.3; WOW64) AppleWebKit/537.36 (KHTML, like Gecko) Chrome/55.0.2883.87 Safari/537.36',
  'referer' => 'http://127.0.0.5/website/index',
  'host' => '127.0.0.5',
  'cookie' => 'Hm_lvt_04fab3def376a222f35762aa47e96232=1539929747; PHPSESSID=6mf5d2l1e2cpkr96l4cna0m0b3',
  'accept-language' => 'zh-CN,zh;q=0.8',
  'accept-encoding' => 'gzip, deflate, sdch, br',
  'accept' => 'text/html,application/xhtml+xml,application/xml;q=0.9,image/webp,*/*;q=0.8',
  'connection' => 'keep-alive',
)
[ info ] [ PARAM ] array (
  'id' => '8',
)
[ info ] [ RUN ] app\website\controller\Article->index[ D:\wwwroot\thinkphp5_765tm6\web\application\website\controller\Article.php ]
[ info ] [ VIEW ] D:\wwwroot\thinkphp5_765tm6\web/application/website\view\article\index.html [ array (
  0 => 'id',
  1 => 'pid',
  2 => 'list',
) ]
[ info ] [ LOG ] INIT File
[ sql ] [ DB ] CONNECT:[ UseTime:0.003770s ] mysql:host=localhost;port=3306;dbname=mythinkphp5;charset=utf8
[ sql ] [ SQL ] SHOW COLUMNS FROM `Dp_sets` [ RunTime:0.016400s ]
[ sql ] [ SQL ] SELECT `content` FROM `Dp_sets` WHERE  `name` = 'mail' LIMIT 1 [ RunTime:0.000680s ]
[ sql ] [ SQL ] SELECT `content` FROM `Dp_sets` WHERE  `name` = 'wechat' LIMIT 1 [ RunTime:0.002418s ]
[ sql ] [ SQL ] SHOW COLUMNS FROM `Dp_cate` [ RunTime:0.015709s ]
[ sql ] [ SQL ] SELECT `id`,`pid`,`name` FROM `Dp_cate` WHERE  `model` = 'article' [ RunTime:0.001346s ]
[ sql ] [ SQL ] SELECT `pid` FROM `Dp_cate` WHERE  `pid` > 0 GROUP BY `pid` [ RunTime:0.002641s ]
---------------------------------------------------------------
[ 2018-10-25T17:08:35+08:00 ] 127.0.0.1 GET /website/article/fpage/id/8?page=1&limit=15
[ info ] 127.0.0.5/website/article/fpage/id/8?page=1&limit=15 [运行时间：0.113514s][吞吐率：8.81req/s] [内存消耗：2,003.10kb] [文件加载：53]
[ info ] [ DB ] INIT mysql
[ info ] [ LANG ] D:\wwwroot\thinkphp5_765tm6\web\core\lang\zh-cn.php
[ info ] [ ROUTE ] array (
  'type' => 'module',
  'module' => 
  array (
    0 => 'website',
    1 => 'article',
    2 => 'fpage',
  ),
)
[ info ] [ HEADER ] array (
  'content-type' => '',
  'content-length' => '0',
  'x-original-url' => '/website/article/fpage/id/8?page=1&limit=15',
  'x-requested-with' => 'XMLHttpRequest',
  'user-agent' => 'Mozilla/5.0 (Windows NT 6.3; WOW64) AppleWebKit/537.36 (KHTML, like Gecko) Chrome/55.0.2883.87 Safari/537.36',
  'referer' => 'http://127.0.0.5/website/article/index/id/8',
  'host' => '127.0.0.5',
  'cookie' => 'Hm_lvt_04fab3def376a222f35762aa47e96232=1539929747; PHPSESSID=6mf5d2l1e2cpkr96l4cna0m0b3',
  'accept-language' => 'zh-CN,zh;q=0.8',
  'accept-encoding' => 'gzip, deflate, sdch, br',
  'accept' => 'application/json, text/javascript, */*; q=0.01',
  'connection' => 'keep-alive',
)
[ info ] [ PARAM ] array (
  'page' => '1',
  'limit' => '15',
  'id' => '8',
)
[ info ] [ RUN ] app\website\controller\Article->fpage[ D:\wwwroot\thinkphp5_765tm6\web\application\website\controller\Article.php ]
[ info ] [ LOG ] INIT File
[ sql ] [ DB ] CONNECT:[ UseTime:0.011096s ] mysql:host=localhost;port=3306;dbname=mythinkphp5;charset=utf8
[ sql ] [ SQL ] SHOW COLUMNS FROM `Dp_sets` [ RunTime:0.011895s ]
[ sql ] [ SQL ] SELECT `content` FROM `Dp_sets` WHERE  `name` = 'mail' LIMIT 1 [ RunTime:0.001605s ]
[ sql ] [ SQL ] SELECT `content` FROM `Dp_sets` WHERE  `name` = 'wechat' LIMIT 1 [ RunTime:0.000594s ]
[ sql ] [ SQL ] SHOW COLUMNS FROM `Dp_article` [ RunTime:0.008938s ]
[ sql ] [ SQL ] SELECT COUNT(*) AS tp_count FROM `Dp_article` WHERE  `del` = 0  AND `cid` = 8 LIMIT 1 [ RunTime:0.000744s ]
[ sql ] [ SQL ] SELECT id,title,pic,tj,FROM_UNIXTIME(time,"%Y-%m-%d") as times,author FROM `Dp_article` WHERE  `del` = 0  AND `cid` = 8 ORDER BY `time` DESC LIMIT 0,15 [ RunTime:0.000697s ]
---------------------------------------------------------------
[ 2018-10-25T17:08:36+08:00 ] 127.0.0.1 GET /website/article/index/id/7
[ info ] 127.0.0.5/website/article/index/id/7 [运行时间：0.116240s][吞吐率：8.60req/s] [内存消耗：2,069.72kb] [文件加载：54]
[ info ] [ DB ] INIT mysql
[ info ] [ LANG ] D:\wwwroot\thinkphp5_765tm6\web\core\lang\zh-cn.php
[ info ] [ ROUTE ] array (
  'type' => 'module',
  'module' => 
  array (
    0 => 'website',
    1 => 'article',
    2 => 'index',
  ),
)
[ info ] [ HEADER ] array (
  'content-type' => '',
  'content-length' => '0',
  'x-original-url' => '/website/article/index/id/7',
  'upgrade-insecure-requests' => '1',
  'user-agent' => 'Mozilla/5.0 (Windows NT 6.3; WOW64) AppleWebKit/537.36 (KHTML, like Gecko) Chrome/55.0.2883.87 Safari/537.36',
  'referer' => 'http://127.0.0.5/website/index',
  'host' => '127.0.0.5',
  'cookie' => 'Hm_lvt_04fab3def376a222f35762aa47e96232=1539929747; PHPSESSID=6mf5d2l1e2cpkr96l4cna0m0b3',
  'accept-language' => 'zh-CN,zh;q=0.8',
  'accept-encoding' => 'gzip, deflate, sdch, br',
  'accept' => 'text/html,application/xhtml+xml,application/xml;q=0.9,image/webp,*/*;q=0.8',
  'connection' => 'keep-alive',
)
[ info ] [ PARAM ] array (
  'id' => '7',
)
[ info ] [ RUN ] app\website\controller\Article->index[ D:\wwwroot\thinkphp5_765tm6\web\application\website\controller\Article.php ]
[ info ] [ VIEW ] D:\wwwroot\thinkphp5_765tm6\web/application/website\view\article\index.html [ array (
  0 => 'id',
  1 => 'pid',
  2 => 'list',
) ]
[ info ] [ LOG ] INIT File
[ sql ] [ DB ] CONNECT:[ UseTime:0.006940s ] mysql:host=localhost;port=3306;dbname=mythinkphp5;charset=utf8
[ sql ] [ SQL ] SHOW COLUMNS FROM `Dp_sets` [ RunTime:0.009334s ]
[ sql ] [ SQL ] SELECT `content` FROM `Dp_sets` WHERE  `name` = 'mail' LIMIT 1 [ RunTime:0.000848s ]
[ sql ] [ SQL ] SELECT `content` FROM `Dp_sets` WHERE  `name` = 'wechat' LIMIT 1 [ RunTime:0.001860s ]
[ sql ] [ SQL ] SHOW COLUMNS FROM `Dp_cate` [ RunTime:0.008267s ]
[ sql ] [ SQL ] SELECT `id`,`pid`,`name` FROM `Dp_cate` WHERE  `model` = 'article' [ RunTime:0.001010s ]
[ sql ] [ SQL ] SELECT `pid` FROM `Dp_cate` WHERE  `pid` > 0 GROUP BY `pid` [ RunTime:0.001424s ]
---------------------------------------------------------------
[ 2018-10-25T17:08:36+08:00 ] 127.0.0.1 GET /website/article/fpage/id/7?page=1&limit=15
[ info ] 127.0.0.5/website/article/fpage/id/7?page=1&limit=15 [运行时间：0.104760s][吞吐率：9.55req/s] [内存消耗：2,003.10kb] [文件加载：53]
[ info ] [ DB ] INIT mysql
[ info ] [ LANG ] D:\wwwroot\thinkphp5_765tm6\web\core\lang\zh-cn.php
[ info ] [ ROUTE ] array (
  'type' => 'module',
  'module' => 
  array (
    0 => 'website',
    1 => 'article',
    2 => 'fpage',
  ),
)
[ info ] [ HEADER ] array (
  'content-type' => '',
  'content-length' => '0',
  'x-original-url' => '/website/article/fpage/id/7?page=1&limit=15',
  'x-requested-with' => 'XMLHttpRequest',
  'user-agent' => 'Mozilla/5.0 (Windows NT 6.3; WOW64) AppleWebKit/537.36 (KHTML, like Gecko) Chrome/55.0.2883.87 Safari/537.36',
  'referer' => 'http://127.0.0.5/website/article/index/id/7',
  'host' => '127.0.0.5',
  'cookie' => 'Hm_lvt_04fab3def376a222f35762aa47e96232=1539929747; PHPSESSID=6mf5d2l1e2cpkr96l4cna0m0b3',
  'accept-language' => 'zh-CN,zh;q=0.8',
  'accept-encoding' => 'gzip, deflate, sdch, br',
  'accept' => 'application/json, text/javascript, */*; q=0.01',
  'connection' => 'keep-alive',
)
[ info ] [ PARAM ] array (
  'page' => '1',
  'limit' => '15',
  'id' => '7',
)
[ info ] [ RUN ] app\website\controller\Article->fpage[ D:\wwwroot\thinkphp5_765tm6\web\application\website\controller\Article.php ]
[ info ] [ LOG ] INIT File
[ sql ] [ DB ] CONNECT:[ UseTime:0.002105s ] mysql:host=localhost;port=3306;dbname=mythinkphp5;charset=utf8
[ sql ] [ SQL ] SHOW COLUMNS FROM `Dp_sets` [ RunTime:0.012139s ]
[ sql ] [ SQL ] SELECT `content` FROM `Dp_sets` WHERE  `name` = 'mail' LIMIT 1 [ RunTime:0.001431s ]
[ sql ] [ SQL ] SELECT `content` FROM `Dp_sets` WHERE  `name` = 'wechat' LIMIT 1 [ RunTime:0.000855s ]
[ sql ] [ SQL ] SHOW COLUMNS FROM `Dp_article` [ RunTime:0.008869s ]
[ sql ] [ SQL ] SELECT COUNT(*) AS tp_count FROM `Dp_article` WHERE  `del` = 0  AND `cid` = 7 LIMIT 1 [ RunTime:0.001463s ]
[ sql ] [ SQL ] SELECT id,title,pic,tj,FROM_UNIXTIME(time,"%Y-%m-%d") as times,author FROM `Dp_article` WHERE  `del` = 0  AND `cid` = 7 ORDER BY `time` DESC LIMIT 0,15 [ RunTime:0.001549s ]
---------------------------------------------------------------
[ 2018-10-25T17:15:53+08:00 ] 127.0.0.1 GET /website/index
[ info ] 127.0.0.5/website/index [运行时间：0.157043s][吞吐率：6.37req/s] [内存消耗：2,151.43kb] [文件加载：55]
[ info ] [ DB ] INIT mysql
[ info ] [ LANG ] D:\wwwroot\thinkphp5_765tm6\web\core\lang\zh-cn.php
[ info ] [ ROUTE ] array (
  'type' => 'module',
  'module' => 
  array (
    0 => 'website',
    1 => 'index',
    2 => NULL,
  ),
)
[ info ] [ HEADER ] array (
  'content-type' => '',
  'content-length' => '0',
  'x-original-url' => '/website/index',
  'upgrade-insecure-requests' => '1',
  'user-agent' => 'Mozilla/5.0 (Windows NT 6.3; WOW64) AppleWebKit/537.36 (KHTML, like Gecko) Chrome/55.0.2883.87 Safari/537.36',
  'host' => '127.0.0.5',
  'cookie' => 'Hm_lvt_04fab3def376a222f35762aa47e96232=1539929747; PHPSESSID=6mf5d2l1e2cpkr96l4cna0m0b3',
  'accept-language' => 'zh-CN,zh;q=0.8',
  'accept-encoding' => 'gzip, deflate, sdch, br',
  'accept' => 'text/html,application/xhtml+xml,application/xml;q=0.9,image/webp,*/*;q=0.8',
  'pragma' => 'no-cache',
  'connection' => 'keep-alive',
  'cache-control' => 'no-cache',
)
[ info ] [ PARAM ] array (
)
[ info ] [ RUN ] app\website\controller\Index->index[ D:\wwwroot\thinkphp5_765tm6\web\application\website\controller\Index.php ]
[ info ] [ VIEW ] D:\wwwroot\thinkphp5_765tm6\web/application/website\view\index\index.html [ array (
) ]
[ info ] [ SESSION ] INIT array (
  'id' => '',
  'var_session_id' => '',
  'prefix' => 'Dp',
  'type' => '',
  'auto_start' => true,
)
[ info ] [ LOG ] INIT File
[ sql ] [ DB ] CONNECT:[ UseTime:0.007037s ] mysql:host=localhost;port=3306;dbname=mythinkphp5;charset=utf8
[ sql ] [ SQL ] SHOW COLUMNS FROM `Dp_sets` [ RunTime:0.012957s ]
[ sql ] [ SQL ] SELECT `content` FROM `Dp_sets` WHERE  `name` = 'mail' LIMIT 1 [ RunTime:0.000774s ]
[ sql ] [ SQL ] SELECT `content` FROM `Dp_sets` WHERE  `name` = 'wechat' LIMIT 1 [ RunTime:0.001670s ]
---------------------------------------------------------------
[ 2018-10-25T17:15:53+08:00 ] 127.0.0.1 GET /website/index
[ info ] 127.0.0.5/website/index [运行时间：0.118597s][吞吐率：8.43req/s] [内存消耗：2,015.41kb] [文件加载：53]
[ info ] [ DB ] INIT mysql
[ info ] [ LANG ] D:\wwwroot\thinkphp5_765tm6\web\core\lang\zh-cn.php
[ info ] [ ROUTE ] array (
  'type' => 'module',
  'module' => 
  array (
    0 => 'website',
    1 => 'index',
    2 => NULL,
  ),
)
[ info ] [ HEADER ] array (
  'content-type' => '',
  'content-length' => '0',
  'x-original-url' => '/website/index',
  'upgrade-insecure-requests' => '1',
  'user-agent' => 'Mozilla/5.0 (Windows NT 6.3; WOW64) AppleWebKit/537.36 (KHTML, like Gecko) Chrome/55.0.2883.87 Safari/537.36',
  'host' => '127.0.0.5',
  'cookie' => 'Hm_lvt_04fab3def376a222f35762aa47e96232=1539929747; PHPSESSID=6mf5d2l1e2cpkr96l4cna0m0b3',
  'accept-language' => 'zh-CN,zh;q=0.8',
  'accept-encoding' => 'gzip, deflate, sdch, br',
  'accept' => 'text/html,application/xhtml+xml,application/xml;q=0.9,image/webp,*/*;q=0.8',
  'pragma' => 'no-cache',
  'connection' => 'keep-alive',
  'cache-control' => 'no-cache',
)
[ info ] [ PARAM ] array (
)
[ info ] [ RUN ] app\website\controller\Index->index[ D:\wwwroot\thinkphp5_765tm6\web\application\website\controller\Index.php ]
[ info ] [ VIEW ] D:\wwwroot\thinkphp5_765tm6\web/application/website\view\index\index.html [ array (
) ]
[ info ] [ SESSION ] INIT array (
  'id' => '',
  'var_session_id' => '',
  'prefix' => 'Dp',
  'type' => '',
  'auto_start' => true,
)
[ info ] [ LOG ] INIT File
[ sql ] [ DB ] CONNECT:[ UseTime:0.011911s ] mysql:host=localhost;port=3306;dbname=mythinkphp5;charset=utf8
[ sql ] [ SQL ] SHOW COLUMNS FROM `Dp_sets` [ RunTime:0.012278s ]
[ sql ] [ SQL ] SELECT `content` FROM `Dp_sets` WHERE  `name` = 'mail' LIMIT 1 [ RunTime:0.000810s ]
[ sql ] [ SQL ] SELECT `content` FROM `Dp_sets` WHERE  `name` = 'wechat' LIMIT 1 [ RunTime:0.000991s ]
---------------------------------------------------------------
[ 2018-10-25T17:15:54+08:00 ] 127.0.0.1 GET /website/index
[ info ] 127.0.0.5/website/index [运行时间：0.094767s][吞吐率：10.55req/s] [内存消耗：2,015.48kb] [文件加载：53]
[ info ] [ DB ] INIT mysql
[ info ] [ LANG ] D:\wwwroot\thinkphp5_765tm6\web\core\lang\zh-cn.php
[ info ] [ ROUTE ] array (
  'type' => 'module',
  'module' => 
  array (
    0 => 'website',
    1 => 'index',
    2 => NULL,
  ),
)
[ info ] [ HEADER ] array (
  'content-type' => '',
  'content-length' => '0',
  'x-original-url' => '/website/index',
  'upgrade-insecure-requests' => '1',
  'user-agent' => 'Mozilla/5.0 (Windows NT 6.3; WOW64) AppleWebKit/537.36 (KHTML, like Gecko) Chrome/55.0.2883.87 Safari/537.36',
  'host' => '127.0.0.5',
  'cookie' => 'Hm_lvt_04fab3def376a222f35762aa47e96232=1539929747; PHPSESSID=6mf5d2l1e2cpkr96l4cna0m0b3',
  'accept-language' => 'zh-CN,zh;q=0.8',
  'accept-encoding' => 'gzip, deflate, sdch, br',
  'accept' => 'text/html,application/xhtml+xml,application/xml;q=0.9,image/webp,*/*;q=0.8',
  'pragma' => 'no-cache',
  'connection' => 'keep-alive',
  'cache-control' => 'no-cache',
)
[ info ] [ PARAM ] array (
)
[ info ] [ RUN ] app\website\controller\Index->index[ D:\wwwroot\thinkphp5_765tm6\web\application\website\controller\Index.php ]
[ info ] [ VIEW ] D:\wwwroot\thinkphp5_765tm6\web/application/website\view\index\index.html [ array (
) ]
[ info ] [ SESSION ] INIT array (
  'id' => '',
  'var_session_id' => '',
  'prefix' => 'Dp',
  'type' => '',
  'auto_start' => true,
)
[ info ] [ LOG ] INIT File
[ sql ] [ DB ] CONNECT:[ UseTime:0.006308s ] mysql:host=localhost;port=3306;dbname=mythinkphp5;charset=utf8
[ sql ] [ SQL ] SHOW COLUMNS FROM `Dp_sets` [ RunTime:0.009642s ]
[ sql ] [ SQL ] SELECT `content` FROM `Dp_sets` WHERE  `name` = 'mail' LIMIT 1 [ RunTime:0.000993s ]
[ sql ] [ SQL ] SELECT `content` FROM `Dp_sets` WHERE  `name` = 'wechat' LIMIT 1 [ RunTime:0.000691s ]
---------------------------------------------------------------
[ 2018-10-25T17:15:54+08:00 ] 127.0.0.1 GET /website/index/main.html
[ info ] 127.0.0.5/website/index/main.html [运行时间：0.128854s][吞吐率：7.76req/s] [内存消耗：2,095.15kb] [文件加载：54]
[ info ] [ DB ] INIT mysql
[ info ] [ LANG ] D:\wwwroot\thinkphp5_765tm6\web\core\lang\zh-cn.php
[ info ] [ ROUTE ] array (
  'type' => 'module',
  'module' => 
  array (
    0 => 'website',
    1 => 'index',
    2 => 'main',
  ),
)
[ info ] [ HEADER ] array (
  'content-type' => '',
  'content-length' => '0',
  'x-original-url' => '/website/index/main.html',
  'upgrade-insecure-requests' => '1',
  'user-agent' => 'Mozilla/5.0 (Windows NT 6.3; WOW64) AppleWebKit/537.36 (KHTML, like Gecko) Chrome/55.0.2883.87 Safari/537.36',
  'referer' => 'http://127.0.0.5/website/index',
  'host' => '127.0.0.5',
  'cookie' => 'Hm_lvt_04fab3def376a222f35762aa47e96232=1539929747; PHPSESSID=6mf5d2l1e2cpkr96l4cna0m0b3',
  'accept-language' => 'zh-CN,zh;q=0.8',
  'accept-encoding' => 'gzip, deflate, sdch, br',
  'accept' => 'text/html,application/xhtml+xml,application/xml;q=0.9,image/webp,*/*;q=0.8',
  'pragma' => 'no-cache',
  'connection' => 'keep-alive',
  'cache-control' => 'no-cache',
)
[ info ] [ PARAM ] array (
)
[ info ] [ RUN ] app\website\controller\Index->main[ D:\wwwroot\thinkphp5_765tm6\web\application\website\controller\Index.php ]
[ info ] [ VIEW ] D:\wwwroot\thinkphp5_765tm6\web/application/website\view\index\main.html [ array (
) ]
[ info ] [ LOG ] INIT File
[ sql ] [ DB ] CONNECT:[ UseTime:0.001880s ] mysql:host=localhost;port=3306;dbname=mythinkphp5;charset=utf8
[ sql ] [ SQL ] SHOW COLUMNS FROM `Dp_sets` [ RunTime:0.011759s ]
[ sql ] [ SQL ] SELECT `content` FROM `Dp_sets` WHERE  `name` = 'mail' LIMIT 1 [ RunTime:0.000660s ]
[ sql ] [ SQL ] SELECT `content` FROM `Dp_sets` WHERE  `name` = 'wechat' LIMIT 1 [ RunTime:0.000789s ]
---------------------------------------------------------------
[ 2018-10-25T17:15:55+08:00 ] 127.0.0.1 GET /website/index/getmenu/id/1
[ info ] 127.0.0.5/website/index/getmenu/id/1 [运行时间：0.162259s][吞吐率：6.16req/s] [内存消耗：2,056.21kb] [文件加载：54]
[ info ] [ DB ] INIT mysql
[ info ] [ LANG ] D:\wwwroot\thinkphp5_765tm6\web\core\lang\zh-cn.php
[ info ] [ ROUTE ] array (
  'type' => 'module',
  'module' => 
  array (
    0 => 'website',
    1 => 'index',
    2 => 'getmenu',
  ),
)
[ info ] [ HEADER ] array (
  'content-type' => '',
  'content-length' => '0',
  'x-original-url' => '/website/index/getmenu/id/1',
  'x-requested-with' => 'XMLHttpRequest',
  'user-agent' => 'Mozilla/5.0 (Windows NT 6.3; WOW64) AppleWebKit/537.36 (KHTML, like Gecko) Chrome/55.0.2883.87 Safari/537.36',
  'referer' => 'http://127.0.0.5/website/index',
  'host' => '127.0.0.5',
  'cookie' => 'Hm_lvt_04fab3def376a222f35762aa47e96232=1539929747; PHPSESSID=6mf5d2l1e2cpkr96l4cna0m0b3',
  'accept-language' => 'zh-CN,zh;q=0.8',
  'accept-encoding' => 'gzip, deflate, sdch, br',
  'accept' => 'application/json, text/javascript, */*; q=0.01',
  'pragma' => 'no-cache',
  'connection' => 'keep-alive',
  'cache-control' => 'no-cache',
)
[ info ] [ PARAM ] array (
  'id' => '1',
)
[ info ] [ RUN ] app\website\controller\Index->getmenu[ D:\wwwroot\thinkphp5_765tm6\web\application\website\controller\Index.php ]
[ info ] [ LOG ] INIT File
[ sql ] [ DB ] CONNECT:[ UseTime:0.001746s ] mysql:host=localhost;port=3306;dbname=mythinkphp5;charset=utf8
[ sql ] [ SQL ] SHOW COLUMNS FROM `Dp_sets` [ RunTime:0.012773s ]
[ sql ] [ SQL ] SELECT `content` FROM `Dp_sets` WHERE  `name` = 'mail' LIMIT 1 [ RunTime:0.001856s ]
[ sql ] [ SQL ] SELECT `content` FROM `Dp_sets` WHERE  `name` = 'wechat' LIMIT 1 [ RunTime:0.002472s ]
[ sql ] [ SQL ] SHOW COLUMNS FROM `Dp_nav` [ RunTime:0.016079s ]
[ sql ] [ SQL ] SELECT `id`,`pid`,`name` AS `title`,`ico` AS `icon`,`url` AS `href`,`orders` FROM `Dp_nav` WHERE  `display` = 1 ORDER BY `orders` ASC,`id` ASC [ RunTime:0.002321s ]
---------------------------------------------------------------
[ 2018-10-25T17:16:01+08:00 ] 127.0.0.1 GET /website/article/index/id/9
[ info ] 127.0.0.5/website/article/index/id/9 [运行时间：0.130253s][吞吐率：7.68req/s] [内存消耗：2,069.66kb] [文件加载：54]
[ info ] [ DB ] INIT mysql
[ info ] [ LANG ] D:\wwwroot\thinkphp5_765tm6\web\core\lang\zh-cn.php
[ info ] [ ROUTE ] array (
  'type' => 'module',
  'module' => 
  array (
    0 => 'website',
    1 => 'article',
    2 => 'index',
  ),
)
[ info ] [ HEADER ] array (
  'content-type' => '',
  'content-length' => '0',
  'x-original-url' => '/website/article/index/id/9',
  'upgrade-insecure-requests' => '1',
  'user-agent' => 'Mozilla/5.0 (Windows NT 6.3; WOW64) AppleWebKit/537.36 (KHTML, like Gecko) Chrome/55.0.2883.87 Safari/537.36',
  'referer' => 'http://127.0.0.5/website/index',
  'host' => '127.0.0.5',
  'cookie' => 'Hm_lvt_04fab3def376a222f35762aa47e96232=1539929747; PHPSESSID=6mf5d2l1e2cpkr96l4cna0m0b3',
  'accept-language' => 'zh-CN,zh;q=0.8',
  'accept-encoding' => 'gzip, deflate, sdch, br',
  'accept' => 'text/html,application/xhtml+xml,application/xml;q=0.9,image/webp,*/*;q=0.8',
  'connection' => 'keep-alive',
)
[ info ] [ PARAM ] array (
  'id' => '9',
)
[ info ] [ RUN ] app\website\controller\Article->index[ D:\wwwroot\thinkphp5_765tm6\web\application\website\controller\Article.php ]
[ info ] [ VIEW ] D:\wwwroot\thinkphp5_765tm6\web/application/website\view\article\index.html [ array (
  0 => 'id',
  1 => 'pid',
  2 => 'list',
) ]
[ info ] [ LOG ] INIT File
[ sql ] [ DB ] CONNECT:[ UseTime:0.002493s ] mysql:host=localhost;port=3306;dbname=mythinkphp5;charset=utf8
[ sql ] [ SQL ] SHOW COLUMNS FROM `Dp_sets` [ RunTime:0.014259s ]
[ sql ] [ SQL ] SELECT `content` FROM `Dp_sets` WHERE  `name` = 'mail' LIMIT 1 [ RunTime:0.001043s ]
[ sql ] [ SQL ] SELECT `content` FROM `Dp_sets` WHERE  `name` = 'wechat' LIMIT 1 [ RunTime:0.001318s ]
[ sql ] [ SQL ] SHOW COLUMNS FROM `Dp_cate` [ RunTime:0.012912s ]
[ sql ] [ SQL ] SELECT `id`,`pid`,`name` FROM `Dp_cate` WHERE  `model` = 'article' [ RunTime:0.000802s ]
[ sql ] [ SQL ] SELECT `pid` FROM `Dp_cate` WHERE  `pid` > 0 GROUP BY `pid` [ RunTime:0.000842s ]
---------------------------------------------------------------
[ 2018-10-25T17:16:02+08:00 ] 127.0.0.1 GET /website/article/fpage/id/9?page=1&limit=15
[ info ] 127.0.0.5/website/article/fpage/id/9?page=1&limit=15 [运行时间：0.126086s][吞吐率：7.93req/s] [内存消耗：2,003.10kb] [文件加载：53]
[ info ] [ DB ] INIT mysql
[ info ] [ LANG ] D:\wwwroot\thinkphp5_765tm6\web\core\lang\zh-cn.php
[ info ] [ ROUTE ] array (
  'type' => 'module',
  'module' => 
  array (
    0 => 'website',
    1 => 'article',
    2 => 'fpage',
  ),
)
[ info ] [ HEADER ] array (
  'content-type' => '',
  'content-length' => '0',
  'x-original-url' => '/website/article/fpage/id/9?page=1&limit=15',
  'x-requested-with' => 'XMLHttpRequest',
  'user-agent' => 'Mozilla/5.0 (Windows NT 6.3; WOW64) AppleWebKit/537.36 (KHTML, like Gecko) Chrome/55.0.2883.87 Safari/537.36',
  'referer' => 'http://127.0.0.5/website/article/index/id/9',
  'host' => '127.0.0.5',
  'cookie' => 'Hm_lvt_04fab3def376a222f35762aa47e96232=1539929747; PHPSESSID=6mf5d2l1e2cpkr96l4cna0m0b3',
  'accept-language' => 'zh-CN,zh;q=0.8',
  'accept-encoding' => 'gzip, deflate, sdch, br',
  'accept' => 'application/json, text/javascript, */*; q=0.01',
  'connection' => 'keep-alive',
)
[ info ] [ PARAM ] array (
  'page' => '1',
  'limit' => '15',
  'id' => '9',
)
[ info ] [ RUN ] app\website\controller\Article->fpage[ D:\wwwroot\thinkphp5_765tm6\web\application\website\controller\Article.php ]
[ info ] [ LOG ] INIT File
[ sql ] [ DB ] CONNECT:[ UseTime:0.002407s ] mysql:host=localhost;port=3306;dbname=mythinkphp5;charset=utf8
[ sql ] [ SQL ] SHOW COLUMNS FROM `Dp_sets` [ RunTime:0.013929s ]
[ sql ] [ SQL ] SELECT `content` FROM `Dp_sets` WHERE  `name` = 'mail' LIMIT 1 [ RunTime:0.004402s ]
[ sql ] [ SQL ] SELECT `content` FROM `Dp_sets` WHERE  `name` = 'wechat' LIMIT 1 [ RunTime:0.001861s ]
[ sql ] [ SQL ] SHOW COLUMNS FROM `Dp_article` [ RunTime:0.008252s ]
[ sql ] [ SQL ] SELECT COUNT(*) AS tp_count FROM `Dp_article` WHERE  `del` = 0  AND `cid` = 9 LIMIT 1 [ RunTime:0.000624s ]
[ sql ] [ SQL ] SELECT id,title,pic,tj,FROM_UNIXTIME(time,"%Y-%m-%d") as times,author FROM `Dp_article` WHERE  `del` = 0  AND `cid` = 9 ORDER BY `time` DESC LIMIT 0,15 [ RunTime:0.001302s ]
---------------------------------------------------------------
[ 2018-10-25T17:18:48+08:00 ] 127.0.0.1 GET /website/index
[ info ] 127.0.0.5/website/index [运行时间：0.110998s][吞吐率：9.01req/s] [内存消耗：2,015.34kb] [文件加载：53]
[ info ] [ DB ] INIT mysql
[ info ] [ LANG ] D:\wwwroot\thinkphp5_765tm6\web\core\lang\zh-cn.php
[ info ] [ ROUTE ] array (
  'type' => 'module',
  'module' => 
  array (
    0 => 'website',
    1 => 'index',
    2 => NULL,
  ),
)
[ info ] [ HEADER ] array (
  'content-type' => '',
  'content-length' => '0',
  'x-original-url' => '/website/index',
  'upgrade-insecure-requests' => '1',
  'user-agent' => 'Mozilla/5.0 (Windows NT 6.3; WOW64) AppleWebKit/537.36 (KHTML, like Gecko) Chrome/55.0.2883.87 Safari/537.36',
  'host' => '127.0.0.5',
  'cookie' => 'Hm_lvt_04fab3def376a222f35762aa47e96232=1539929747; PHPSESSID=6mf5d2l1e2cpkr96l4cna0m0b3',
  'accept-language' => 'zh-CN,zh;q=0.8',
  'accept-encoding' => 'gzip, deflate, sdch, br',
  'accept' => 'text/html,application/xhtml+xml,application/xml;q=0.9,image/webp,*/*;q=0.8',
  'connection' => 'keep-alive',
  'cache-control' => 'max-age=0',
)
[ info ] [ PARAM ] array (
)
[ info ] [ RUN ] app\website\controller\Index->index[ D:\wwwroot\thinkphp5_765tm6\web\application\website\controller\Index.php ]
[ info ] [ VIEW ] D:\wwwroot\thinkphp5_765tm6\web/application/website\view\index\index.html [ array (
) ]
[ info ] [ SESSION ] INIT array (
  'id' => '',
  'var_session_id' => '',
  'prefix' => 'Dp',
  'type' => '',
  'auto_start' => true,
)
[ info ] [ LOG ] INIT File
[ sql ] [ DB ] CONNECT:[ UseTime:0.002202s ] mysql:host=localhost;port=3306;dbname=mythinkphp5;charset=utf8
[ sql ] [ SQL ] SHOW COLUMNS FROM `Dp_sets` [ RunTime:0.011805s ]
[ sql ] [ SQL ] SELECT `content` FROM `Dp_sets` WHERE  `name` = 'mail' LIMIT 1 [ RunTime:0.000947s ]
[ sql ] [ SQL ] SELECT `content` FROM `Dp_sets` WHERE  `name` = 'wechat' LIMIT 1 [ RunTime:0.000772s ]
---------------------------------------------------------------
[ 2018-10-25T17:18:49+08:00 ] 127.0.0.1 GET /website/index/main.html
[ info ] 127.0.0.5/website/index/main.html [运行时间：0.150690s][吞吐率：6.64req/s] [内存消耗：1,966.34kb] [文件加载：52]
[ info ] [ DB ] INIT mysql
[ info ] [ LANG ] D:\wwwroot\thinkphp5_765tm6\web\core\lang\zh-cn.php
[ info ] [ ROUTE ] array (
  'type' => 'module',
  'module' => 
  array (
    0 => 'website',
    1 => 'index',
    2 => 'main',
  ),
)
[ info ] [ HEADER ] array (
  'content-type' => '',
  'content-length' => '0',
  'x-original-url' => '/website/index/main.html',
  'upgrade-insecure-requests' => '1',
  'user-agent' => 'Mozilla/5.0 (Windows NT 6.3; WOW64) AppleWebKit/537.36 (KHTML, like Gecko) Chrome/55.0.2883.87 Safari/537.36',
  'referer' => 'http://127.0.0.5/website/index',
  'host' => '127.0.0.5',
  'cookie' => 'Hm_lvt_04fab3def376a222f35762aa47e96232=1539929747; PHPSESSID=6mf5d2l1e2cpkr96l4cna0m0b3',
  'accept-language' => 'zh-CN,zh;q=0.8',
  'accept-encoding' => 'gzip, deflate, sdch, br',
  'accept' => 'text/html,application/xhtml+xml,application/xml;q=0.9,image/webp,*/*;q=0.8',
  'connection' => 'keep-alive',
)
[ info ] [ PARAM ] array (
)
[ info ] [ RUN ] app\website\controller\Index->main[ D:\wwwroot\thinkphp5_765tm6\web\application\website\controller\Index.php ]
[ info ] [ VIEW ] D:\wwwroot\thinkphp5_765tm6\web/application/website\view\index\main.html [ array (
) ]
[ info ] [ LOG ] INIT File
[ sql ] [ DB ] CONNECT:[ UseTime:0.001856s ] mysql:host=localhost;port=3306;dbname=mythinkphp5;charset=utf8
[ sql ] [ SQL ] SHOW COLUMNS FROM `Dp_sets` [ RunTime:0.011013s ]
[ sql ] [ SQL ] SELECT `content` FROM `Dp_sets` WHERE  `name` = 'mail' LIMIT 1 [ RunTime:0.000713s ]
[ sql ] [ SQL ] SELECT `content` FROM `Dp_sets` WHERE  `name` = 'wechat' LIMIT 1 [ RunTime:0.000949s ]
---------------------------------------------------------------
[ 2018-10-25T17:18:57+08:00 ] 127.0.0.1 GET /website/article/index/id/9
[ info ] 127.0.0.5/website/article/index/id/9 [运行时间：0.138699s][吞吐率：7.21req/s] [内存消耗：2,069.66kb] [文件加载：54]
[ info ] [ DB ] INIT mysql
[ info ] [ LANG ] D:\wwwroot\thinkphp5_765tm6\web\core\lang\zh-cn.php
[ info ] [ ROUTE ] array (
  'type' => 'module',
  'module' => 
  array (
    0 => 'website',
    1 => 'article',
    2 => 'index',
  ),
)
[ info ] [ HEADER ] array (
  'content-type' => '',
  'content-length' => '0',
  'x-original-url' => '/website/article/index/id/9',
  'upgrade-insecure-requests' => '1',
  'user-agent' => 'Mozilla/5.0 (Windows NT 6.3; WOW64) AppleWebKit/537.36 (KHTML, like Gecko) Chrome/55.0.2883.87 Safari/537.36',
  'referer' => 'http://127.0.0.5/website/index',
  'host' => '127.0.0.5',
  'cookie' => 'Hm_lvt_04fab3def376a222f35762aa47e96232=1539929747; PHPSESSID=6mf5d2l1e2cpkr96l4cna0m0b3',
  'accept-language' => 'zh-CN,zh;q=0.8',
  'accept-encoding' => 'gzip, deflate, sdch, br',
  'accept' => 'text/html,application/xhtml+xml,application/xml;q=0.9,image/webp,*/*;q=0.8',
  'connection' => 'keep-alive',
)
[ info ] [ PARAM ] array (
  'id' => '9',
)
[ info ] [ RUN ] app\website\controller\Article->index[ D:\wwwroot\thinkphp5_765tm6\web\application\website\controller\Article.php ]
[ info ] [ VIEW ] D:\wwwroot\thinkphp5_765tm6\web/application/website\view\article\index.html [ array (
  0 => 'id',
  1 => 'pid',
  2 => 'list',
) ]
[ info ] [ LOG ] INIT File
[ sql ] [ DB ] CONNECT:[ UseTime:0.002009s ] mysql:host=localhost;port=3306;dbname=mythinkphp5;charset=utf8
[ sql ] [ SQL ] SHOW COLUMNS FROM `Dp_sets` [ RunTime:0.012051s ]
[ sql ] [ SQL ] SELECT `content` FROM `Dp_sets` WHERE  `name` = 'mail' LIMIT 1 [ RunTime:0.000747s ]
[ sql ] [ SQL ] SELECT `content` FROM `Dp_sets` WHERE  `name` = 'wechat' LIMIT 1 [ RunTime:0.000652s ]
[ sql ] [ SQL ] SHOW COLUMNS FROM `Dp_cate` [ RunTime:0.013519s ]
[ sql ] [ SQL ] SELECT `id`,`pid`,`name` FROM `Dp_cate` WHERE  `model` = 'article' [ RunTime:0.002196s ]
[ sql ] [ SQL ] SELECT `pid` FROM `Dp_cate` WHERE  `pid` > 0 GROUP BY `pid` [ RunTime:0.001079s ]
---------------------------------------------------------------
[ 2018-10-25T17:18:58+08:00 ] 127.0.0.1 GET /website/article/fpage/id/9?page=1&limit=15
[ info ] 127.0.0.5/website/article/fpage/id/9?page=1&limit=15 [运行时间：0.158566s][吞吐率：6.31req/s] [内存消耗：2,003.10kb] [文件加载：53]
[ info ] [ DB ] INIT mysql
[ info ] [ LANG ] D:\wwwroot\thinkphp5_765tm6\web\core\lang\zh-cn.php
[ info ] [ ROUTE ] array (
  'type' => 'module',
  'module' => 
  array (
    0 => 'website',
    1 => 'article',
    2 => 'fpage',
  ),
)
[ info ] [ HEADER ] array (
  'content-type' => '',
  'content-length' => '0',
  'x-original-url' => '/website/article/fpage/id/9?page=1&limit=15',
  'x-requested-with' => 'XMLHttpRequest',
  'user-agent' => 'Mozilla/5.0 (Windows NT 6.3; WOW64) AppleWebKit/537.36 (KHTML, like Gecko) Chrome/55.0.2883.87 Safari/537.36',
  'referer' => 'http://127.0.0.5/website/article/index/id/9',
  'host' => '127.0.0.5',
  'cookie' => 'Hm_lvt_04fab3def376a222f35762aa47e96232=1539929747; PHPSESSID=6mf5d2l1e2cpkr96l4cna0m0b3',
  'accept-language' => 'zh-CN,zh;q=0.8',
  'accept-encoding' => 'gzip, deflate, sdch, br',
  'accept' => 'application/json, text/javascript, */*; q=0.01',
  'connection' => 'keep-alive',
)
[ info ] [ PARAM ] array (
  'page' => '1',
  'limit' => '15',
  'id' => '9',
)
[ info ] [ RUN ] app\website\controller\Article->fpage[ D:\wwwroot\thinkphp5_765tm6\web\application\website\controller\Article.php ]
[ info ] [ LOG ] INIT File
[ sql ] [ DB ] CONNECT:[ UseTime:0.002867s ] mysql:host=localhost;port=3306;dbname=mythinkphp5;charset=utf8
[ sql ] [ SQL ] SHOW COLUMNS FROM `Dp_sets` [ RunTime:0.013102s ]
[ sql ] [ SQL ] SELECT `content` FROM `Dp_sets` WHERE  `name` = 'mail' LIMIT 1 [ RunTime:0.001280s ]
[ sql ] [ SQL ] SELECT `content` FROM `Dp_sets` WHERE  `name` = 'wechat' LIMIT 1 [ RunTime:0.000801s ]
[ sql ] [ SQL ] SHOW COLUMNS FROM `Dp_article` [ RunTime:0.011664s ]
[ sql ] [ SQL ] SELECT COUNT(*) AS tp_count FROM `Dp_article` WHERE  `del` = 0  AND `cid` = 9 LIMIT 1 [ RunTime:0.000730s ]
[ sql ] [ SQL ] SELECT id,title,pic,tj,FROM_UNIXTIME(time,"%Y-%m-%d") as times,author FROM `Dp_article` WHERE  `del` = 0  AND `cid` = 9 ORDER BY `time` DESC LIMIT 0,15 [ RunTime:0.001988s ]
---------------------------------------------------------------
[ 2018-10-25T17:18:58+08:00 ] 127.0.0.1 GET /website/article/index/id/8
[ info ] 127.0.0.5/website/article/index/id/8 [运行时间：0.120241s][吞吐率：8.32req/s] [内存消耗：2,069.66kb] [文件加载：54]
[ info ] [ DB ] INIT mysql
[ info ] [ LANG ] D:\wwwroot\thinkphp5_765tm6\web\core\lang\zh-cn.php
[ info ] [ ROUTE ] array (
  'type' => 'module',
  'module' => 
  array (
    0 => 'website',
    1 => 'article',
    2 => 'index',
  ),
)
[ info ] [ HEADER ] array (
  'content-type' => '',
  'content-length' => '0',
  'x-original-url' => '/website/article/index/id/8',
  'upgrade-insecure-requests' => '1',
  'user-agent' => 'Mozilla/5.0 (Windows NT 6.3; WOW64) AppleWebKit/537.36 (KHTML, like Gecko) Chrome/55.0.2883.87 Safari/537.36',
  'referer' => 'http://127.0.0.5/website/index',
  'host' => '127.0.0.5',
  'cookie' => 'Hm_lvt_04fab3def376a222f35762aa47e96232=1539929747; PHPSESSID=6mf5d2l1e2cpkr96l4cna0m0b3',
  'accept-language' => 'zh-CN,zh;q=0.8',
  'accept-encoding' => 'gzip, deflate, sdch, br',
  'accept' => 'text/html,application/xhtml+xml,application/xml;q=0.9,image/webp,*/*;q=0.8',
  'connection' => 'keep-alive',
)
[ info ] [ PARAM ] array (
  'id' => '8',
)
[ info ] [ RUN ] app\website\controller\Article->index[ D:\wwwroot\thinkphp5_765tm6\web\application\website\controller\Article.php ]
[ info ] [ VIEW ] D:\wwwroot\thinkphp5_765tm6\web/application/website\view\article\index.html [ array (
  0 => 'id',
  1 => 'pid',
  2 => 'list',
) ]
[ info ] [ LOG ] INIT File
[ sql ] [ DB ] CONNECT:[ UseTime:0.001666s ] mysql:host=localhost;port=3306;dbname=mythinkphp5;charset=utf8
[ sql ] [ SQL ] SHOW COLUMNS FROM `Dp_sets` [ RunTime:0.008907s ]
[ sql ] [ SQL ] SELECT `content` FROM `Dp_sets` WHERE  `name` = 'mail' LIMIT 1 [ RunTime:0.000695s ]
[ sql ] [ SQL ] SELECT `content` FROM `Dp_sets` WHERE  `name` = 'wechat' LIMIT 1 [ RunTime:0.000631s ]
[ sql ] [ SQL ] SHOW COLUMNS FROM `Dp_cate` [ RunTime:0.012477s ]
[ sql ] [ SQL ] SELECT `id`,`pid`,`name` FROM `Dp_cate` WHERE  `model` = 'article' [ RunTime:0.001239s ]
[ sql ] [ SQL ] SELECT `pid` FROM `Dp_cate` WHERE  `pid` > 0 GROUP BY `pid` [ RunTime:0.002512s ]
---------------------------------------------------------------
[ 2018-10-25T17:18:59+08:00 ] 127.0.0.1 GET /website/article/fpage/id/8?page=1&limit=15
[ info ] 127.0.0.5/website/article/fpage/id/8?page=1&limit=15 [运行时间：0.127610s][吞吐率：7.84req/s] [内存消耗：2,003.10kb] [文件加载：53]
[ info ] [ DB ] INIT mysql
[ info ] [ LANG ] D:\wwwroot\thinkphp5_765tm6\web\core\lang\zh-cn.php
[ info ] [ ROUTE ] array (
  'type' => 'module',
  'module' => 
  array (
    0 => 'website',
    1 => 'article',
    2 => 'fpage',
  ),
)
[ info ] [ HEADER ] array (
  'content-type' => '',
  'content-length' => '0',
  'x-original-url' => '/website/article/fpage/id/8?page=1&limit=15',
  'x-requested-with' => 'XMLHttpRequest',
  'user-agent' => 'Mozilla/5.0 (Windows NT 6.3; WOW64) AppleWebKit/537.36 (KHTML, like Gecko) Chrome/55.0.2883.87 Safari/537.36',
  'referer' => 'http://127.0.0.5/website/article/index/id/8',
  'host' => '127.0.0.5',
  'cookie' => 'Hm_lvt_04fab3def376a222f35762aa47e96232=1539929747; PHPSESSID=6mf5d2l1e2cpkr96l4cna0m0b3',
  'accept-language' => 'zh-CN,zh;q=0.8',
  'accept-encoding' => 'gzip, deflate, sdch, br',
  'accept' => 'application/json, text/javascript, */*; q=0.01',
  'connection' => 'keep-alive',
)
[ info ] [ PARAM ] array (
  'page' => '1',
  'limit' => '15',
  'id' => '8',
)
[ info ] [ RUN ] app\website\controller\Article->fpage[ D:\wwwroot\thinkphp5_765tm6\web\application\website\controller\Article.php ]
[ info ] [ LOG ] INIT File
[ sql ] [ DB ] CONNECT:[ UseTime:0.001453s ] mysql:host=localhost;port=3306;dbname=mythinkphp5;charset=utf8
[ sql ] [ SQL ] SHOW COLUMNS FROM `Dp_sets` [ RunTime:0.011017s ]
[ sql ] [ SQL ] SELECT `content` FROM `Dp_sets` WHERE  `name` = 'mail' LIMIT 1 [ RunTime:0.001123s ]
[ sql ] [ SQL ] SELECT `content` FROM `Dp_sets` WHERE  `name` = 'wechat' LIMIT 1 [ RunTime:0.001018s ]
[ sql ] [ SQL ] SHOW COLUMNS FROM `Dp_article` [ RunTime:0.019146s ]
[ sql ] [ SQL ] SELECT COUNT(*) AS tp_count FROM `Dp_article` WHERE  `del` = 0  AND `cid` = 8 LIMIT 1 [ RunTime:0.000692s ]
[ sql ] [ SQL ] SELECT id,title,pic,tj,FROM_UNIXTIME(time,"%Y-%m-%d") as times,author FROM `Dp_article` WHERE  `del` = 0  AND `cid` = 8 ORDER BY `time` DESC LIMIT 0,15 [ RunTime:0.001205s ]
---------------------------------------------------------------
[ 2018-10-25T17:18:59+08:00 ] 127.0.0.1 GET /website/article/index/id/7
[ info ] 127.0.0.5/website/article/index/id/7 [运行时间：0.102138s][吞吐率：9.79req/s] [内存消耗：2,069.66kb] [文件加载：54]
[ info ] [ DB ] INIT mysql
[ info ] [ LANG ] D:\wwwroot\thinkphp5_765tm6\web\core\lang\zh-cn.php
[ info ] [ ROUTE ] array (
  'type' => 'module',
  'module' => 
  array (
    0 => 'website',
    1 => 'article',
    2 => 'index',
  ),
)
[ info ] [ HEADER ] array (
  'content-type' => '',
  'content-length' => '0',
  'x-original-url' => '/website/article/index/id/7',
  'upgrade-insecure-requests' => '1',
  'user-agent' => 'Mozilla/5.0 (Windows NT 6.3; WOW64) AppleWebKit/537.36 (KHTML, like Gecko) Chrome/55.0.2883.87 Safari/537.36',
  'referer' => 'http://127.0.0.5/website/index',
  'host' => '127.0.0.5',
  'cookie' => 'Hm_lvt_04fab3def376a222f35762aa47e96232=1539929747; PHPSESSID=6mf5d2l1e2cpkr96l4cna0m0b3',
  'accept-language' => 'zh-CN,zh;q=0.8',
  'accept-encoding' => 'gzip, deflate, sdch, br',
  'accept' => 'text/html,application/xhtml+xml,application/xml;q=0.9,image/webp,*/*;q=0.8',
  'connection' => 'keep-alive',
)
[ info ] [ PARAM ] array (
  'id' => '7',
)
[ info ] [ RUN ] app\website\controller\Article->index[ D:\wwwroot\thinkphp5_765tm6\web\application\website\controller\Article.php ]
[ info ] [ VIEW ] D:\wwwroot\thinkphp5_765tm6\web/application/website\view\article\index.html [ array (
  0 => 'id',
  1 => 'pid',
  2 => 'list',
) ]
[ info ] [ LOG ] INIT File
[ sql ] [ DB ] CONNECT:[ UseTime:0.004118s ] mysql:host=localhost;port=3306;dbname=mythinkphp5;charset=utf8
[ sql ] [ SQL ] SHOW COLUMNS FROM `Dp_sets` [ RunTime:0.009131s ]
[ sql ] [ SQL ] SELECT `content` FROM `Dp_sets` WHERE  `name` = 'mail' LIMIT 1 [ RunTime:0.001225s ]
[ sql ] [ SQL ] SELECT `content` FROM `Dp_sets` WHERE  `name` = 'wechat' LIMIT 1 [ RunTime:0.000401s ]
[ sql ] [ SQL ] SHOW COLUMNS FROM `Dp_cate` [ RunTime:0.010060s ]
[ sql ] [ SQL ] SELECT `id`,`pid`,`name` FROM `Dp_cate` WHERE  `model` = 'article' [ RunTime:0.000984s ]
[ sql ] [ SQL ] SELECT `pid` FROM `Dp_cate` WHERE  `pid` > 0 GROUP BY `pid` [ RunTime:0.001086s ]
---------------------------------------------------------------
[ 2018-10-25T17:19:00+08:00 ] 127.0.0.1 GET /website/article/fpage/id/7?page=1&limit=15
[ info ] 127.0.0.5/website/article/fpage/id/7?page=1&limit=15 [运行时间：0.096010s][吞吐率：10.42req/s] [内存消耗：2,003.10kb] [文件加载：53]
[ info ] [ DB ] INIT mysql
[ info ] [ LANG ] D:\wwwroot\thinkphp5_765tm6\web\core\lang\zh-cn.php
[ info ] [ ROUTE ] array (
  'type' => 'module',
  'module' => 
  array (
    0 => 'website',
    1 => 'article',
    2 => 'fpage',
  ),
)
[ info ] [ HEADER ] array (
  'content-type' => '',
  'content-length' => '0',
  'x-original-url' => '/website/article/fpage/id/7?page=1&limit=15',
  'x-requested-with' => 'XMLHttpRequest',
  'user-agent' => 'Mozilla/5.0 (Windows NT 6.3; WOW64) AppleWebKit/537.36 (KHTML, like Gecko) Chrome/55.0.2883.87 Safari/537.36',
  'referer' => 'http://127.0.0.5/website/article/index/id/7',
  'host' => '127.0.0.5',
  'cookie' => 'Hm_lvt_04fab3def376a222f35762aa47e96232=1539929747; PHPSESSID=6mf5d2l1e2cpkr96l4cna0m0b3',
  'accept-language' => 'zh-CN,zh;q=0.8',
  'accept-encoding' => 'gzip, deflate, sdch, br',
  'accept' => 'application/json, text/javascript, */*; q=0.01',
  'connection' => 'keep-alive',
)
[ info ] [ PARAM ] array (
  'page' => '1',
  'limit' => '15',
  'id' => '7',
)
[ info ] [ RUN ] app\website\controller\Article->fpage[ D:\wwwroot\thinkphp5_765tm6\web\application\website\controller\Article.php ]
[ info ] [ LOG ] INIT File
[ sql ] [ DB ] CONNECT:[ UseTime:0.001636s ] mysql:host=localhost;port=3306;dbname=mythinkphp5;charset=utf8
[ sql ] [ SQL ] SHOW COLUMNS FROM `Dp_sets` [ RunTime:0.012997s ]
[ sql ] [ SQL ] SELECT `content` FROM `Dp_sets` WHERE  `name` = 'mail' LIMIT 1 [ RunTime:0.001437s ]
[ sql ] [ SQL ] SELECT `content` FROM `Dp_sets` WHERE  `name` = 'wechat' LIMIT 1 [ RunTime:0.000551s ]
[ sql ] [ SQL ] SHOW COLUMNS FROM `Dp_article` [ RunTime:0.013369s ]
[ sql ] [ SQL ] SELECT COUNT(*) AS tp_count FROM `Dp_article` WHERE  `del` = 0  AND `cid` = 7 LIMIT 1 [ RunTime:0.001991s ]
[ sql ] [ SQL ] SELECT id,title,pic,tj,FROM_UNIXTIME(time,"%Y-%m-%d") as times,author FROM `Dp_article` WHERE  `del` = 0  AND `cid` = 7 ORDER BY `time` DESC LIMIT 0,15 [ RunTime:0.000850s ]
---------------------------------------------------------------
[ 2018-10-25T17:21:24+08:00 ] 127.0.0.1 GET /website/index
[ info ] 127.0.0.5/website/index [运行时间：0.122802s][吞吐率：8.14req/s] [内存消耗：2,015.34kb] [文件加载：53]
[ info ] [ DB ] INIT mysql
[ info ] [ LANG ] D:\wwwroot\thinkphp5_765tm6\web\core\lang\zh-cn.php
[ info ] [ ROUTE ] array (
  'type' => 'module',
  'module' => 
  array (
    0 => 'website',
    1 => 'index',
    2 => NULL,
  ),
)
[ info ] [ HEADER ] array (
  'content-type' => '',
  'content-length' => '0',
  'x-original-url' => '/website/index',
  'upgrade-insecure-requests' => '1',
  'user-agent' => 'Mozilla/5.0 (Windows NT 6.3; WOW64) AppleWebKit/537.36 (KHTML, like Gecko) Chrome/55.0.2883.87 Safari/537.36',
  'host' => '127.0.0.5',
  'cookie' => 'Hm_lvt_04fab3def376a222f35762aa47e96232=1539929747; PHPSESSID=6mf5d2l1e2cpkr96l4cna0m0b3',
  'accept-language' => 'zh-CN,zh;q=0.8',
  'accept-encoding' => 'gzip, deflate, sdch, br',
  'accept' => 'text/html,application/xhtml+xml,application/xml;q=0.9,image/webp,*/*;q=0.8',
  'connection' => 'keep-alive',
  'cache-control' => 'max-age=0',
)
[ info ] [ PARAM ] array (
)
[ info ] [ RUN ] app\website\controller\Index->index[ D:\wwwroot\thinkphp5_765tm6\web\application\website\controller\Index.php ]
[ info ] [ VIEW ] D:\wwwroot\thinkphp5_765tm6\web/application/website\view\index\index.html [ array (
) ]
[ info ] [ SESSION ] INIT array (
  'id' => '',
  'var_session_id' => '',
  'prefix' => 'Dp',
  'type' => '',
  'auto_start' => true,
)
[ info ] [ LOG ] INIT File
[ sql ] [ DB ] CONNECT:[ UseTime:0.011675s ] mysql:host=localhost;port=3306;dbname=mythinkphp5;charset=utf8
[ sql ] [ SQL ] SHOW COLUMNS FROM `Dp_sets` [ RunTime:0.011563s ]
[ sql ] [ SQL ] SELECT `content` FROM `Dp_sets` WHERE  `name` = 'mail' LIMIT 1 [ RunTime:0.000785s ]
[ sql ] [ SQL ] SELECT `content` FROM `Dp_sets` WHERE  `name` = 'wechat' LIMIT 1 [ RunTime:0.001225s ]
---------------------------------------------------------------
[ 2018-10-25T17:21:25+08:00 ] 127.0.0.1 GET /website/index/main.html
[ info ] 127.0.0.5/website/index/main.html [运行时间：0.134261s][吞吐率：7.45req/s] [内存消耗：1,966.34kb] [文件加载：52]
[ info ] [ DB ] INIT mysql
[ info ] [ LANG ] D:\wwwroot\thinkphp5_765tm6\web\core\lang\zh-cn.php
[ info ] [ ROUTE ] array (
  'type' => 'module',
  'module' => 
  array (
    0 => 'website',
    1 => 'index',
    2 => 'main',
  ),
)
[ info ] [ HEADER ] array (
  'content-type' => '',
  'content-length' => '0',
  'x-original-url' => '/website/index/main.html',
  'upgrade-insecure-requests' => '1',
  'user-agent' => 'Mozilla/5.0 (Windows NT 6.3; WOW64) AppleWebKit/537.36 (KHTML, like Gecko) Chrome/55.0.2883.87 Safari/537.36',
  'referer' => 'http://127.0.0.5/website/index',
  'host' => '127.0.0.5',
  'cookie' => 'Hm_lvt_04fab3def376a222f35762aa47e96232=1539929747; PHPSESSID=6mf5d2l1e2cpkr96l4cna0m0b3',
  'accept-language' => 'zh-CN,zh;q=0.8',
  'accept-encoding' => 'gzip, deflate, sdch, br',
  'accept' => 'text/html,application/xhtml+xml,application/xml;q=0.9,image/webp,*/*;q=0.8',
  'connection' => 'keep-alive',
)
[ info ] [ PARAM ] array (
)
[ info ] [ RUN ] app\website\controller\Index->main[ D:\wwwroot\thinkphp5_765tm6\web\application\website\controller\Index.php ]
[ info ] [ VIEW ] D:\wwwroot\thinkphp5_765tm6\web/application/website\view\index\main.html [ array (
) ]
[ info ] [ LOG ] INIT File
[ sql ] [ DB ] CONNECT:[ UseTime:0.002371s ] mysql:host=localhost;port=3306;dbname=mythinkphp5;charset=utf8
[ sql ] [ SQL ] SHOW COLUMNS FROM `Dp_sets` [ RunTime:0.013535s ]
[ sql ] [ SQL ] SELECT `content` FROM `Dp_sets` WHERE  `name` = 'mail' LIMIT 1 [ RunTime:0.000797s ]
[ sql ] [ SQL ] SELECT `content` FROM `Dp_sets` WHERE  `name` = 'wechat' LIMIT 1 [ RunTime:0.000565s ]
---------------------------------------------------------------
[ 2018-10-25T17:21:27+08:00 ] 127.0.0.1 GET /website/index
[ info ] 127.0.0.5/website/index [运行时间：0.102624s][吞吐率：9.74req/s] [内存消耗：2,015.41kb] [文件加载：53]
[ info ] [ DB ] INIT mysql
[ info ] [ LANG ] D:\wwwroot\thinkphp5_765tm6\web\core\lang\zh-cn.php
[ info ] [ ROUTE ] array (
  'type' => 'module',
  'module' => 
  array (
    0 => 'website',
    1 => 'index',
    2 => NULL,
  ),
)
[ info ] [ HEADER ] array (
  'content-type' => '',
  'content-length' => '0',
  'x-original-url' => '/website/index',
  'upgrade-insecure-requests' => '1',
  'user-agent' => 'Mozilla/5.0 (Windows NT 6.3; WOW64) AppleWebKit/537.36 (KHTML, like Gecko) Chrome/55.0.2883.87 Safari/537.36',
  'host' => '127.0.0.5',
  'cookie' => 'Hm_lvt_04fab3def376a222f35762aa47e96232=1539929747; PHPSESSID=6mf5d2l1e2cpkr96l4cna0m0b3',
  'accept-language' => 'zh-CN,zh;q=0.8',
  'accept-encoding' => 'gzip, deflate, sdch, br',
  'accept' => 'text/html,application/xhtml+xml,application/xml;q=0.9,image/webp,*/*;q=0.8',
  'pragma' => 'no-cache',
  'connection' => 'keep-alive',
  'cache-control' => 'no-cache',
)
[ info ] [ PARAM ] array (
)
[ info ] [ RUN ] app\website\controller\Index->index[ D:\wwwroot\thinkphp5_765tm6\web\application\website\controller\Index.php ]
[ info ] [ VIEW ] D:\wwwroot\thinkphp5_765tm6\web/application/website\view\index\index.html [ array (
) ]
[ info ] [ SESSION ] INIT array (
  'id' => '',
  'var_session_id' => '',
  'prefix' => 'Dp',
  'type' => '',
  'auto_start' => true,
)
[ info ] [ LOG ] INIT File
[ sql ] [ DB ] CONNECT:[ UseTime:0.002633s ] mysql:host=localhost;port=3306;dbname=mythinkphp5;charset=utf8
[ sql ] [ SQL ] SHOW COLUMNS FROM `Dp_sets` [ RunTime:0.011629s ]
[ sql ] [ SQL ] SELECT `content` FROM `Dp_sets` WHERE  `name` = 'mail' LIMIT 1 [ RunTime:0.001319s ]
[ sql ] [ SQL ] SELECT `content` FROM `Dp_sets` WHERE  `name` = 'wechat' LIMIT 1 [ RunTime:0.000876s ]
---------------------------------------------------------------
[ 2018-10-25T17:21:27+08:00 ] 127.0.0.1 GET /website/index/main.html
[ info ] 127.0.0.5/website/index/main.html [运行时间：0.094026s][吞吐率：10.64req/s] [内存消耗：1,966.80kb] [文件加载：52]
[ info ] [ DB ] INIT mysql
[ info ] [ LANG ] D:\wwwroot\thinkphp5_765tm6\web\core\lang\zh-cn.php
[ info ] [ ROUTE ] array (
  'type' => 'module',
  'module' => 
  array (
    0 => 'website',
    1 => 'index',
    2 => 'main',
  ),
)
[ info ] [ HEADER ] array (
  'content-type' => '',
  'content-length' => '0',
  'x-original-url' => '/website/index/main.html',
  'upgrade-insecure-requests' => '1',
  'user-agent' => 'Mozilla/5.0 (Windows NT 6.3; WOW64) AppleWebKit/537.36 (KHTML, like Gecko) Chrome/55.0.2883.87 Safari/537.36',
  'referer' => 'http://127.0.0.5/website/index',
  'host' => '127.0.0.5',
  'cookie' => 'Hm_lvt_04fab3def376a222f35762aa47e96232=1539929747; PHPSESSID=6mf5d2l1e2cpkr96l4cna0m0b3',
  'accept-language' => 'zh-CN,zh;q=0.8',
  'accept-encoding' => 'gzip, deflate, sdch, br',
  'accept' => 'text/html,application/xhtml+xml,application/xml;q=0.9,image/webp,*/*;q=0.8',
  'pragma' => 'no-cache',
  'connection' => 'keep-alive',
  'cache-control' => 'no-cache',
)
[ info ] [ PARAM ] array (
)
[ info ] [ RUN ] app\website\controller\Index->main[ D:\wwwroot\thinkphp5_765tm6\web\application\website\controller\Index.php ]
[ info ] [ VIEW ] D:\wwwroot\thinkphp5_765tm6\web/application/website\view\index\main.html [ array (
) ]
[ info ] [ LOG ] INIT File
[ sql ] [ DB ] CONNECT:[ UseTime:0.002246s ] mysql:host=localhost;port=3306;dbname=mythinkphp5;charset=utf8
[ sql ] [ SQL ] SHOW COLUMNS FROM `Dp_sets` [ RunTime:0.014681s ]
[ sql ] [ SQL ] SELECT `content` FROM `Dp_sets` WHERE  `name` = 'mail' LIMIT 1 [ RunTime:0.002227s ]
[ sql ] [ SQL ] SELECT `content` FROM `Dp_sets` WHERE  `name` = 'wechat' LIMIT 1 [ RunTime:0.000667s ]
---------------------------------------------------------------
[ 2018-10-25T17:21:28+08:00 ] 127.0.0.1 GET /website/index
[ info ] 127.0.0.5/website/index [运行时间：0.159791s][吞吐率：6.26req/s] [内存消耗：2,015.41kb] [文件加载：53]
[ info ] [ DB ] INIT mysql
[ info ] [ LANG ] D:\wwwroot\thinkphp5_765tm6\web\core\lang\zh-cn.php
[ info ] [ ROUTE ] array (
  'type' => 'module',
  'module' => 
  array (
    0 => 'website',
    1 => 'index',
    2 => NULL,
  ),
)
[ info ] [ HEADER ] array (
  'content-type' => '',
  'content-length' => '0',
  'x-original-url' => '/website/index',
  'upgrade-insecure-requests' => '1',
  'user-agent' => 'Mozilla/5.0 (Windows NT 6.3; WOW64) AppleWebKit/537.36 (KHTML, like Gecko) Chrome/55.0.2883.87 Safari/537.36',
  'host' => '127.0.0.5',
  'cookie' => 'Hm_lvt_04fab3def376a222f35762aa47e96232=1539929747; PHPSESSID=6mf5d2l1e2cpkr96l4cna0m0b3',
  'accept-language' => 'zh-CN,zh;q=0.8',
  'accept-encoding' => 'gzip, deflate, sdch, br',
  'accept' => 'text/html,application/xhtml+xml,application/xml;q=0.9,image/webp,*/*;q=0.8',
  'pragma' => 'no-cache',
  'connection' => 'keep-alive',
  'cache-control' => 'no-cache',
)
[ info ] [ PARAM ] array (
)
[ info ] [ RUN ] app\website\controller\Index->index[ D:\wwwroot\thinkphp5_765tm6\web\application\website\controller\Index.php ]
[ info ] [ VIEW ] D:\wwwroot\thinkphp5_765tm6\web/application/website\view\index\index.html [ array (
) ]
[ info ] [ SESSION ] INIT array (
  'id' => '',
  'var_session_id' => '',
  'prefix' => 'Dp',
  'type' => '',
  'auto_start' => true,
)
[ info ] [ LOG ] INIT File
[ sql ] [ DB ] CONNECT:[ UseTime:0.001557s ] mysql:host=localhost;port=3306;dbname=mythinkphp5;charset=utf8
[ sql ] [ SQL ] SHOW COLUMNS FROM `Dp_sets` [ RunTime:0.008163s ]
[ sql ] [ SQL ] SELECT `content` FROM `Dp_sets` WHERE  `name` = 'mail' LIMIT 1 [ RunTime:0.000873s ]
[ sql ] [ SQL ] SELECT `content` FROM `Dp_sets` WHERE  `name` = 'wechat' LIMIT 1 [ RunTime:0.000437s ]
---------------------------------------------------------------
[ 2018-10-25T17:21:29+08:00 ] 127.0.0.1 GET /website/index/main.html
[ info ] 127.0.0.5/website/index/main.html [运行时间：0.091134s][吞吐率：10.97req/s] [内存消耗：1,966.80kb] [文件加载：52]
[ info ] [ DB ] INIT mysql
[ info ] [ LANG ] D:\wwwroot\thinkphp5_765tm6\web\core\lang\zh-cn.php
[ info ] [ ROUTE ] array (
  'type' => 'module',
  'module' => 
  array (
    0 => 'website',
    1 => 'index',
    2 => 'main',
  ),
)
[ info ] [ HEADER ] array (
  'content-type' => '',
  'content-length' => '0',
  'x-original-url' => '/website/index/main.html',
  'upgrade-insecure-requests' => '1',
  'user-agent' => 'Mozilla/5.0 (Windows NT 6.3; WOW64) AppleWebKit/537.36 (KHTML, like Gecko) Chrome/55.0.2883.87 Safari/537.36',
  'referer' => 'http://127.0.0.5/website/index',
  'host' => '127.0.0.5',
  'cookie' => 'Hm_lvt_04fab3def376a222f35762aa47e96232=1539929747; PHPSESSID=6mf5d2l1e2cpkr96l4cna0m0b3',
  'accept-language' => 'zh-CN,zh;q=0.8',
  'accept-encoding' => 'gzip, deflate, sdch, br',
  'accept' => 'text/html,application/xhtml+xml,application/xml;q=0.9,image/webp,*/*;q=0.8',
  'pragma' => 'no-cache',
  'connection' => 'keep-alive',
  'cache-control' => 'no-cache',
)
[ info ] [ PARAM ] array (
)
[ info ] [ RUN ] app\website\controller\Index->main[ D:\wwwroot\thinkphp5_765tm6\web\application\website\controller\Index.php ]
[ info ] [ VIEW ] D:\wwwroot\thinkphp5_765tm6\web/application/website\view\index\main.html [ array (
) ]
[ info ] [ LOG ] INIT File
[ sql ] [ DB ] CONNECT:[ UseTime:0.001707s ] mysql:host=localhost;port=3306;dbname=mythinkphp5;charset=utf8
[ sql ] [ SQL ] SHOW COLUMNS FROM `Dp_sets` [ RunTime:0.012498s ]
[ sql ] [ SQL ] SELECT `content` FROM `Dp_sets` WHERE  `name` = 'mail' LIMIT 1 [ RunTime:0.000667s ]
[ sql ] [ SQL ] SELECT `content` FROM `Dp_sets` WHERE  `name` = 'wechat' LIMIT 1 [ RunTime:0.000514s ]
---------------------------------------------------------------
[ 2018-10-25T17:26:31+08:00 ] 127.0.0.1 GET /website/index
[ info ] 127.0.0.5/website/index [运行时间：0.110018s][吞吐率：9.09req/s] [内存消耗：2,015.34kb] [文件加载：53]
[ info ] [ DB ] INIT mysql
[ info ] [ LANG ] D:\wwwroot\thinkphp5_765tm6\web\core\lang\zh-cn.php
[ info ] [ ROUTE ] array (
  'type' => 'module',
  'module' => 
  array (
    0 => 'website',
    1 => 'index',
    2 => NULL,
  ),
)
[ info ] [ HEADER ] array (
  'content-type' => '',
  'content-length' => '0',
  'x-original-url' => '/website/index',
  'upgrade-insecure-requests' => '1',
  'user-agent' => 'Mozilla/5.0 (Windows NT 6.3; WOW64) AppleWebKit/537.36 (KHTML, like Gecko) Chrome/55.0.2883.87 Safari/537.36',
  'host' => '127.0.0.5',
  'cookie' => 'Hm_lvt_04fab3def376a222f35762aa47e96232=1539929747; PHPSESSID=6mf5d2l1e2cpkr96l4cna0m0b3',
  'accept-language' => 'zh-CN,zh;q=0.8',
  'accept-encoding' => 'gzip, deflate, sdch, br',
  'accept' => 'text/html,application/xhtml+xml,application/xml;q=0.9,image/webp,*/*;q=0.8',
  'connection' => 'keep-alive',
  'cache-control' => 'max-age=0',
)
[ info ] [ PARAM ] array (
)
[ info ] [ RUN ] app\website\controller\Index->index[ D:\wwwroot\thinkphp5_765tm6\web\application\website\controller\Index.php ]
[ info ] [ VIEW ] D:\wwwroot\thinkphp5_765tm6\web/application/website\view\index\index.html [ array (
) ]
[ info ] [ SESSION ] INIT array (
  'id' => '',
  'var_session_id' => '',
  'prefix' => 'Dp',
  'type' => '',
  'auto_start' => true,
)
[ info ] [ LOG ] INIT File
[ sql ] [ DB ] CONNECT:[ UseTime:0.002153s ] mysql:host=localhost;port=3306;dbname=mythinkphp5;charset=utf8
[ sql ] [ SQL ] SHOW COLUMNS FROM `Dp_sets` [ RunTime:0.012214s ]
[ sql ] [ SQL ] SELECT `content` FROM `Dp_sets` WHERE  `name` = 'mail' LIMIT 1 [ RunTime:0.000777s ]
[ sql ] [ SQL ] SELECT `content` FROM `Dp_sets` WHERE  `name` = 'wechat' LIMIT 1 [ RunTime:0.000655s ]
---------------------------------------------------------------
[ 2018-10-25T17:26:32+08:00 ] 127.0.0.1 GET /website/index/main.html
[ info ] 127.0.0.5/website/index/main.html [运行时间：0.526116s][吞吐率：1.90req/s] [内存消耗：1,966.34kb] [文件加载：52]
[ info ] [ DB ] INIT mysql
[ info ] [ LANG ] D:\wwwroot\thinkphp5_765tm6\web\core\lang\zh-cn.php
[ info ] [ ROUTE ] array (
  'type' => 'module',
  'module' => 
  array (
    0 => 'website',
    1 => 'index',
    2 => 'main',
  ),
)
[ info ] [ HEADER ] array (
  'content-type' => '',
  'content-length' => '0',
  'x-original-url' => '/website/index/main.html',
  'upgrade-insecure-requests' => '1',
  'user-agent' => 'Mozilla/5.0 (Windows NT 6.3; WOW64) AppleWebKit/537.36 (KHTML, like Gecko) Chrome/55.0.2883.87 Safari/537.36',
  'referer' => 'http://127.0.0.5/website/index',
  'host' => '127.0.0.5',
  'cookie' => 'Hm_lvt_04fab3def376a222f35762aa47e96232=1539929747; PHPSESSID=6mf5d2l1e2cpkr96l4cna0m0b3',
  'accept-language' => 'zh-CN,zh;q=0.8',
  'accept-encoding' => 'gzip, deflate, sdch, br',
  'accept' => 'text/html,application/xhtml+xml,application/xml;q=0.9,image/webp,*/*;q=0.8',
  'connection' => 'keep-alive',
)
[ info ] [ PARAM ] array (
)
[ info ] [ RUN ] app\website\controller\Index->main[ D:\wwwroot\thinkphp5_765tm6\web\application\website\controller\Index.php ]
[ info ] [ VIEW ] D:\wwwroot\thinkphp5_765tm6\web/application/website\view\index\main.html [ array (
) ]
[ info ] [ LOG ] INIT File
[ sql ] [ DB ] CONNECT:[ UseTime:0.041754s ] mysql:host=localhost;port=3306;dbname=mythinkphp5;charset=utf8
[ sql ] [ SQL ] SHOW COLUMNS FROM `Dp_sets` [ RunTime:0.010896s ]
[ sql ] [ SQL ] SELECT `content` FROM `Dp_sets` WHERE  `name` = 'mail' LIMIT 1 [ RunTime:0.000686s ]
[ sql ] [ SQL ] SELECT `content` FROM `Dp_sets` WHERE  `name` = 'wechat' LIMIT 1 [ RunTime:0.000816s ]
---------------------------------------------------------------
[ 2018-10-25T17:26:41+08:00 ] 127.0.0.1 GET /website/article/index/id/7
[ info ] 127.0.0.5/website/article/index/id/7 [运行时间：0.132658s][吞吐率：7.54req/s] [内存消耗：2,069.66kb] [文件加载：54]
[ info ] [ DB ] INIT mysql
[ info ] [ LANG ] D:\wwwroot\thinkphp5_765tm6\web\core\lang\zh-cn.php
[ info ] [ ROUTE ] array (
  'type' => 'module',
  'module' => 
  array (
    0 => 'website',
    1 => 'article',
    2 => 'index',
  ),
)
[ info ] [ HEADER ] array (
  'content-type' => '',
  'content-length' => '0',
  'x-original-url' => '/website/article/index/id/7',
  'upgrade-insecure-requests' => '1',
  'user-agent' => 'Mozilla/5.0 (Windows NT 6.3; WOW64) AppleWebKit/537.36 (KHTML, like Gecko) Chrome/55.0.2883.87 Safari/537.36',
  'referer' => 'http://127.0.0.5/website/index',
  'host' => '127.0.0.5',
  'cookie' => 'Hm_lvt_04fab3def376a222f35762aa47e96232=1539929747; PHPSESSID=6mf5d2l1e2cpkr96l4cna0m0b3',
  'accept-language' => 'zh-CN,zh;q=0.8',
  'accept-encoding' => 'gzip, deflate, sdch, br',
  'accept' => 'text/html,application/xhtml+xml,application/xml;q=0.9,image/webp,*/*;q=0.8',
  'connection' => 'keep-alive',
)
[ info ] [ PARAM ] array (
  'id' => '7',
)
[ info ] [ RUN ] app\website\controller\Article->index[ D:\wwwroot\thinkphp5_765tm6\web\application\website\controller\Article.php ]
[ info ] [ VIEW ] D:\wwwroot\thinkphp5_765tm6\web/application/website\view\article\index.html [ array (
  0 => 'id',
  1 => 'pid',
  2 => 'list',
) ]
[ info ] [ LOG ] INIT File
[ sql ] [ DB ] CONNECT:[ UseTime:0.002915s ] mysql:host=localhost;port=3306;dbname=mythinkphp5;charset=utf8
[ sql ] [ SQL ] SHOW COLUMNS FROM `Dp_sets` [ RunTime:0.013224s ]
[ sql ] [ SQL ] SELECT `content` FROM `Dp_sets` WHERE  `name` = 'mail' LIMIT 1 [ RunTime:0.001307s ]
[ sql ] [ SQL ] SELECT `content` FROM `Dp_sets` WHERE  `name` = 'wechat' LIMIT 1 [ RunTime:0.000779s ]
[ sql ] [ SQL ] SHOW COLUMNS FROM `Dp_cate` [ RunTime:0.012909s ]
[ sql ] [ SQL ] SELECT `id`,`pid`,`name` FROM `Dp_cate` WHERE  `model` = 'article' [ RunTime:0.001210s ]
[ sql ] [ SQL ] SELECT `pid` FROM `Dp_cate` WHERE  `pid` > 0 GROUP BY `pid` [ RunTime:0.001301s ]
---------------------------------------------------------------
[ 2018-10-25T17:26:41+08:00 ] 127.0.0.1 GET /website/article/fpage/id/7?page=1&limit=15
[ info ] 127.0.0.5/website/article/fpage/id/7?page=1&limit=15 [运行时间：0.096636s][吞吐率：10.35req/s] [内存消耗：2,003.10kb] [文件加载：53]
[ info ] [ DB ] INIT mysql
[ info ] [ LANG ] D:\wwwroot\thinkphp5_765tm6\web\core\lang\zh-cn.php
[ info ] [ ROUTE ] array (
  'type' => 'module',
  'module' => 
  array (
    0 => 'website',
    1 => 'article',
    2 => 'fpage',
  ),
)
[ info ] [ HEADER ] array (
  'content-type' => '',
  'content-length' => '0',
  'x-original-url' => '/website/article/fpage/id/7?page=1&limit=15',
  'x-requested-with' => 'XMLHttpRequest',
  'user-agent' => 'Mozilla/5.0 (Windows NT 6.3; WOW64) AppleWebKit/537.36 (KHTML, like Gecko) Chrome/55.0.2883.87 Safari/537.36',
  'referer' => 'http://127.0.0.5/website/article/index/id/7',
  'host' => '127.0.0.5',
  'cookie' => 'Hm_lvt_04fab3def376a222f35762aa47e96232=1539929747; PHPSESSID=6mf5d2l1e2cpkr96l4cna0m0b3',
  'accept-language' => 'zh-CN,zh;q=0.8',
  'accept-encoding' => 'gzip, deflate, sdch, br',
  'accept' => 'application/json, text/javascript, */*; q=0.01',
  'connection' => 'keep-alive',
)
[ info ] [ PARAM ] array (
  'page' => '1',
  'limit' => '15',
  'id' => '7',
)
[ info ] [ RUN ] app\website\controller\Article->fpage[ D:\wwwroot\thinkphp5_765tm6\web\application\website\controller\Article.php ]
[ info ] [ LOG ] INIT File
[ sql ] [ DB ] CONNECT:[ UseTime:0.003063s ] mysql:host=localhost;port=3306;dbname=mythinkphp5;charset=utf8
[ sql ] [ SQL ] SHOW COLUMNS FROM `Dp_sets` [ RunTime:0.009494s ]
[ sql ] [ SQL ] SELECT `content` FROM `Dp_sets` WHERE  `name` = 'mail' LIMIT 1 [ RunTime:0.002348s ]
[ sql ] [ SQL ] SELECT `content` FROM `Dp_sets` WHERE  `name` = 'wechat' LIMIT 1 [ RunTime:0.000741s ]
[ sql ] [ SQL ] SHOW COLUMNS FROM `Dp_article` [ RunTime:0.008980s ]
[ sql ] [ SQL ] SELECT COUNT(*) AS tp_count FROM `Dp_article` WHERE  `del` = 0  AND `cid` = 7 LIMIT 1 [ RunTime:0.001062s ]
[ sql ] [ SQL ] SELECT id,title,pic,tj,FROM_UNIXTIME(time,"%Y-%m-%d") as times,author FROM `Dp_article` WHERE  `del` = 0  AND `cid` = 7 ORDER BY `time` DESC LIMIT 0,15 [ RunTime:0.001500s ]
---------------------------------------------------------------
[ 2018-10-25T17:26:42+08:00 ] 127.0.0.1 GET /website/article/index/id/8
[ info ] 127.0.0.5/website/article/index/id/8 [运行时间：0.169695s][吞吐率：5.89req/s] [内存消耗：2,069.66kb] [文件加载：54]
[ info ] [ DB ] INIT mysql
[ info ] [ LANG ] D:\wwwroot\thinkphp5_765tm6\web\core\lang\zh-cn.php
[ info ] [ ROUTE ] array (
  'type' => 'module',
  'module' => 
  array (
    0 => 'website',
    1 => 'article',
    2 => 'index',
  ),
)
[ info ] [ HEADER ] array (
  'content-type' => '',
  'content-length' => '0',
  'x-original-url' => '/website/article/index/id/8',
  'upgrade-insecure-requests' => '1',
  'user-agent' => 'Mozilla/5.0 (Windows NT 6.3; WOW64) AppleWebKit/537.36 (KHTML, like Gecko) Chrome/55.0.2883.87 Safari/537.36',
  'referer' => 'http://127.0.0.5/website/index',
  'host' => '127.0.0.5',
  'cookie' => 'Hm_lvt_04fab3def376a222f35762aa47e96232=1539929747; PHPSESSID=6mf5d2l1e2cpkr96l4cna0m0b3',
  'accept-language' => 'zh-CN,zh;q=0.8',
  'accept-encoding' => 'gzip, deflate, sdch, br',
  'accept' => 'text/html,application/xhtml+xml,application/xml;q=0.9,image/webp,*/*;q=0.8',
  'connection' => 'keep-alive',
)
[ info ] [ PARAM ] array (
  'id' => '8',
)
[ info ] [ RUN ] app\website\controller\Article->index[ D:\wwwroot\thinkphp5_765tm6\web\application\website\controller\Article.php ]
[ info ] [ VIEW ] D:\wwwroot\thinkphp5_765tm6\web/application/website\view\article\index.html [ array (
  0 => 'id',
  1 => 'pid',
  2 => 'list',
) ]
[ info ] [ LOG ] INIT File
[ sql ] [ DB ] CONNECT:[ UseTime:0.012821s ] mysql:host=localhost;port=3306;dbname=mythinkphp5;charset=utf8
[ sql ] [ SQL ] SHOW COLUMNS FROM `Dp_sets` [ RunTime:0.015999s ]
[ sql ] [ SQL ] SELECT `content` FROM `Dp_sets` WHERE  `name` = 'mail' LIMIT 1 [ RunTime:0.001574s ]
[ sql ] [ SQL ] SELECT `content` FROM `Dp_sets` WHERE  `name` = 'wechat' LIMIT 1 [ RunTime:0.000618s ]
[ sql ] [ SQL ] SHOW COLUMNS FROM `Dp_cate` [ RunTime:0.010062s ]
[ sql ] [ SQL ] SELECT `id`,`pid`,`name` FROM `Dp_cate` WHERE  `model` = 'article' [ RunTime:0.000800s ]
[ sql ] [ SQL ] SELECT `pid` FROM `Dp_cate` WHERE  `pid` > 0 GROUP BY `pid` [ RunTime:0.000952s ]
---------------------------------------------------------------
[ 2018-10-25T17:26:42+08:00 ] 127.0.0.1 GET /website/article/fpage/id/8?page=1&limit=15
[ info ] 127.0.0.5/website/article/fpage/id/8?page=1&limit=15 [运行时间：0.100495s][吞吐率：9.95req/s] [内存消耗：2,003.10kb] [文件加载：53]
[ info ] [ DB ] INIT mysql
[ info ] [ LANG ] D:\wwwroot\thinkphp5_765tm6\web\core\lang\zh-cn.php
[ info ] [ ROUTE ] array (
  'type' => 'module',
  'module' => 
  array (
    0 => 'website',
    1 => 'article',
    2 => 'fpage',
  ),
)
[ info ] [ HEADER ] array (
  'content-type' => '',
  'content-length' => '0',
  'x-original-url' => '/website/article/fpage/id/8?page=1&limit=15',
  'x-requested-with' => 'XMLHttpRequest',
  'user-agent' => 'Mozilla/5.0 (Windows NT 6.3; WOW64) AppleWebKit/537.36 (KHTML, like Gecko) Chrome/55.0.2883.87 Safari/537.36',
  'referer' => 'http://127.0.0.5/website/article/index/id/8',
  'host' => '127.0.0.5',
  'cookie' => 'Hm_lvt_04fab3def376a222f35762aa47e96232=1539929747; PHPSESSID=6mf5d2l1e2cpkr96l4cna0m0b3',
  'accept-language' => 'zh-CN,zh;q=0.8',
  'accept-encoding' => 'gzip, deflate, sdch, br',
  'accept' => 'application/json, text/javascript, */*; q=0.01',
  'connection' => 'keep-alive',
)
[ info ] [ PARAM ] array (
  'page' => '1',
  'limit' => '15',
  'id' => '8',
)
[ info ] [ RUN ] app\website\controller\Article->fpage[ D:\wwwroot\thinkphp5_765tm6\web\application\website\controller\Article.php ]
[ info ] [ LOG ] INIT File
[ sql ] [ DB ] CONNECT:[ UseTime:0.001766s ] mysql:host=localhost;port=3306;dbname=mythinkphp5;charset=utf8
[ sql ] [ SQL ] SHOW COLUMNS FROM `Dp_sets` [ RunTime:0.010094s ]
[ sql ] [ SQL ] SELECT `content` FROM `Dp_sets` WHERE  `name` = 'mail' LIMIT 1 [ RunTime:0.001189s ]
[ sql ] [ SQL ] SELECT `content` FROM `Dp_sets` WHERE  `name` = 'wechat' LIMIT 1 [ RunTime:0.001122s ]
[ sql ] [ SQL ] SHOW COLUMNS FROM `Dp_article` [ RunTime:0.008961s ]
[ sql ] [ SQL ] SELECT COUNT(*) AS tp_count FROM `Dp_article` WHERE  `del` = 0  AND `cid` = 8 LIMIT 1 [ RunTime:0.000732s ]
[ sql ] [ SQL ] SELECT id,title,pic,tj,FROM_UNIXTIME(time,"%Y-%m-%d") as times,author FROM `Dp_article` WHERE  `del` = 0  AND `cid` = 8 ORDER BY `time` DESC LIMIT 0,15 [ RunTime:0.001157s ]
---------------------------------------------------------------
[ 2018-10-25T17:28:08+08:00 ] 127.0.0.1 GET /website/index
[ info ] 127.0.0.5/website/index [运行时间：0.147763s][吞吐率：6.77req/s] [内存消耗：2,015.34kb] [文件加载：53]
[ info ] [ DB ] INIT mysql
[ info ] [ LANG ] D:\wwwroot\thinkphp5_765tm6\web\core\lang\zh-cn.php
[ info ] [ ROUTE ] array (
  'type' => 'module',
  'module' => 
  array (
    0 => 'website',
    1 => 'index',
    2 => NULL,
  ),
)
[ info ] [ HEADER ] array (
  'content-type' => '',
  'content-length' => '0',
  'x-original-url' => '/website/index',
  'upgrade-insecure-requests' => '1',
  'user-agent' => 'Mozilla/5.0 (Windows NT 6.3; WOW64) AppleWebKit/537.36 (KHTML, like Gecko) Chrome/55.0.2883.87 Safari/537.36',
  'host' => '127.0.0.5',
  'cookie' => 'Hm_lvt_04fab3def376a222f35762aa47e96232=1539929747; PHPSESSID=6mf5d2l1e2cpkr96l4cna0m0b3',
  'accept-language' => 'zh-CN,zh;q=0.8',
  'accept-encoding' => 'gzip, deflate, sdch, br',
  'accept' => 'text/html,application/xhtml+xml,application/xml;q=0.9,image/webp,*/*;q=0.8',
  'connection' => 'keep-alive',
  'cache-control' => 'max-age=0',
)
[ info ] [ PARAM ] array (
)
[ info ] [ RUN ] app\website\controller\Index->index[ D:\wwwroot\thinkphp5_765tm6\web\application\website\controller\Index.php ]
[ info ] [ VIEW ] D:\wwwroot\thinkphp5_765tm6\web/application/website\view\index\index.html [ array (
) ]
[ info ] [ SESSION ] INIT array (
  'id' => '',
  'var_session_id' => '',
  'prefix' => 'Dp',
  'type' => '',
  'auto_start' => true,
)
[ info ] [ LOG ] INIT File
[ sql ] [ DB ] CONNECT:[ UseTime:0.001971s ] mysql:host=localhost;port=3306;dbname=mythinkphp5;charset=utf8
[ sql ] [ SQL ] SHOW COLUMNS FROM `Dp_sets` [ RunTime:0.043573s ]
[ sql ] [ SQL ] SELECT `content` FROM `Dp_sets` WHERE  `name` = 'mail' LIMIT 1 [ RunTime:0.001023s ]
[ sql ] [ SQL ] SELECT `content` FROM `Dp_sets` WHERE  `name` = 'wechat' LIMIT 1 [ RunTime:0.000699s ]
---------------------------------------------------------------
[ 2018-10-25T17:28:09+08:00 ] 127.0.0.1 GET /website/index/main.html
[ info ] 127.0.0.5/website/index/main.html [运行时间：0.175556s][吞吐率：5.70req/s] [内存消耗：1,966.34kb] [文件加载：52]
[ info ] [ DB ] INIT mysql
[ info ] [ LANG ] D:\wwwroot\thinkphp5_765tm6\web\core\lang\zh-cn.php
[ info ] [ ROUTE ] array (
  'type' => 'module',
  'module' => 
  array (
    0 => 'website',
    1 => 'index',
    2 => 'main',
  ),
)
[ info ] [ HEADER ] array (
  'content-type' => '',
  'content-length' => '0',
  'x-original-url' => '/website/index/main.html',
  'upgrade-insecure-requests' => '1',
  'user-agent' => 'Mozilla/5.0 (Windows NT 6.3; WOW64) AppleWebKit/537.36 (KHTML, like Gecko) Chrome/55.0.2883.87 Safari/537.36',
  'referer' => 'http://127.0.0.5/website/index',
  'host' => '127.0.0.5',
  'cookie' => 'Hm_lvt_04fab3def376a222f35762aa47e96232=1539929747; PHPSESSID=6mf5d2l1e2cpkr96l4cna0m0b3',
  'accept-language' => 'zh-CN,zh;q=0.8',
  'accept-encoding' => 'gzip, deflate, sdch, br',
  'accept' => 'text/html,application/xhtml+xml,application/xml;q=0.9,image/webp,*/*;q=0.8',
  'connection' => 'keep-alive',
)
[ info ] [ PARAM ] array (
)
[ info ] [ RUN ] app\website\controller\Index->main[ D:\wwwroot\thinkphp5_765tm6\web\application\website\controller\Index.php ]
[ info ] [ VIEW ] D:\wwwroot\thinkphp5_765tm6\web/application/website\view\index\main.html [ array (
) ]
[ info ] [ LOG ] INIT File
[ sql ] [ DB ] CONNECT:[ UseTime:0.011295s ] mysql:host=localhost;port=3306;dbname=mythinkphp5;charset=utf8
[ sql ] [ SQL ] SHOW COLUMNS FROM `Dp_sets` [ RunTime:0.012048s ]
[ sql ] [ SQL ] SELECT `content` FROM `Dp_sets` WHERE  `name` = 'mail' LIMIT 1 [ RunTime:0.000752s ]
[ sql ] [ SQL ] SELECT `content` FROM `Dp_sets` WHERE  `name` = 'wechat' LIMIT 1 [ RunTime:0.000800s ]
---------------------------------------------------------------
[ 2018-10-25T17:28:11+08:00 ] 127.0.0.1 GET /website/index
[ info ] 127.0.0.5/website/index [运行时间：0.114912s][吞吐率：8.70req/s] [内存消耗：2,015.41kb] [文件加载：53]
[ info ] [ DB ] INIT mysql
[ info ] [ LANG ] D:\wwwroot\thinkphp5_765tm6\web\core\lang\zh-cn.php
[ info ] [ ROUTE ] array (
  'type' => 'module',
  'module' => 
  array (
    0 => 'website',
    1 => 'index',
    2 => NULL,
  ),
)
[ info ] [ HEADER ] array (
  'content-type' => '',
  'content-length' => '0',
  'x-original-url' => '/website/index',
  'upgrade-insecure-requests' => '1',
  'user-agent' => 'Mozilla/5.0 (Windows NT 6.3; WOW64) AppleWebKit/537.36 (KHTML, like Gecko) Chrome/55.0.2883.87 Safari/537.36',
  'host' => '127.0.0.5',
  'cookie' => 'Hm_lvt_04fab3def376a222f35762aa47e96232=1539929747; PHPSESSID=6mf5d2l1e2cpkr96l4cna0m0b3',
  'accept-language' => 'zh-CN,zh;q=0.8',
  'accept-encoding' => 'gzip, deflate, sdch, br',
  'accept' => 'text/html,application/xhtml+xml,application/xml;q=0.9,image/webp,*/*;q=0.8',
  'pragma' => 'no-cache',
  'connection' => 'keep-alive',
  'cache-control' => 'no-cache',
)
[ info ] [ PARAM ] array (
)
[ info ] [ RUN ] app\website\controller\Index->index[ D:\wwwroot\thinkphp5_765tm6\web\application\website\controller\Index.php ]
[ info ] [ VIEW ] D:\wwwroot\thinkphp5_765tm6\web/application/website\view\index\index.html [ array (
) ]
[ info ] [ SESSION ] INIT array (
  'id' => '',
  'var_session_id' => '',
  'prefix' => 'Dp',
  'type' => '',
  'auto_start' => true,
)
[ info ] [ LOG ] INIT File
[ sql ] [ DB ] CONNECT:[ UseTime:0.002088s ] mysql:host=localhost;port=3306;dbname=mythinkphp5;charset=utf8
[ sql ] [ SQL ] SHOW COLUMNS FROM `Dp_sets` [ RunTime:0.011012s ]
[ sql ] [ SQL ] SELECT `content` FROM `Dp_sets` WHERE  `name` = 'mail' LIMIT 1 [ RunTime:0.000815s ]
[ sql ] [ SQL ] SELECT `content` FROM `Dp_sets` WHERE  `name` = 'wechat' LIMIT 1 [ RunTime:0.000611s ]
---------------------------------------------------------------
[ 2018-10-25T17:28:11+08:00 ] 127.0.0.1 GET /website/index/main.html
[ info ] 127.0.0.5/website/index/main.html [运行时间：0.147192s][吞吐率：6.79req/s] [内存消耗：1,966.80kb] [文件加载：52]
[ info ] [ DB ] INIT mysql
[ info ] [ LANG ] D:\wwwroot\thinkphp5_765tm6\web\core\lang\zh-cn.php
[ info ] [ ROUTE ] array (
  'type' => 'module',
  'module' => 
  array (
    0 => 'website',
    1 => 'index',
    2 => 'main',
  ),
)
[ info ] [ HEADER ] array (
  'content-type' => '',
  'content-length' => '0',
  'x-original-url' => '/website/index/main.html',
  'upgrade-insecure-requests' => '1',
  'user-agent' => 'Mozilla/5.0 (Windows NT 6.3; WOW64) AppleWebKit/537.36 (KHTML, like Gecko) Chrome/55.0.2883.87 Safari/537.36',
  'referer' => 'http://127.0.0.5/website/index',
  'host' => '127.0.0.5',
  'cookie' => 'Hm_lvt_04fab3def376a222f35762aa47e96232=1539929747; PHPSESSID=6mf5d2l1e2cpkr96l4cna0m0b3',
  'accept-language' => 'zh-CN,zh;q=0.8',
  'accept-encoding' => 'gzip, deflate, sdch, br',
  'accept' => 'text/html,application/xhtml+xml,application/xml;q=0.9,image/webp,*/*;q=0.8',
  'pragma' => 'no-cache',
  'connection' => 'keep-alive',
  'cache-control' => 'no-cache',
)
[ info ] [ PARAM ] array (
)
[ info ] [ RUN ] app\website\controller\Index->main[ D:\wwwroot\thinkphp5_765tm6\web\application\website\controller\Index.php ]
[ info ] [ VIEW ] D:\wwwroot\thinkphp5_765tm6\web/application/website\view\index\main.html [ array (
) ]
[ info ] [ LOG ] INIT File
[ sql ] [ DB ] CONNECT:[ UseTime:0.001734s ] mysql:host=localhost;port=3306;dbname=mythinkphp5;charset=utf8
[ sql ] [ SQL ] SHOW COLUMNS FROM `Dp_sets` [ RunTime:0.022102s ]
[ sql ] [ SQL ] SELECT `content` FROM `Dp_sets` WHERE  `name` = 'mail' LIMIT 1 [ RunTime:0.001118s ]
[ sql ] [ SQL ] SELECT `content` FROM `Dp_sets` WHERE  `name` = 'wechat' LIMIT 1 [ RunTime:0.000927s ]
---------------------------------------------------------------
[ 2018-10-25T17:28:11+08:00 ] 127.0.0.1 GET /website/index
[ info ] 127.0.0.5/website/index [运行时间：0.102573s][吞吐率：9.75req/s] [内存消耗：2,015.48kb] [文件加载：53]
[ info ] [ DB ] INIT mysql
[ info ] [ LANG ] D:\wwwroot\thinkphp5_765tm6\web\core\lang\zh-cn.php
[ info ] [ ROUTE ] array (
  'type' => 'module',
  'module' => 
  array (
    0 => 'website',
    1 => 'index',
    2 => NULL,
  ),
)
[ info ] [ HEADER ] array (
  'content-type' => '',
  'content-length' => '0',
  'x-original-url' => '/website/index',
  'upgrade-insecure-requests' => '1',
  'user-agent' => 'Mozilla/5.0 (Windows NT 6.3; WOW64) AppleWebKit/537.36 (KHTML, like Gecko) Chrome/55.0.2883.87 Safari/537.36',
  'host' => '127.0.0.5',
  'cookie' => 'Hm_lvt_04fab3def376a222f35762aa47e96232=1539929747; PHPSESSID=6mf5d2l1e2cpkr96l4cna0m0b3',
  'accept-language' => 'zh-CN,zh;q=0.8',
  'accept-encoding' => 'gzip, deflate, sdch, br',
  'accept' => 'text/html,application/xhtml+xml,application/xml;q=0.9,image/webp,*/*;q=0.8',
  'pragma' => 'no-cache',
  'connection' => 'keep-alive',
  'cache-control' => 'no-cache',
)
[ info ] [ PARAM ] array (
)
[ info ] [ RUN ] app\website\controller\Index->index[ D:\wwwroot\thinkphp5_765tm6\web\application\website\controller\Index.php ]
[ info ] [ VIEW ] D:\wwwroot\thinkphp5_765tm6\web/application/website\view\index\index.html [ array (
) ]
[ info ] [ SESSION ] INIT array (
  'id' => '',
  'var_session_id' => '',
  'prefix' => 'Dp',
  'type' => '',
  'auto_start' => true,
)
[ info ] [ LOG ] INIT File
[ sql ] [ DB ] CONNECT:[ UseTime:0.005227s ] mysql:host=localhost;port=3306;dbname=mythinkphp5;charset=utf8
[ sql ] [ SQL ] SHOW COLUMNS FROM `Dp_sets` [ RunTime:0.009418s ]
[ sql ] [ SQL ] SELECT `content` FROM `Dp_sets` WHERE  `name` = 'mail' LIMIT 1 [ RunTime:0.000613s ]
[ sql ] [ SQL ] SELECT `content` FROM `Dp_sets` WHERE  `name` = 'wechat' LIMIT 1 [ RunTime:0.000512s ]
---------------------------------------------------------------
[ 2018-10-25T17:28:12+08:00 ] 127.0.0.1 GET /website/index
[ info ] 127.0.0.5/website/index [运行时间：0.214486s][吞吐率：4.66req/s] [内存消耗：2,015.48kb] [文件加载：53]
[ info ] [ DB ] INIT mysql
[ info ] [ LANG ] D:\wwwroot\thinkphp5_765tm6\web\core\lang\zh-cn.php
[ info ] [ ROUTE ] array (
  'type' => 'module',
  'module' => 
  array (
    0 => 'website',
    1 => 'index',
    2 => NULL,
  ),
)
[ info ] [ HEADER ] array (
  'content-type' => '',
  'content-length' => '0',
  'x-original-url' => '/website/index',
  'upgrade-insecure-requests' => '1',
  'user-agent' => 'Mozilla/5.0 (Windows NT 6.3; WOW64) AppleWebKit/537.36 (KHTML, like Gecko) Chrome/55.0.2883.87 Safari/537.36',
  'host' => '127.0.0.5',
  'cookie' => 'Hm_lvt_04fab3def376a222f35762aa47e96232=1539929747; PHPSESSID=6mf5d2l1e2cpkr96l4cna0m0b3',
  'accept-language' => 'zh-CN,zh;q=0.8',
  'accept-encoding' => 'gzip, deflate, sdch, br',
  'accept' => 'text/html,application/xhtml+xml,application/xml;q=0.9,image/webp,*/*;q=0.8',
  'pragma' => 'no-cache',
  'connection' => 'keep-alive',
  'cache-control' => 'no-cache',
)
[ info ] [ PARAM ] array (
)
[ info ] [ RUN ] app\website\controller\Index->index[ D:\wwwroot\thinkphp5_765tm6\web\application\website\controller\Index.php ]
[ info ] [ VIEW ] D:\wwwroot\thinkphp5_765tm6\web/application/website\view\index\index.html [ array (
) ]
[ info ] [ SESSION ] INIT array (
  'id' => '',
  'var_session_id' => '',
  'prefix' => 'Dp',
  'type' => '',
  'auto_start' => true,
)
[ info ] [ LOG ] INIT File
[ sql ] [ DB ] CONNECT:[ UseTime:0.045250s ] mysql:host=localhost;port=3306;dbname=mythinkphp5;charset=utf8
[ sql ] [ SQL ] SHOW COLUMNS FROM `Dp_sets` [ RunTime:0.014429s ]
[ sql ] [ SQL ] SELECT `content` FROM `Dp_sets` WHERE  `name` = 'mail' LIMIT 1 [ RunTime:0.004234s ]
[ sql ] [ SQL ] SELECT `content` FROM `Dp_sets` WHERE  `name` = 'wechat' LIMIT 1 [ RunTime:0.000534s ]
---------------------------------------------------------------
[ 2018-10-25T17:28:12+08:00 ] 127.0.0.1 GET /website/index/main.html
[ info ] 127.0.0.5/website/index/main.html [运行时间：0.116147s][吞吐率：8.61req/s] [内存消耗：1,966.80kb] [文件加载：52]
[ info ] [ DB ] INIT mysql
[ info ] [ LANG ] D:\wwwroot\thinkphp5_765tm6\web\core\lang\zh-cn.php
[ info ] [ ROUTE ] array (
  'type' => 'module',
  'module' => 
  array (
    0 => 'website',
    1 => 'index',
    2 => 'main',
  ),
)
[ info ] [ HEADER ] array (
  'content-type' => '',
  'content-length' => '0',
  'x-original-url' => '/website/index/main.html',
  'upgrade-insecure-requests' => '1',
  'user-agent' => 'Mozilla/5.0 (Windows NT 6.3; WOW64) AppleWebKit/537.36 (KHTML, like Gecko) Chrome/55.0.2883.87 Safari/537.36',
  'referer' => 'http://127.0.0.5/website/index',
  'host' => '127.0.0.5',
  'cookie' => 'Hm_lvt_04fab3def376a222f35762aa47e96232=1539929747; PHPSESSID=6mf5d2l1e2cpkr96l4cna0m0b3',
  'accept-language' => 'zh-CN,zh;q=0.8',
  'accept-encoding' => 'gzip, deflate, sdch, br',
  'accept' => 'text/html,application/xhtml+xml,application/xml;q=0.9,image/webp,*/*;q=0.8',
  'pragma' => 'no-cache',
  'connection' => 'keep-alive',
  'cache-control' => 'no-cache',
)
[ info ] [ PARAM ] array (
)
[ info ] [ RUN ] app\website\controller\Index->main[ D:\wwwroot\thinkphp5_765tm6\web\application\website\controller\Index.php ]
[ info ] [ VIEW ] D:\wwwroot\thinkphp5_765tm6\web/application/website\view\index\main.html [ array (
) ]
[ info ] [ LOG ] INIT File
[ sql ] [ DB ] CONNECT:[ UseTime:0.025472s ] mysql:host=localhost;port=3306;dbname=mythinkphp5;charset=utf8
[ sql ] [ SQL ] SHOW COLUMNS FROM `Dp_sets` [ RunTime:0.009963s ]
[ sql ] [ SQL ] SELECT `content` FROM `Dp_sets` WHERE  `name` = 'mail' LIMIT 1 [ RunTime:0.000526s ]
[ sql ] [ SQL ] SELECT `content` FROM `Dp_sets` WHERE  `name` = 'wechat' LIMIT 1 [ RunTime:0.000470s ]
