---------------------------------------------------------------
[ 2018-10-31T16:19:30+08:00 ] 127.0.0.1 GET /
[ info ] 127.0.0.5/ [运行时间：0.584090s][吞吐率：1.71req/s] [内存消耗：1,732.80kb] [文件加载：44]
[ info ] [ DB ] INIT mysql
[ info ] [ LANG ] D:\wwwroot\thinkphp5_765tm6\web\core\lang\zh-cn.php
[ info ] [ ROUTE ] array (
  'type' => 'module',
  'module' => 
  array (
    0 => '',
    1 => NULL,
    2 => NULL,
  ),
)
[ info ] [ HEADER ] array (
  'content-type' => '',
  'content-length' => '0',
  'upgrade-insecure-requests' => '1',
  'user-agent' => 'Mozilla/5.0 (Windows NT 6.3; WOW64) AppleWebKit/537.36 (KHTML, like Gecko) Chrome/55.0.2883.87 Safari/537.36',
  'host' => '127.0.0.5',
  'cookie' => 'Hm_lvt_04fab3def376a222f35762aa47e96232=1539929747',
  'accept-language' => 'zh-CN,zh;q=0.8',
  'accept-encoding' => 'gzip, deflate, sdch, br',
  'accept' => 'text/html,application/xhtml+xml,application/xml;q=0.9,image/webp,*/*;q=0.8',
  'connection' => 'keep-alive',
)
[ info ] [ PARAM ] array (
)
[ info ] [ RUN ] app\index\controller\Index->index[ D:\wwwroot\thinkphp5_765tm6\web\application\index\controller\Index.php ]
[ info ] [ LOG ] INIT File
[ sql ] [ DB ] CONNECT:[ UseTime:0.007343s ] mysql:host=localhost;port=3306;dbname=mythinkphp5;charset=utf8
[ sql ] [ SQL ] SHOW COLUMNS FROM `Dp_sets` [ RunTime:0.066184s ]
[ sql ] [ SQL ] SELECT `content` FROM `Dp_sets` WHERE  `name` = 'mail' LIMIT 1 [ RunTime:0.015291s ]
[ sql ] [ SQL ] SELECT `content` FROM `Dp_sets` WHERE  `name` = 'wechat' LIMIT 1 [ RunTime:0.000943s ]
---------------------------------------------------------------
[ 2018-10-31T16:19:35+08:00 ] 127.0.0.1 GET /website/index
[ info ] 127.0.0.5/website/index [运行时间：0.242108s][吞吐率：4.13req/s] [内存消耗：2,015.30kb] [文件加载：53]
[ info ] [ DB ] INIT mysql
[ info ] [ LANG ] D:\wwwroot\thinkphp5_765tm6\web\core\lang\zh-cn.php
[ info ] [ ROUTE ] array (
  'type' => 'module',
  'module' => 
  array (
    0 => 'website',
    1 => 'index',
    2 => NULL,
  ),
)
[ info ] [ HEADER ] array (
  'content-type' => '',
  'content-length' => '0',
  'x-original-url' => '/website/index',
  'upgrade-insecure-requests' => '1',
  'user-agent' => 'Mozilla/5.0 (Windows NT 6.3; WOW64) AppleWebKit/537.36 (KHTML, like Gecko) Chrome/55.0.2883.87 Safari/537.36',
  'host' => '127.0.0.5',
  'cookie' => 'Hm_lvt_04fab3def376a222f35762aa47e96232=1539929747',
  'accept-language' => 'zh-CN,zh;q=0.8',
  'accept-encoding' => 'gzip, deflate, sdch, br',
  'accept' => 'text/html,application/xhtml+xml,application/xml;q=0.9,image/webp,*/*;q=0.8',
  'connection' => 'keep-alive',
)
[ info ] [ PARAM ] array (
)
[ info ] [ RUN ] app\website\controller\Index->index[ D:\wwwroot\thinkphp5_765tm6\web\application\website\controller\Index.php ]
[ info ] [ VIEW ] D:\wwwroot\thinkphp5_765tm6\web/application/website\view\index\index.html [ array (
) ]
[ info ] [ SESSION ] INIT array (
  'id' => '',
  'var_session_id' => '',
  'prefix' => 'Dp',
  'type' => '',
  'auto_start' => true,
)
[ info ] [ LOG ] INIT File
[ sql ] [ DB ] CONNECT:[ UseTime:0.011552s ] mysql:host=localhost;port=3306;dbname=mythinkphp5;charset=utf8
[ sql ] [ SQL ] SHOW COLUMNS FROM `Dp_sets` [ RunTime:0.011757s ]
[ sql ] [ SQL ] SELECT `content` FROM `Dp_sets` WHERE  `name` = 'mail' LIMIT 1 [ RunTime:0.000823s ]
[ sql ] [ SQL ] SELECT `content` FROM `Dp_sets` WHERE  `name` = 'wechat' LIMIT 1 [ RunTime:0.000721s ]
---------------------------------------------------------------
[ 2018-10-31T16:19:36+08:00 ] 127.0.0.1 GET /website/index/main.html
[ info ] 127.0.0.5/website/index/main.html [运行时间：0.156720s][吞吐率：6.38req/s] [内存消耗：1,966.43kb] [文件加载：52]
[ info ] [ DB ] INIT mysql
[ info ] [ LANG ] D:\wwwroot\thinkphp5_765tm6\web\core\lang\zh-cn.php
[ info ] [ ROUTE ] array (
  'type' => 'module',
  'module' => 
  array (
    0 => 'website',
    1 => 'index',
    2 => 'main',
  ),
)
[ info ] [ HEADER ] array (
  'content-type' => '',
  'content-length' => '0',
  'x-original-url' => '/website/index/main.html',
  'upgrade-insecure-requests' => '1',
  'user-agent' => 'Mozilla/5.0 (Windows NT 6.3; WOW64) AppleWebKit/537.36 (KHTML, like Gecko) Chrome/55.0.2883.87 Safari/537.36',
  'referer' => 'http://127.0.0.5/website/index',
  'host' => '127.0.0.5',
  'cookie' => 'Hm_lvt_04fab3def376a222f35762aa47e96232=1539929747; PHPSESSID=g1ip79ltkcjp11el1jeei2p553',
  'accept-language' => 'zh-CN,zh;q=0.8',
  'accept-encoding' => 'gzip, deflate, sdch, br',
  'accept' => 'text/html,application/xhtml+xml,application/xml;q=0.9,image/webp,*/*;q=0.8',
  'connection' => 'keep-alive',
)
[ info ] [ PARAM ] array (
)
[ info ] [ RUN ] app\website\controller\Index->main[ D:\wwwroot\thinkphp5_765tm6\web\application\website\controller\Index.php ]
[ info ] [ VIEW ] D:\wwwroot\thinkphp5_765tm6\web/application/website\view\index\main.html [ array (
) ]
[ info ] [ LOG ] INIT File
[ sql ] [ DB ] CONNECT:[ UseTime:0.003032s ] mysql:host=localhost;port=3306;dbname=mythinkphp5;charset=utf8
[ sql ] [ SQL ] SHOW COLUMNS FROM `Dp_sets` [ RunTime:0.011942s ]
[ sql ] [ SQL ] SELECT `content` FROM `Dp_sets` WHERE  `name` = 'mail' LIMIT 1 [ RunTime:0.000750s ]
[ sql ] [ SQL ] SELECT `content` FROM `Dp_sets` WHERE  `name` = 'wechat' LIMIT 1 [ RunTime:0.000698s ]
---------------------------------------------------------------
[ 2018-10-31T16:19:37+08:00 ] 127.0.0.1 GET /website/index/getmenu/id/1
[ info ] 127.0.0.5/website/index/getmenu/id/1 [运行时间：0.225598s][吞吐率：4.43req/s] [内存消耗：2,055.88kb] [文件加载：54]
[ info ] [ DB ] INIT mysql
[ info ] [ LANG ] D:\wwwroot\thinkphp5_765tm6\web\core\lang\zh-cn.php
[ info ] [ ROUTE ] array (
  'type' => 'module',
  'module' => 
  array (
    0 => 'website',
    1 => 'index',
    2 => 'getmenu',
  ),
)
[ info ] [ HEADER ] array (
  'content-type' => '',
  'content-length' => '0',
  'x-original-url' => '/website/index/getmenu/id/1',
  'x-requested-with' => 'XMLHttpRequest',
  'user-agent' => 'Mozilla/5.0 (Windows NT 6.3; WOW64) AppleWebKit/537.36 (KHTML, like Gecko) Chrome/55.0.2883.87 Safari/537.36',
  'referer' => 'http://127.0.0.5/website/index',
  'host' => '127.0.0.5',
  'cookie' => 'Hm_lvt_04fab3def376a222f35762aa47e96232=1539929747; PHPSESSID=g1ip79ltkcjp11el1jeei2p553',
  'accept-language' => 'zh-CN,zh;q=0.8',
  'accept-encoding' => 'gzip, deflate, sdch, br',
  'accept' => 'application/json, text/javascript, */*; q=0.01',
  'connection' => 'keep-alive',
)
[ info ] [ PARAM ] array (
  'id' => '1',
)
[ info ] [ RUN ] app\website\controller\Index->getmenu[ D:\wwwroot\thinkphp5_765tm6\web\application\website\controller\Index.php ]
[ info ] [ LOG ] INIT File
[ sql ] [ DB ] CONNECT:[ UseTime:0.003381s ] mysql:host=localhost;port=3306;dbname=mythinkphp5;charset=utf8
[ sql ] [ SQL ] SHOW COLUMNS FROM `Dp_sets` [ RunTime:0.010489s ]
[ sql ] [ SQL ] SELECT `content` FROM `Dp_sets` WHERE  `name` = 'mail' LIMIT 1 [ RunTime:0.000650s ]
[ sql ] [ SQL ] SELECT `content` FROM `Dp_sets` WHERE  `name` = 'wechat' LIMIT 1 [ RunTime:0.000526s ]
[ sql ] [ SQL ] SHOW COLUMNS FROM `Dp_nav` [ RunTime:0.052141s ]
[ sql ] [ SQL ] SELECT `id`,`pid`,`name` AS `title`,`ico` AS `icon`,`url` AS `href`,`orders` FROM `Dp_nav` WHERE  `display` = 1 ORDER BY `orders` ASC,`id` ASC [ RunTime:0.010627s ]
---------------------------------------------------------------
[ 2018-10-31T16:20:00+08:00 ] 127.0.0.1 GET /website/auth/access
[ info ] 127.0.0.5/website/auth/access [运行时间：0.125058s][吞吐率：8.00req/s] [内存消耗：1,950.25kb] [文件加载：51]
[ info ] [ DB ] INIT mysql
[ info ] [ LANG ] D:\wwwroot\thinkphp5_765tm6\web\core\lang\zh-cn.php
[ info ] [ ROUTE ] array (
  'type' => 'module',
  'module' => 
  array (
    0 => 'website',
    1 => 'auth',
    2 => 'access',
  ),
)
[ info ] [ HEADER ] array (
  'content-type' => '',
  'content-length' => '0',
  'x-original-url' => '/website/auth/access',
  'upgrade-insecure-requests' => '1',
  'user-agent' => 'Mozilla/5.0 (Windows NT 6.3; WOW64) AppleWebKit/537.36 (KHTML, like Gecko) Chrome/55.0.2883.87 Safari/537.36',
  'referer' => 'http://127.0.0.5/website/index',
  'host' => '127.0.0.5',
  'cookie' => 'Hm_lvt_04fab3def376a222f35762aa47e96232=1539929747; PHPSESSID=g1ip79ltkcjp11el1jeei2p553',
  'accept-language' => 'zh-CN,zh;q=0.8',
  'accept-encoding' => 'gzip, deflate, sdch, br',
  'accept' => 'text/html,application/xhtml+xml,application/xml;q=0.9,image/webp,*/*;q=0.8',
  'connection' => 'keep-alive',
)
[ info ] [ PARAM ] array (
)
[ info ] [ RUN ] app\website\controller\Auth->access[ D:\wwwroot\thinkphp5_765tm6\web\application\website\controller\Auth.php ]
[ info ] [ LOG ] INIT File
[ sql ] [ DB ] CONNECT:[ UseTime:0.002099s ] mysql:host=localhost;port=3306;dbname=mythinkphp5;charset=utf8
[ sql ] [ SQL ] SHOW COLUMNS FROM `Dp_sets` [ RunTime:0.016000s ]
[ sql ] [ SQL ] SELECT `content` FROM `Dp_sets` WHERE  `name` = 'mail' LIMIT 1 [ RunTime:0.000763s ]
[ sql ] [ SQL ] SELECT `content` FROM `Dp_sets` WHERE  `name` = 'wechat' LIMIT 1 [ RunTime:0.000496s ]
---------------------------------------------------------------
[ 2018-10-31T16:22:37+08:00 ] 127.0.0.1 GET /website/subject/index
[ info ] 127.0.0.5/website/subject/index [运行时间：0.197605s][吞吐率：5.06req/s] [内存消耗：2,126.48kb] [文件加载：55]
[ info ] [ DB ] INIT mysql
[ info ] [ LANG ] D:\wwwroot\thinkphp5_765tm6\web\core\lang\zh-cn.php
[ info ] [ ROUTE ] array (
  'type' => 'module',
  'module' => 
  array (
    0 => 'website',
    1 => 'subject',
    2 => 'index',
  ),
)
[ info ] [ HEADER ] array (
  'content-type' => '',
  'content-length' => '0',
  'x-original-url' => '/website/subject/index',
  'upgrade-insecure-requests' => '1',
  'user-agent' => 'Mozilla/5.0 (Windows NT 6.3; WOW64) AppleWebKit/537.36 (KHTML, like Gecko) Chrome/55.0.2883.87 Safari/537.36',
  'referer' => 'http://127.0.0.5/website/index',
  'host' => '127.0.0.5',
  'cookie' => 'Hm_lvt_04fab3def376a222f35762aa47e96232=1539929747; PHPSESSID=g1ip79ltkcjp11el1jeei2p553',
  'accept-language' => 'zh-CN,zh;q=0.8',
  'accept-encoding' => 'gzip, deflate, sdch, br',
  'accept' => 'text/html,application/xhtml+xml,application/xml;q=0.9,image/webp,*/*;q=0.8',
  'connection' => 'keep-alive',
)
[ info ] [ PARAM ] array (
)
[ info ] [ RUN ] app\website\controller\Subject->index[ D:\wwwroot\thinkphp5_765tm6\web\application\website\controller\Subject.php ]
[ info ] [ VIEW ] D:\wwwroot\thinkphp5_765tm6\web/application/website\view\subject\index.html [ array (
) ]
[ info ] [ LOG ] INIT File
[ sql ] [ DB ] CONNECT:[ UseTime:0.002946s ] mysql:host=localhost;port=3306;dbname=mythinkphp5;charset=utf8
[ sql ] [ SQL ] SHOW COLUMNS FROM `Dp_sets` [ RunTime:0.011551s ]
[ sql ] [ SQL ] SELECT `content` FROM `Dp_sets` WHERE  `name` = 'mail' LIMIT 1 [ RunTime:0.000839s ]
[ sql ] [ SQL ] SELECT `content` FROM `Dp_sets` WHERE  `name` = 'wechat' LIMIT 1 [ RunTime:0.000854s ]
---------------------------------------------------------------
[ 2018-10-31T16:22:38+08:00 ] 127.0.0.1 GET /website/subject/page?page=1&limit=20
[ info ] 127.0.0.5/website/subject/page?page=1&limit=20 [运行时间：0.147885s][吞吐率：6.76req/s] [内存消耗：1,977.16kb] [文件加载：53]
[ info ] [ DB ] INIT mysql
[ info ] [ LANG ] D:\wwwroot\thinkphp5_765tm6\web\core\lang\zh-cn.php
[ info ] [ ROUTE ] array (
  'type' => 'module',
  'module' => 
  array (
    0 => 'website',
    1 => 'subject',
    2 => 'page',
  ),
)
[ info ] [ HEADER ] array (
  'content-type' => '',
  'content-length' => '0',
  'x-original-url' => '/website/subject/page?page=1&limit=20',
  'x-requested-with' => 'XMLHttpRequest',
  'user-agent' => 'Mozilla/5.0 (Windows NT 6.3; WOW64) AppleWebKit/537.36 (KHTML, like Gecko) Chrome/55.0.2883.87 Safari/537.36',
  'referer' => 'http://127.0.0.5/website/subject/index',
  'host' => '127.0.0.5',
  'cookie' => 'Hm_lvt_04fab3def376a222f35762aa47e96232=1539929747; PHPSESSID=g1ip79ltkcjp11el1jeei2p553',
  'accept-language' => 'zh-CN,zh;q=0.8',
  'accept-encoding' => 'gzip, deflate, sdch, br',
  'accept' => 'application/json, text/javascript, */*; q=0.01',
  'connection' => 'keep-alive',
)
[ info ] [ PARAM ] array (
  'page' => '1',
  'limit' => '20',
)
[ info ] [ RUN ] app\website\controller\Subject->page[ D:\wwwroot\thinkphp5_765tm6\web\application\website\controller\Subject.php ]
[ info ] [ LOG ] INIT File
[ sql ] [ DB ] CONNECT:[ UseTime:0.002977s ] mysql:host=localhost;port=3306;dbname=mythinkphp5;charset=utf8
[ sql ] [ SQL ] SHOW COLUMNS FROM `Dp_sets` [ RunTime:0.009490s ]
[ sql ] [ SQL ] SELECT `content` FROM `Dp_sets` WHERE  `name` = 'mail' LIMIT 1 [ RunTime:0.000898s ]
[ sql ] [ SQL ] SELECT `content` FROM `Dp_sets` WHERE  `name` = 'wechat' LIMIT 1 [ RunTime:0.001129s ]
[ sql ] [ SQL ] SHOW COLUMNS FROM `Dp_subject` [ RunTime:0.022953s ]
[ sql ] [ SQL ] SELECT COUNT(*) AS tp_count FROM `Dp_subject` LIMIT 1 [ RunTime:0.000709s ]
[ sql ] [ SQL ] SELECT *,FROM_UNIXTIME(time,"%Y-%m-%d %H:%i") as addTime FROM `Dp_subject` ORDER BY `orders` ASC,`id` ASC LIMIT 0,20 [ RunTime:0.001100s ]
---------------------------------------------------------------
[ 2018-10-31T16:22:41+08:00 ] 127.0.0.1 GET /website/cate/index
[ info ] 127.0.0.5/website/cate/index [运行时间：0.241895s][吞吐率：4.13req/s] [内存消耗：2,056.70kb] [文件加载：54]
[ info ] [ DB ] INIT mysql
[ info ] [ LANG ] D:\wwwroot\thinkphp5_765tm6\web\core\lang\zh-cn.php
[ info ] [ ROUTE ] array (
  'type' => 'module',
  'module' => 
  array (
    0 => 'website',
    1 => 'cate',
    2 => 'index',
  ),
)
[ info ] [ HEADER ] array (
  'content-type' => '',
  'content-length' => '0',
  'x-original-url' => '/website/cate/index',
  'upgrade-insecure-requests' => '1',
  'user-agent' => 'Mozilla/5.0 (Windows NT 6.3; WOW64) AppleWebKit/537.36 (KHTML, like Gecko) Chrome/55.0.2883.87 Safari/537.36',
  'referer' => 'http://127.0.0.5/website/index',
  'host' => '127.0.0.5',
  'cookie' => 'Hm_lvt_04fab3def376a222f35762aa47e96232=1539929747; PHPSESSID=g1ip79ltkcjp11el1jeei2p553',
  'accept-language' => 'zh-CN,zh;q=0.8',
  'accept-encoding' => 'gzip, deflate, sdch, br',
  'accept' => 'text/html,application/xhtml+xml,application/xml;q=0.9,image/webp,*/*;q=0.8',
  'connection' => 'keep-alive',
)
[ info ] [ PARAM ] array (
)
[ info ] [ RUN ] app\website\controller\Cate->index[ D:\wwwroot\thinkphp5_765tm6\web\application\website\controller\Cate.php ]
[ info ] [ VIEW ] D:\wwwroot\thinkphp5_765tm6\web/application/website\view\cate\index.html [ array (
  0 => 'pid',
  1 => 'list',
) ]
[ info ] [ LOG ] INIT File
[ sql ] [ DB ] CONNECT:[ UseTime:0.001976s ] mysql:host=localhost;port=3306;dbname=mythinkphp5;charset=utf8
[ sql ] [ SQL ] SHOW COLUMNS FROM `Dp_sets` [ RunTime:0.011437s ]
[ sql ] [ SQL ] SELECT `content` FROM `Dp_sets` WHERE  `name` = 'mail' LIMIT 1 [ RunTime:0.000731s ]
[ sql ] [ SQL ] SELECT `content` FROM `Dp_sets` WHERE  `name` = 'wechat' LIMIT 1 [ RunTime:0.000667s ]
[ sql ] [ SQL ] SHOW COLUMNS FROM `Dp_cate` [ RunTime:0.070173s ]
[ sql ] [ SQL ] SELECT `id`,`pid`,`name`,`model`,`orders`,`isf` FROM `Dp_cate` ORDER BY `orders` ASC,`id` ASC [ RunTime:0.001094s ]
[ sql ] [ SQL ] SELECT `pid` FROM `Dp_cate` WHERE  `pid` > 0 GROUP BY `pid` [ RunTime:0.001345s ]
---------------------------------------------------------------
[ 2018-10-31T16:34:21+08:00 ] 127.0.0.1 GET /website/auth/access
[ info ] 127.0.0.5/website/auth/access [运行时间：0.156514s][吞吐率：6.39req/s] [内存消耗：2,157.38kb] [文件加载：56]
[ info ] [ DB ] INIT mysql
[ info ] [ LANG ] D:\wwwroot\thinkphp5_765tm6\web\core\lang\zh-cn.php
[ info ] [ ROUTE ] array (
  'type' => 'module',
  'module' => 
  array (
    0 => 'website',
    1 => 'auth',
    2 => 'access',
  ),
)
[ info ] [ HEADER ] array (
  'content-type' => '',
  'content-length' => '0',
  'x-original-url' => '/website/auth/access',
  'upgrade-insecure-requests' => '1',
  'user-agent' => 'Mozilla/5.0 (Windows NT 6.3; WOW64) AppleWebKit/537.36 (KHTML, like Gecko) Chrome/55.0.2883.87 Safari/537.36',
  'referer' => 'http://127.0.0.5/website/auth/access',
  'host' => '127.0.0.5',
  'cookie' => 'Hm_lvt_04fab3def376a222f35762aa47e96232=1539929747; PHPSESSID=g1ip79ltkcjp11el1jeei2p553',
  'accept-language' => 'zh-CN,zh;q=0.8',
  'accept-encoding' => 'gzip, deflate, sdch, br',
  'accept' => 'text/html,application/xhtml+xml,application/xml;q=0.9,image/webp,*/*;q=0.8',
  'connection' => 'keep-alive',
  'cache-control' => 'max-age=0',
)
[ info ] [ PARAM ] array (
)
[ info ] [ RUN ] app\website\controller\Auth->access[ D:\wwwroot\thinkphp5_765tm6\web\application\website\controller\Auth.php ]
[ info ] [ VIEW ] D:\wwwroot\thinkphp5_765tm6\web/application/website\view\auth\access.html [ array (
  0 => 'pid',
  1 => 'list',
) ]
[ info ] [ LOG ] INIT File
[ sql ] [ DB ] CONNECT:[ UseTime:0.008723s ] mysql:host=localhost;port=3306;dbname=mythinkphp5;charset=utf8
[ sql ] [ SQL ] SHOW COLUMNS FROM `Dp_sets` [ RunTime:0.012578s ]
[ sql ] [ SQL ] SELECT `content` FROM `Dp_sets` WHERE  `name` = 'mail' LIMIT 1 [ RunTime:0.000894s ]
[ sql ] [ SQL ] SELECT `content` FROM `Dp_sets` WHERE  `name` = 'wechat' LIMIT 1 [ RunTime:0.000970s ]
[ sql ] [ SQL ] SHOW COLUMNS FROM `Dp_auth_rule` [ RunTime:0.011983s ]
[ sql ] [ SQL ] SELECT `id`,`pid`,`title`,`status` FROM `Dp_auth_rule` ORDER BY `id` ASC [ RunTime:0.000623s ]
[ sql ] [ SQL ] SELECT `pid` FROM `Dp_auth_rule` WHERE  `pid` > 0 GROUP BY `pid` [ RunTime:0.000575s ]
---------------------------------------------------------------
[ 2018-10-31T16:35:42+08:00 ] 127.0.0.1 GET /website/auth/access
[ info ] 127.0.0.5/website/auth/access [运行时间：0.110512s][吞吐率：9.05req/s] [内存消耗：2,157.48kb] [文件加载：56]
[ info ] [ DB ] INIT mysql
[ info ] [ LANG ] D:\wwwroot\thinkphp5_765tm6\web\core\lang\zh-cn.php
[ info ] [ ROUTE ] array (
  'type' => 'module',
  'module' => 
  array (
    0 => 'website',
    1 => 'auth',
    2 => 'access',
  ),
)
[ info ] [ HEADER ] array (
  'content-type' => '',
  'content-length' => '0',
  'x-original-url' => '/website/auth/access',
  'upgrade-insecure-requests' => '1',
  'user-agent' => 'Mozilla/5.0 (Windows NT 6.3; WOW64) AppleWebKit/537.36 (KHTML, like Gecko) Chrome/55.0.2883.87 Safari/537.36',
  'referer' => 'http://127.0.0.5/website/auth/access',
  'host' => '127.0.0.5',
  'cookie' => 'Hm_lvt_04fab3def376a222f35762aa47e96232=1539929747; PHPSESSID=g1ip79ltkcjp11el1jeei2p553',
  'accept-language' => 'zh-CN,zh;q=0.8',
  'accept-encoding' => 'gzip, deflate, sdch, br',
  'accept' => 'text/html,application/xhtml+xml,application/xml;q=0.9,image/webp,*/*;q=0.8',
  'connection' => 'keep-alive',
  'cache-control' => 'max-age=0',
)
[ info ] [ PARAM ] array (
)
[ info ] [ RUN ] app\website\controller\Auth->access[ D:\wwwroot\thinkphp5_765tm6\web\application\website\controller\Auth.php ]
[ info ] [ VIEW ] D:\wwwroot\thinkphp5_765tm6\web/application/website\view\auth\access.html [ array (
  0 => 'pid',
  1 => 'list',
) ]
[ info ] [ LOG ] INIT File
[ sql ] [ DB ] CONNECT:[ UseTime:0.002083s ] mysql:host=localhost;port=3306;dbname=mythinkphp5;charset=utf8
[ sql ] [ SQL ] SHOW COLUMNS FROM `Dp_sets` [ RunTime:0.011150s ]
[ sql ] [ SQL ] SELECT `content` FROM `Dp_sets` WHERE  `name` = 'mail' LIMIT 1 [ RunTime:0.000690s ]
[ sql ] [ SQL ] SELECT `content` FROM `Dp_sets` WHERE  `name` = 'wechat' LIMIT 1 [ RunTime:0.000572s ]
[ sql ] [ SQL ] SHOW COLUMNS FROM `Dp_auth_rule` [ RunTime:0.010666s ]
[ sql ] [ SQL ] SELECT `id`,`pid`,`title`,`status` FROM `Dp_auth_rule` ORDER BY `id` ASC [ RunTime:0.000570s ]
[ sql ] [ SQL ] SELECT `pid` FROM `Dp_auth_rule` WHERE  `pid` > 0 GROUP BY `pid` [ RunTime:0.000501s ]
---------------------------------------------------------------
[ 2018-10-31T16:42:16+08:00 ] 127.0.0.1 GET /website/auth/access
[ info ] 127.0.0.5/website/auth/access [运行时间：0.139893s][吞吐率：7.15req/s] [内存消耗：2,156.92kb] [文件加载：56]
[ info ] [ DB ] INIT mysql
[ info ] [ LANG ] D:\wwwroot\thinkphp5_765tm6\web\core\lang\zh-cn.php
[ info ] [ ROUTE ] array (
  'type' => 'module',
  'module' => 
  array (
    0 => 'website',
    1 => 'auth',
    2 => 'access',
  ),
)
[ info ] [ HEADER ] array (
  'content-type' => '',
  'content-length' => '0',
  'x-original-url' => '/website/auth/access',
  'upgrade-insecure-requests' => '1',
  'user-agent' => 'Mozilla/5.0 (Windows NT 6.3; WOW64) AppleWebKit/537.36 (KHTML, like Gecko) Chrome/55.0.2883.87 Safari/537.36',
  'referer' => 'http://127.0.0.5/website/auth/access',
  'host' => '127.0.0.5',
  'cookie' => 'Hm_lvt_04fab3def376a222f35762aa47e96232=1539929747; PHPSESSID=g1ip79ltkcjp11el1jeei2p553',
  'accept-language' => 'zh-CN,zh;q=0.8',
  'accept-encoding' => 'gzip, deflate, sdch, br',
  'accept' => 'text/html,application/xhtml+xml,application/xml;q=0.9,image/webp,*/*;q=0.8',
  'connection' => 'keep-alive',
  'cache-control' => 'max-age=0',
)
[ info ] [ PARAM ] array (
)
[ info ] [ RUN ] app\website\controller\Auth->access[ D:\wwwroot\thinkphp5_765tm6\web\application\website\controller\Auth.php ]
[ info ] [ VIEW ] D:\wwwroot\thinkphp5_765tm6\web/application/website\view\auth\access.html [ array (
  0 => 'pid',
  1 => 'list',
) ]
[ info ] [ LOG ] INIT File
[ sql ] [ DB ] CONNECT:[ UseTime:0.009287s ] mysql:host=localhost;port=3306;dbname=mythinkphp5;charset=utf8
[ sql ] [ SQL ] SHOW COLUMNS FROM `Dp_sets` [ RunTime:0.012051s ]
[ sql ] [ SQL ] SELECT `content` FROM `Dp_sets` WHERE  `name` = 'mail' LIMIT 1 [ RunTime:0.000863s ]
[ sql ] [ SQL ] SELECT `content` FROM `Dp_sets` WHERE  `name` = 'wechat' LIMIT 1 [ RunTime:0.000668s ]
[ sql ] [ SQL ] SHOW COLUMNS FROM `Dp_auth_rule` [ RunTime:0.011178s ]
[ sql ] [ SQL ] SELECT `id`,`pid`,`name`,`title`,`status` FROM `Dp_auth_rule` ORDER BY `id` ASC [ RunTime:0.000576s ]
[ sql ] [ SQL ] SELECT `pid` FROM `Dp_auth_rule` WHERE  `pid` > 0 GROUP BY `pid` [ RunTime:0.000492s ]
---------------------------------------------------------------
[ 2018-10-31T16:42:40+08:00 ] 127.0.0.1 GET /website/auth/access
[ info ] 127.0.0.5/website/auth/access [运行时间：0.128416s][吞吐率：7.79req/s] [内存消耗：2,156.95kb] [文件加载：56]
[ info ] [ DB ] INIT mysql
[ info ] [ LANG ] D:\wwwroot\thinkphp5_765tm6\web\core\lang\zh-cn.php
[ info ] [ ROUTE ] array (
  'type' => 'module',
  'module' => 
  array (
    0 => 'website',
    1 => 'auth',
    2 => 'access',
  ),
)
[ info ] [ HEADER ] array (
  'content-type' => '',
  'content-length' => '0',
  'x-original-url' => '/website/auth/access',
  'upgrade-insecure-requests' => '1',
  'user-agent' => 'Mozilla/5.0 (Windows NT 6.3; WOW64) AppleWebKit/537.36 (KHTML, like Gecko) Chrome/55.0.2883.87 Safari/537.36',
  'referer' => 'http://127.0.0.5/website/auth/access',
  'host' => '127.0.0.5',
  'cookie' => 'Hm_lvt_04fab3def376a222f35762aa47e96232=1539929747; PHPSESSID=g1ip79ltkcjp11el1jeei2p553',
  'accept-language' => 'zh-CN,zh;q=0.8',
  'accept-encoding' => 'gzip, deflate, sdch, br',
  'accept' => 'text/html,application/xhtml+xml,application/xml;q=0.9,image/webp,*/*;q=0.8',
  'connection' => 'keep-alive',
  'cache-control' => 'max-age=0',
)
[ info ] [ PARAM ] array (
)
[ info ] [ RUN ] app\website\controller\Auth->access[ D:\wwwroot\thinkphp5_765tm6\web\application\website\controller\Auth.php ]
[ info ] [ VIEW ] D:\wwwroot\thinkphp5_765tm6\web/application/website\view\auth\access.html [ array (
  0 => 'pid',
  1 => 'list',
) ]
[ info ] [ LOG ] INIT File
[ sql ] [ DB ] CONNECT:[ UseTime:0.003615s ] mysql:host=localhost;port=3306;dbname=mythinkphp5;charset=utf8
[ sql ] [ SQL ] SHOW COLUMNS FROM `Dp_sets` [ RunTime:0.011530s ]
[ sql ] [ SQL ] SELECT `content` FROM `Dp_sets` WHERE  `name` = 'mail' LIMIT 1 [ RunTime:0.000812s ]
[ sql ] [ SQL ] SELECT `content` FROM `Dp_sets` WHERE  `name` = 'wechat' LIMIT 1 [ RunTime:0.001217s ]
[ sql ] [ SQL ] SHOW COLUMNS FROM `Dp_auth_rule` [ RunTime:0.013050s ]
[ sql ] [ SQL ] SELECT `id`,`pid`,`name`,`title`,`status` FROM `Dp_auth_rule` ORDER BY `id` ASC [ RunTime:0.000521s ]
[ sql ] [ SQL ] SELECT `pid` FROM `Dp_auth_rule` WHERE  `pid` > 0 GROUP BY `pid` [ RunTime:0.000545s ]
---------------------------------------------------------------
[ 2018-10-31T16:42:44+08:00 ] 127.0.0.1 GET /website/cate/add/id/undefined
[ info ] 127.0.0.5/website/cate/add/id/undefined [运行时间：0.164961s][吞吐率：6.06req/s] [内存消耗：2,148.41kb] [文件加载：55]
[ info ] [ DB ] INIT mysql
[ info ] [ LANG ] D:\wwwroot\thinkphp5_765tm6\web\core\lang\zh-cn.php
[ info ] [ ROUTE ] array (
  'type' => 'module',
  'module' => 
  array (
    0 => 'website',
    1 => 'cate',
    2 => 'add',
  ),
)
[ info ] [ HEADER ] array (
  'content-type' => '',
  'content-length' => '0',
  'x-original-url' => '/website/cate/add/id/undefined',
  'upgrade-insecure-requests' => '1',
  'user-agent' => 'Mozilla/5.0 (Windows NT 6.3; WOW64) AppleWebKit/537.36 (KHTML, like Gecko) Chrome/55.0.2883.87 Safari/537.36',
  'referer' => 'http://127.0.0.5/website/auth/access',
  'host' => '127.0.0.5',
  'cookie' => 'Hm_lvt_04fab3def376a222f35762aa47e96232=1539929747; PHPSESSID=g1ip79ltkcjp11el1jeei2p553',
  'accept-language' => 'zh-CN,zh;q=0.8',
  'accept-encoding' => 'gzip, deflate, sdch, br',
  'accept' => 'text/html,application/xhtml+xml,application/xml;q=0.9,image/webp,*/*;q=0.8',
  'connection' => 'keep-alive',
)
[ info ] [ PARAM ] array (
  'id' => 'undefined',
)
[ info ] [ RUN ] app\website\controller\Cate->add[ D:\wwwroot\thinkphp5_765tm6\web\application\website\controller\Cate.php ]
[ info ] [ VIEW ] D:\wwwroot\thinkphp5_765tm6\web/application/website\view\cate\add.html [ array (
  0 => 'pid',
  1 => 'gtype',
) ]
[ info ] [ LOG ] INIT File
[ sql ] [ DB ] CONNECT:[ UseTime:0.002399s ] mysql:host=localhost;port=3306;dbname=mythinkphp5;charset=utf8
[ sql ] [ SQL ] SHOW COLUMNS FROM `Dp_sets` [ RunTime:0.012507s ]
[ sql ] [ SQL ] SELECT `content` FROM `Dp_sets` WHERE  `name` = 'mail' LIMIT 1 [ RunTime:0.001549s ]
[ sql ] [ SQL ] SELECT `content` FROM `Dp_sets` WHERE  `name` = 'wechat' LIMIT 1 [ RunTime:0.000762s ]
[ sql ] [ SQL ] SHOW COLUMNS FROM `Dp_gtype` [ RunTime:0.039633s ]
[ sql ] [ SQL ] SELECT `id`,`gname` FROM `Dp_gtype` WHERE  `del` = 0 [ RunTime:0.000751s ]
---------------------------------------------------------------
[ 2018-10-31T17:11:11+08:00 ] 127.0.0.1 GET /website/cate/add/id/undefined
[ info ] 127.0.0.5/website/cate/add/id/undefined [运行时间：0.148507s][吞吐率：6.73req/s] [内存消耗：2,021.49kb] [文件加载：53]
[ info ] [ DB ] INIT mysql
[ info ] [ LANG ] D:\wwwroot\thinkphp5_765tm6\web\core\lang\zh-cn.php
[ info ] [ ROUTE ] array (
  'type' => 'module',
  'module' => 
  array (
    0 => 'website',
    1 => 'cate',
    2 => 'add',
  ),
)
[ info ] [ HEADER ] array (
  'content-type' => '',
  'content-length' => '0',
  'x-original-url' => '/website/cate/add/id/undefined',
  'upgrade-insecure-requests' => '1',
  'user-agent' => 'Mozilla/5.0 (Windows NT 6.3; WOW64) AppleWebKit/537.36 (KHTML, like Gecko) Chrome/55.0.2883.87 Safari/537.36',
  'referer' => 'http://127.0.0.5/website/auth/access',
  'host' => '127.0.0.5',
  'cookie' => 'Hm_lvt_04fab3def376a222f35762aa47e96232=1539929747; PHPSESSID=g1ip79ltkcjp11el1jeei2p553',
  'accept-language' => 'zh-CN,zh;q=0.8',
  'accept-encoding' => 'gzip, deflate, sdch, br',
  'accept' => 'text/html,application/xhtml+xml,application/xml;q=0.9,image/webp,*/*;q=0.8',
  'connection' => 'keep-alive',
)
[ info ] [ PARAM ] array (
  'id' => 'undefined',
)
[ info ] [ RUN ] app\website\controller\Cate->add[ D:\wwwroot\thinkphp5_765tm6\web\application\website\controller\Cate.php ]
[ info ] [ VIEW ] D:\wwwroot\thinkphp5_765tm6\web/application/website\view\cate\add.html [ array (
  0 => 'pid',
  1 => 'gtype',
) ]
[ info ] [ LOG ] INIT File
[ sql ] [ DB ] CONNECT:[ UseTime:0.016820s ] mysql:host=localhost;port=3306;dbname=mythinkphp5;charset=utf8
[ sql ] [ SQL ] SHOW COLUMNS FROM `Dp_sets` [ RunTime:0.011450s ]
[ sql ] [ SQL ] SELECT `content` FROM `Dp_sets` WHERE  `name` = 'mail' LIMIT 1 [ RunTime:0.002162s ]
[ sql ] [ SQL ] SELECT `content` FROM `Dp_sets` WHERE  `name` = 'wechat' LIMIT 1 [ RunTime:0.001031s ]
[ sql ] [ SQL ] SHOW COLUMNS FROM `Dp_gtype` [ RunTime:0.008556s ]
[ sql ] [ SQL ] SELECT `id`,`gname` FROM `Dp_gtype` WHERE  `del` = 0 [ RunTime:0.000437s ]
---------------------------------------------------------------
[ 2018-10-31T17:23:06+08:00 ] 127.0.0.1 GET /website/auth/access
[ info ] 127.0.0.5/website/auth/access [运行时间：0.146634s][吞吐率：6.82req/s] [内存消耗：2,164.54kb] [文件加载：56]
[ info ] [ DB ] INIT mysql
[ info ] [ LANG ] D:\wwwroot\thinkphp5_765tm6\web\core\lang\zh-cn.php
[ info ] [ ROUTE ] array (
  'type' => 'module',
  'module' => 
  array (
    0 => 'website',
    1 => 'auth',
    2 => 'access',
  ),
)
[ info ] [ HEADER ] array (
  'content-type' => '',
  'content-length' => '0',
  'x-original-url' => '/website/auth/access',
  'upgrade-insecure-requests' => '1',
  'user-agent' => 'Mozilla/5.0 (Windows NT 6.3; WOW64) AppleWebKit/537.36 (KHTML, like Gecko) Chrome/55.0.2883.87 Safari/537.36',
  'referer' => 'http://127.0.0.5/website/auth/access',
  'host' => '127.0.0.5',
  'cookie' => 'Hm_lvt_04fab3def376a222f35762aa47e96232=1539929747; PHPSESSID=g1ip79ltkcjp11el1jeei2p553',
  'accept-language' => 'zh-CN,zh;q=0.8',
  'accept-encoding' => 'gzip, deflate, sdch, br',
  'accept' => 'text/html,application/xhtml+xml,application/xml;q=0.9,image/webp,*/*;q=0.8',
  'connection' => 'keep-alive',
  'cache-control' => 'max-age=0',
)
[ info ] [ PARAM ] array (
)
[ info ] [ RUN ] app\website\controller\Auth->access[ D:\wwwroot\thinkphp5_765tm6\web\application\website\controller\Auth.php ]
[ info ] [ VIEW ] D:\wwwroot\thinkphp5_765tm6\web/application/website\view\auth\access.html [ array (
  0 => 'pid',
  1 => 'list',
) ]
[ info ] [ LOG ] INIT File
[ sql ] [ DB ] CONNECT:[ UseTime:0.008677s ] mysql:host=localhost;port=3306;dbname=mythinkphp5;charset=utf8
[ sql ] [ SQL ] SHOW COLUMNS FROM `Dp_sets` [ RunTime:0.011248s ]
[ sql ] [ SQL ] SELECT `content` FROM `Dp_sets` WHERE  `name` = 'mail' LIMIT 1 [ RunTime:0.000797s ]
[ sql ] [ SQL ] SELECT `content` FROM `Dp_sets` WHERE  `name` = 'wechat' LIMIT 1 [ RunTime:0.000603s ]
[ sql ] [ SQL ] SHOW COLUMNS FROM `Dp_auth_rule` [ RunTime:0.011335s ]
[ sql ] [ SQL ] SELECT `id`,`pid`,`name`,`title`,`status` FROM `Dp_auth_rule` ORDER BY `id` ASC [ RunTime:0.000921s ]
[ sql ] [ SQL ] SELECT `pid` FROM `Dp_auth_rule` WHERE  `pid` > 0 GROUP BY `pid` [ RunTime:0.000470s ]
---------------------------------------------------------------
[ 2018-10-31T17:23:07+08:00 ] 127.0.0.1 GET /website/auth/add/id/undefined
[ info ] 127.0.0.5/website/auth/add/id/undefined [运行时间：0.145107s][吞吐率：6.89req/s] [内存消耗：2,132.20kb] [文件加载：55]
[ info ] [ DB ] INIT mysql
[ info ] [ LANG ] D:\wwwroot\thinkphp5_765tm6\web\core\lang\zh-cn.php
[ info ] [ ROUTE ] array (
  'type' => 'module',
  'module' => 
  array (
    0 => 'website',
    1 => 'auth',
    2 => 'add',
  ),
)
[ info ] [ HEADER ] array (
  'content-type' => '',
  'content-length' => '0',
  'x-original-url' => '/website/auth/add/id/undefined',
  'upgrade-insecure-requests' => '1',
  'user-agent' => 'Mozilla/5.0 (Windows NT 6.3; WOW64) AppleWebKit/537.36 (KHTML, like Gecko) Chrome/55.0.2883.87 Safari/537.36',
  'referer' => 'http://127.0.0.5/website/auth/access',
  'host' => '127.0.0.5',
  'cookie' => 'Hm_lvt_04fab3def376a222f35762aa47e96232=1539929747; PHPSESSID=g1ip79ltkcjp11el1jeei2p553',
  'accept-language' => 'zh-CN,zh;q=0.8',
  'accept-encoding' => 'gzip, deflate, sdch, br',
  'accept' => 'text/html,application/xhtml+xml,application/xml;q=0.9,image/webp,*/*;q=0.8',
  'connection' => 'keep-alive',
)
[ info ] [ PARAM ] array (
  'id' => 'undefined',
)
[ info ] [ RUN ] app\website\controller\Auth->add[ D:\wwwroot\thinkphp5_765tm6\web\application\website\controller\Auth.php ]
[ info ] [ VIEW ] D:\wwwroot\thinkphp5_765tm6\web/application/website\view\auth\add.html [ array (
  0 => 'pid',
) ]
[ info ] [ LOG ] INIT File
[ sql ] [ DB ] CONNECT:[ UseTime:0.001770s ] mysql:host=localhost;port=3306;dbname=mythinkphp5;charset=utf8
[ sql ] [ SQL ] SHOW COLUMNS FROM `Dp_sets` [ RunTime:0.010981s ]
[ sql ] [ SQL ] SELECT `content` FROM `Dp_sets` WHERE  `name` = 'mail' LIMIT 1 [ RunTime:0.000661s ]
[ sql ] [ SQL ] SELECT `content` FROM `Dp_sets` WHERE  `name` = 'wechat' LIMIT 1 [ RunTime:0.000553s ]
---------------------------------------------------------------
[ 2018-10-31T17:25:16+08:00 ] 127.0.0.1 GET /website/auth/access
[ info ] 127.0.0.5/website/auth/access [运行时间：0.128154s][吞吐率：7.80req/s] [内存消耗：2,164.66kb] [文件加载：56]
[ info ] [ DB ] INIT mysql
[ info ] [ LANG ] D:\wwwroot\thinkphp5_765tm6\web\core\lang\zh-cn.php
[ info ] [ ROUTE ] array (
  'type' => 'module',
  'module' => 
  array (
    0 => 'website',
    1 => 'auth',
    2 => 'access',
  ),
)
[ info ] [ HEADER ] array (
  'content-type' => '',
  'content-length' => '0',
  'x-original-url' => '/website/auth/access',
  'upgrade-insecure-requests' => '1',
  'user-agent' => 'Mozilla/5.0 (Windows NT 6.3; WOW64) AppleWebKit/537.36 (KHTML, like Gecko) Chrome/55.0.2883.87 Safari/537.36',
  'referer' => 'http://127.0.0.5/website/auth/access',
  'host' => '127.0.0.5',
  'cookie' => 'Hm_lvt_04fab3def376a222f35762aa47e96232=1539929747; PHPSESSID=g1ip79ltkcjp11el1jeei2p553',
  'accept-language' => 'zh-CN,zh;q=0.8',
  'accept-encoding' => 'gzip, deflate, sdch, br',
  'accept' => 'text/html,application/xhtml+xml,application/xml;q=0.9,image/webp,*/*;q=0.8',
  'connection' => 'keep-alive',
  'cache-control' => 'max-age=0',
)
[ info ] [ PARAM ] array (
)
[ info ] [ RUN ] app\website\controller\Auth->access[ D:\wwwroot\thinkphp5_765tm6\web\application\website\controller\Auth.php ]
[ info ] [ VIEW ] D:\wwwroot\thinkphp5_765tm6\web/application/website\view\auth\access.html [ array (
  0 => 'pid',
  1 => 'list',
) ]
[ info ] [ LOG ] INIT File
[ sql ] [ DB ] CONNECT:[ UseTime:0.002010s ] mysql:host=localhost;port=3306;dbname=mythinkphp5;charset=utf8
[ sql ] [ SQL ] SHOW COLUMNS FROM `Dp_sets` [ RunTime:0.010768s ]
[ sql ] [ SQL ] SELECT `content` FROM `Dp_sets` WHERE  `name` = 'mail' LIMIT 1 [ RunTime:0.000722s ]
[ sql ] [ SQL ] SELECT `content` FROM `Dp_sets` WHERE  `name` = 'wechat' LIMIT 1 [ RunTime:0.000516s ]
[ sql ] [ SQL ] SHOW COLUMNS FROM `Dp_auth_rule` [ RunTime:0.012356s ]
[ sql ] [ SQL ] SELECT `id`,`pid`,`name`,`title`,`status` FROM `Dp_auth_rule` ORDER BY `id` ASC [ RunTime:0.000709s ]
[ sql ] [ SQL ] SELECT `pid` FROM `Dp_auth_rule` WHERE  `pid` > 0 GROUP BY `pid` [ RunTime:0.000573s ]
---------------------------------------------------------------
[ 2018-10-31T17:25:18+08:00 ] 127.0.0.1 GET /website/auth/add/id/undefined
[ info ] 127.0.0.5/website/auth/add/id/undefined [运行时间：0.144108s][吞吐率：6.94req/s] [内存消耗：2,012.67kb] [文件加载：53]
[ info ] [ DB ] INIT mysql
[ info ] [ LANG ] D:\wwwroot\thinkphp5_765tm6\web\core\lang\zh-cn.php
[ info ] [ ROUTE ] array (
  'type' => 'module',
  'module' => 
  array (
    0 => 'website',
    1 => 'auth',
    2 => 'add',
  ),
)
[ info ] [ HEADER ] array (
  'content-type' => '',
  'content-length' => '0',
  'x-original-url' => '/website/auth/add/id/undefined',
  'upgrade-insecure-requests' => '1',
  'user-agent' => 'Mozilla/5.0 (Windows NT 6.3; WOW64) AppleWebKit/537.36 (KHTML, like Gecko) Chrome/55.0.2883.87 Safari/537.36',
  'referer' => 'http://127.0.0.5/website/auth/access',
  'host' => '127.0.0.5',
  'cookie' => 'Hm_lvt_04fab3def376a222f35762aa47e96232=1539929747; PHPSESSID=g1ip79ltkcjp11el1jeei2p553',
  'accept-language' => 'zh-CN,zh;q=0.8',
  'accept-encoding' => 'gzip, deflate, sdch, br',
  'accept' => 'text/html,application/xhtml+xml,application/xml;q=0.9,image/webp,*/*;q=0.8',
  'connection' => 'keep-alive',
)
[ info ] [ PARAM ] array (
  'id' => 'undefined',
)
[ info ] [ RUN ] app\website\controller\Auth->add[ D:\wwwroot\thinkphp5_765tm6\web\application\website\controller\Auth.php ]
[ info ] [ VIEW ] D:\wwwroot\thinkphp5_765tm6\web/application/website\view\auth\add.html [ array (
  0 => 'pid',
) ]
[ info ] [ LOG ] INIT File
[ sql ] [ DB ] CONNECT:[ UseTime:0.001969s ] mysql:host=localhost;port=3306;dbname=mythinkphp5;charset=utf8
[ sql ] [ SQL ] SHOW COLUMNS FROM `Dp_sets` [ RunTime:0.017157s ]
[ sql ] [ SQL ] SELECT `content` FROM `Dp_sets` WHERE  `name` = 'mail' LIMIT 1 [ RunTime:0.000623s ]
[ sql ] [ SQL ] SELECT `content` FROM `Dp_sets` WHERE  `name` = 'wechat' LIMIT 1 [ RunTime:0.000528s ]
---------------------------------------------------------------
[ 2018-10-31T17:27:25+08:00 ] 127.0.0.1 GET /website/auth/access
[ info ] 127.0.0.5/website/auth/access [运行时间：0.130012s][吞吐率：7.69req/s] [内存消耗：2,163.70kb] [文件加载：56]
[ info ] [ DB ] INIT mysql
[ info ] [ LANG ] D:\wwwroot\thinkphp5_765tm6\web\core\lang\zh-cn.php
[ info ] [ ROUTE ] array (
  'type' => 'module',
  'module' => 
  array (
    0 => 'website',
    1 => 'auth',
    2 => 'access',
  ),
)
[ info ] [ HEADER ] array (
  'content-type' => '',
  'content-length' => '0',
  'x-original-url' => '/website/auth/access',
  'upgrade-insecure-requests' => '1',
  'user-agent' => 'Mozilla/5.0 (Windows NT 6.3; WOW64) AppleWebKit/537.36 (KHTML, like Gecko) Chrome/55.0.2883.87 Safari/537.36',
  'referer' => 'http://127.0.0.5/website/auth/access',
  'host' => '127.0.0.5',
  'cookie' => 'Hm_lvt_04fab3def376a222f35762aa47e96232=1539929747; PHPSESSID=g1ip79ltkcjp11el1jeei2p553',
  'accept-language' => 'zh-CN,zh;q=0.8',
  'accept-encoding' => 'gzip, deflate, sdch, br',
  'accept' => 'text/html,application/xhtml+xml,application/xml;q=0.9,image/webp,*/*;q=0.8',
  'connection' => 'keep-alive',
  'cache-control' => 'max-age=0',
)
[ info ] [ PARAM ] array (
)
[ info ] [ RUN ] app\website\controller\Auth->access[ D:\wwwroot\thinkphp5_765tm6\web\application\website\controller\Auth.php ]
[ info ] [ VIEW ] D:\wwwroot\thinkphp5_765tm6\web/application/website\view\auth\access.html [ array (
  0 => 'pid',
  1 => 'list',
) ]
[ info ] [ LOG ] INIT File
[ sql ] [ DB ] CONNECT:[ UseTime:0.001831s ] mysql:host=localhost;port=3306;dbname=mythinkphp5;charset=utf8
[ sql ] [ SQL ] SHOW COLUMNS FROM `Dp_sets` [ RunTime:0.011849s ]
[ sql ] [ SQL ] SELECT `content` FROM `Dp_sets` WHERE  `name` = 'mail' LIMIT 1 [ RunTime:0.000582s ]
[ sql ] [ SQL ] SELECT `content` FROM `Dp_sets` WHERE  `name` = 'wechat' LIMIT 1 [ RunTime:0.000444s ]
[ sql ] [ SQL ] SHOW COLUMNS FROM `Dp_auth_rule` [ RunTime:0.013169s ]
[ sql ] [ SQL ] SELECT `id`,`pid`,`name`,`title`,`status` FROM `Dp_auth_rule` ORDER BY `id` ASC [ RunTime:0.000733s ]
[ sql ] [ SQL ] SELECT `pid` FROM `Dp_auth_rule` WHERE  `pid` > 0 GROUP BY `pid` [ RunTime:0.000691s ]
---------------------------------------------------------------
[ 2018-10-31T17:27:27+08:00 ] 127.0.0.1 GET /website/auth/add/id/undefined
[ info ] 127.0.0.5/website/auth/add/id/undefined [运行时间：0.092642s][吞吐率：10.79req/s] [内存消耗：2,012.67kb] [文件加载：53]
[ info ] [ DB ] INIT mysql
[ info ] [ LANG ] D:\wwwroot\thinkphp5_765tm6\web\core\lang\zh-cn.php
[ info ] [ ROUTE ] array (
  'type' => 'module',
  'module' => 
  array (
    0 => 'website',
    1 => 'auth',
    2 => 'add',
  ),
)
[ info ] [ HEADER ] array (
  'content-type' => '',
  'content-length' => '0',
  'x-original-url' => '/website/auth/add/id/undefined',
  'upgrade-insecure-requests' => '1',
  'user-agent' => 'Mozilla/5.0 (Windows NT 6.3; WOW64) AppleWebKit/537.36 (KHTML, like Gecko) Chrome/55.0.2883.87 Safari/537.36',
  'referer' => 'http://127.0.0.5/website/auth/access',
  'host' => '127.0.0.5',
  'cookie' => 'Hm_lvt_04fab3def376a222f35762aa47e96232=1539929747; PHPSESSID=g1ip79ltkcjp11el1jeei2p553',
  'accept-language' => 'zh-CN,zh;q=0.8',
  'accept-encoding' => 'gzip, deflate, sdch, br',
  'accept' => 'text/html,application/xhtml+xml,application/xml;q=0.9,image/webp,*/*;q=0.8',
  'connection' => 'keep-alive',
)
[ info ] [ PARAM ] array (
  'id' => 'undefined',
)
[ info ] [ RUN ] app\website\controller\Auth->add[ D:\wwwroot\thinkphp5_765tm6\web\application\website\controller\Auth.php ]
[ info ] [ VIEW ] D:\wwwroot\thinkphp5_765tm6\web/application/website\view\auth\add.html [ array (
  0 => 'pid',
) ]
[ info ] [ LOG ] INIT File
[ sql ] [ DB ] CONNECT:[ UseTime:0.001677s ] mysql:host=localhost;port=3306;dbname=mythinkphp5;charset=utf8
[ sql ] [ SQL ] SHOW COLUMNS FROM `Dp_sets` [ RunTime:0.010129s ]
[ sql ] [ SQL ] SELECT `content` FROM `Dp_sets` WHERE  `name` = 'mail' LIMIT 1 [ RunTime:0.000747s ]
[ sql ] [ SQL ] SELECT `content` FROM `Dp_sets` WHERE  `name` = 'wechat' LIMIT 1 [ RunTime:0.000699s ]
---------------------------------------------------------------
[ 2018-10-31T17:28:05+08:00 ] 127.0.0.1 GET /website/auth/access
[ info ] 127.0.0.5/website/auth/access [运行时间：0.127820s][吞吐率：7.82req/s] [内存消耗：2,163.70kb] [文件加载：56]
[ info ] [ DB ] INIT mysql
[ info ] [ LANG ] D:\wwwroot\thinkphp5_765tm6\web\core\lang\zh-cn.php
[ info ] [ ROUTE ] array (
  'type' => 'module',
  'module' => 
  array (
    0 => 'website',
    1 => 'auth',
    2 => 'access',
  ),
)
[ info ] [ HEADER ] array (
  'content-type' => '',
  'content-length' => '0',
  'x-original-url' => '/website/auth/access',
  'upgrade-insecure-requests' => '1',
  'user-agent' => 'Mozilla/5.0 (Windows NT 6.3; WOW64) AppleWebKit/537.36 (KHTML, like Gecko) Chrome/55.0.2883.87 Safari/537.36',
  'referer' => 'http://127.0.0.5/website/auth/access',
  'host' => '127.0.0.5',
  'cookie' => 'Hm_lvt_04fab3def376a222f35762aa47e96232=1539929747; PHPSESSID=g1ip79ltkcjp11el1jeei2p553',
  'accept-language' => 'zh-CN,zh;q=0.8',
  'accept-encoding' => 'gzip, deflate, sdch, br',
  'accept' => 'text/html,application/xhtml+xml,application/xml;q=0.9,image/webp,*/*;q=0.8',
  'connection' => 'keep-alive',
  'cache-control' => 'max-age=0',
)
[ info ] [ PARAM ] array (
)
[ info ] [ RUN ] app\website\controller\Auth->access[ D:\wwwroot\thinkphp5_765tm6\web\application\website\controller\Auth.php ]
[ info ] [ VIEW ] D:\wwwroot\thinkphp5_765tm6\web/application/website\view\auth\access.html [ array (
  0 => 'pid',
  1 => 'list',
) ]
[ info ] [ LOG ] INIT File
[ sql ] [ DB ] CONNECT:[ UseTime:0.002373s ] mysql:host=localhost;port=3306;dbname=mythinkphp5;charset=utf8
[ sql ] [ SQL ] SHOW COLUMNS FROM `Dp_sets` [ RunTime:0.012900s ]
[ sql ] [ SQL ] SELECT `content` FROM `Dp_sets` WHERE  `name` = 'mail' LIMIT 1 [ RunTime:0.000835s ]
[ sql ] [ SQL ] SELECT `content` FROM `Dp_sets` WHERE  `name` = 'wechat' LIMIT 1 [ RunTime:0.000764s ]
[ sql ] [ SQL ] SHOW COLUMNS FROM `Dp_auth_rule` [ RunTime:0.013456s ]
[ sql ] [ SQL ] SELECT `id`,`pid`,`name`,`title`,`status` FROM `Dp_auth_rule` ORDER BY `id` ASC [ RunTime:0.000734s ]
[ sql ] [ SQL ] SELECT `pid` FROM `Dp_auth_rule` WHERE  `pid` > 0 GROUP BY `pid` [ RunTime:0.000684s ]
---------------------------------------------------------------
[ 2018-10-31T17:28:07+08:00 ] 127.0.0.1 GET /website/auth/add/id/undefined
[ info ] 127.0.0.5/website/auth/add/id/undefined [运行时间：0.101252s][吞吐率：9.88req/s] [内存消耗：2,012.67kb] [文件加载：53]
[ info ] [ DB ] INIT mysql
[ info ] [ LANG ] D:\wwwroot\thinkphp5_765tm6\web\core\lang\zh-cn.php
[ info ] [ ROUTE ] array (
  'type' => 'module',
  'module' => 
  array (
    0 => 'website',
    1 => 'auth',
    2 => 'add',
  ),
)
[ info ] [ HEADER ] array (
  'content-type' => '',
  'content-length' => '0',
  'x-original-url' => '/website/auth/add/id/undefined',
  'upgrade-insecure-requests' => '1',
  'user-agent' => 'Mozilla/5.0 (Windows NT 6.3; WOW64) AppleWebKit/537.36 (KHTML, like Gecko) Chrome/55.0.2883.87 Safari/537.36',
  'referer' => 'http://127.0.0.5/website/auth/access',
  'host' => '127.0.0.5',
  'cookie' => 'Hm_lvt_04fab3def376a222f35762aa47e96232=1539929747; PHPSESSID=g1ip79ltkcjp11el1jeei2p553',
  'accept-language' => 'zh-CN,zh;q=0.8',
  'accept-encoding' => 'gzip, deflate, sdch, br',
  'accept' => 'text/html,application/xhtml+xml,application/xml;q=0.9,image/webp,*/*;q=0.8',
  'connection' => 'keep-alive',
)
[ info ] [ PARAM ] array (
  'id' => 'undefined',
)
[ info ] [ RUN ] app\website\controller\Auth->add[ D:\wwwroot\thinkphp5_765tm6\web\application\website\controller\Auth.php ]
[ info ] [ VIEW ] D:\wwwroot\thinkphp5_765tm6\web/application/website\view\auth\add.html [ array (
  0 => 'pid',
) ]
[ info ] [ LOG ] INIT File
[ sql ] [ DB ] CONNECT:[ UseTime:0.001949s ] mysql:host=localhost;port=3306;dbname=mythinkphp5;charset=utf8
[ sql ] [ SQL ] SHOW COLUMNS FROM `Dp_sets` [ RunTime:0.011751s ]
[ sql ] [ SQL ] SELECT `content` FROM `Dp_sets` WHERE  `name` = 'mail' LIMIT 1 [ RunTime:0.000658s ]
[ sql ] [ SQL ] SELECT `content` FROM `Dp_sets` WHERE  `name` = 'wechat' LIMIT 1 [ RunTime:0.000555s ]
---------------------------------------------------------------
[ 2018-10-31T17:29:27+08:00 ] 127.0.0.1 GET /website/auth/access
[ info ] 127.0.0.5/website/auth/access [运行时间：0.129597s][吞吐率：7.72req/s] [内存消耗：2,041.31kb] [文件加载：54]
[ info ] [ DB ] INIT mysql
[ info ] [ LANG ] D:\wwwroot\thinkphp5_765tm6\web\core\lang\zh-cn.php
[ info ] [ ROUTE ] array (
  'type' => 'module',
  'module' => 
  array (
    0 => 'website',
    1 => 'auth',
    2 => 'access',
  ),
)
[ info ] [ HEADER ] array (
  'content-type' => '',
  'content-length' => '0',
  'x-original-url' => '/website/auth/access',
  'upgrade-insecure-requests' => '1',
  'user-agent' => 'Mozilla/5.0 (Windows NT 6.3; WOW64) AppleWebKit/537.36 (KHTML, like Gecko) Chrome/55.0.2883.87 Safari/537.36',
  'referer' => 'http://127.0.0.5/website/auth/access',
  'host' => '127.0.0.5',
  'cookie' => 'Hm_lvt_04fab3def376a222f35762aa47e96232=1539929747; PHPSESSID=g1ip79ltkcjp11el1jeei2p553',
  'accept-language' => 'zh-CN,zh;q=0.8',
  'accept-encoding' => 'gzip, deflate, sdch, br',
  'accept' => 'text/html,application/xhtml+xml,application/xml;q=0.9,image/webp,*/*;q=0.8',
  'connection' => 'keep-alive',
  'cache-control' => 'max-age=0',
)
[ info ] [ PARAM ] array (
)
[ info ] [ RUN ] app\website\controller\Auth->access[ D:\wwwroot\thinkphp5_765tm6\web\application\website\controller\Auth.php ]
[ info ] [ VIEW ] D:\wwwroot\thinkphp5_765tm6\web/application/website\view\auth\access.html [ array (
  0 => 'pid',
  1 => 'list',
) ]
[ info ] [ LOG ] INIT File
[ sql ] [ DB ] CONNECT:[ UseTime:0.002134s ] mysql:host=localhost;port=3306;dbname=mythinkphp5;charset=utf8
[ sql ] [ SQL ] SHOW COLUMNS FROM `Dp_sets` [ RunTime:0.013947s ]
[ sql ] [ SQL ] SELECT `content` FROM `Dp_sets` WHERE  `name` = 'mail' LIMIT 1 [ RunTime:0.000558s ]
[ sql ] [ SQL ] SELECT `content` FROM `Dp_sets` WHERE  `name` = 'wechat' LIMIT 1 [ RunTime:0.000578s ]
[ sql ] [ SQL ] SHOW COLUMNS FROM `Dp_auth_rule` [ RunTime:0.010541s ]
[ sql ] [ SQL ] SELECT `id`,`pid`,`name`,`title`,`status` FROM `Dp_auth_rule` ORDER BY `id` ASC [ RunTime:0.000559s ]
[ sql ] [ SQL ] SELECT `pid` FROM `Dp_auth_rule` WHERE  `pid` > 0 GROUP BY `pid` [ RunTime:0.000619s ]
---------------------------------------------------------------
[ 2018-10-31T17:29:29+08:00 ] 127.0.0.1 GET /website/auth/add/id/undefined
[ info ] 127.0.0.5/website/auth/add/id/undefined [运行时间：0.149185s][吞吐率：6.70req/s] [内存消耗：2,132.28kb] [文件加载：55]
[ info ] [ DB ] INIT mysql
[ info ] [ LANG ] D:\wwwroot\thinkphp5_765tm6\web\core\lang\zh-cn.php
[ info ] [ ROUTE ] array (
  'type' => 'module',
  'module' => 
  array (
    0 => 'website',
    1 => 'auth',
    2 => 'add',
  ),
)
[ info ] [ HEADER ] array (
  'content-type' => '',
  'content-length' => '0',
  'x-original-url' => '/website/auth/add/id/undefined',
  'upgrade-insecure-requests' => '1',
  'user-agent' => 'Mozilla/5.0 (Windows NT 6.3; WOW64) AppleWebKit/537.36 (KHTML, like Gecko) Chrome/55.0.2883.87 Safari/537.36',
  'referer' => 'http://127.0.0.5/website/auth/access',
  'host' => '127.0.0.5',
  'cookie' => 'Hm_lvt_04fab3def376a222f35762aa47e96232=1539929747; PHPSESSID=g1ip79ltkcjp11el1jeei2p553',
  'accept-language' => 'zh-CN,zh;q=0.8',
  'accept-encoding' => 'gzip, deflate, sdch, br',
  'accept' => 'text/html,application/xhtml+xml,application/xml;q=0.9,image/webp,*/*;q=0.8',
  'connection' => 'keep-alive',
)
[ info ] [ PARAM ] array (
  'id' => 'undefined',
)
[ info ] [ RUN ] app\website\controller\Auth->add[ D:\wwwroot\thinkphp5_765tm6\web\application\website\controller\Auth.php ]
[ info ] [ VIEW ] D:\wwwroot\thinkphp5_765tm6\web/application/website\view\auth\add.html [ array (
  0 => 'pid',
) ]
[ info ] [ LOG ] INIT File
[ sql ] [ DB ] CONNECT:[ UseTime:0.006414s ] mysql:host=localhost;port=3306;dbname=mythinkphp5;charset=utf8
[ sql ] [ SQL ] SHOW COLUMNS FROM `Dp_sets` [ RunTime:0.014510s ]
[ sql ] [ SQL ] SELECT `content` FROM `Dp_sets` WHERE  `name` = 'mail' LIMIT 1 [ RunTime:0.002513s ]
[ sql ] [ SQL ] SELECT `content` FROM `Dp_sets` WHERE  `name` = 'wechat' LIMIT 1 [ RunTime:0.001548s ]
---------------------------------------------------------------
[ 2018-10-31T17:30:00+08:00 ] 127.0.0.1 GET /website/auth/access
[ info ] 127.0.0.5/website/auth/access [运行时间：0.123862s][吞吐率：8.07req/s] [内存消耗：2,041.31kb] [文件加载：54]
[ info ] [ DB ] INIT mysql
[ info ] [ LANG ] D:\wwwroot\thinkphp5_765tm6\web\core\lang\zh-cn.php
[ info ] [ ROUTE ] array (
  'type' => 'module',
  'module' => 
  array (
    0 => 'website',
    1 => 'auth',
    2 => 'access',
  ),
)
[ info ] [ HEADER ] array (
  'content-type' => '',
  'content-length' => '0',
  'x-original-url' => '/website/auth/access',
  'upgrade-insecure-requests' => '1',
  'user-agent' => 'Mozilla/5.0 (Windows NT 6.3; WOW64) AppleWebKit/537.36 (KHTML, like Gecko) Chrome/55.0.2883.87 Safari/537.36',
  'referer' => 'http://127.0.0.5/website/auth/access',
  'host' => '127.0.0.5',
  'cookie' => 'Hm_lvt_04fab3def376a222f35762aa47e96232=1539929747; PHPSESSID=g1ip79ltkcjp11el1jeei2p553',
  'accept-language' => 'zh-CN,zh;q=0.8',
  'accept-encoding' => 'gzip, deflate, sdch, br',
  'accept' => 'text/html,application/xhtml+xml,application/xml;q=0.9,image/webp,*/*;q=0.8',
  'connection' => 'keep-alive',
  'cache-control' => 'max-age=0',
)
[ info ] [ PARAM ] array (
)
[ info ] [ RUN ] app\website\controller\Auth->access[ D:\wwwroot\thinkphp5_765tm6\web\application\website\controller\Auth.php ]
[ info ] [ VIEW ] D:\wwwroot\thinkphp5_765tm6\web/application/website\view\auth\access.html [ array (
  0 => 'pid',
  1 => 'list',
) ]
[ info ] [ LOG ] INIT File
[ sql ] [ DB ] CONNECT:[ UseTime:0.011302s ] mysql:host=localhost;port=3306;dbname=mythinkphp5;charset=utf8
[ sql ] [ SQL ] SHOW COLUMNS FROM `Dp_sets` [ RunTime:0.012077s ]
[ sql ] [ SQL ] SELECT `content` FROM `Dp_sets` WHERE  `name` = 'mail' LIMIT 1 [ RunTime:0.000737s ]
[ sql ] [ SQL ] SELECT `content` FROM `Dp_sets` WHERE  `name` = 'wechat' LIMIT 1 [ RunTime:0.000638s ]
[ sql ] [ SQL ] SHOW COLUMNS FROM `Dp_auth_rule` [ RunTime:0.012321s ]
[ sql ] [ SQL ] SELECT `id`,`pid`,`name`,`title`,`status` FROM `Dp_auth_rule` ORDER BY `id` ASC [ RunTime:0.001030s ]
[ sql ] [ SQL ] SELECT `pid` FROM `Dp_auth_rule` WHERE  `pid` > 0 GROUP BY `pid` [ RunTime:0.000634s ]
---------------------------------------------------------------
[ 2018-10-31T17:30:03+08:00 ] 127.0.0.1 GET /website/auth/add/id/undefined
[ info ] 127.0.0.5/website/auth/add/id/undefined [运行时间：0.072133s][吞吐率：13.86req/s] [内存消耗：2,012.67kb] [文件加载：53]
[ info ] [ DB ] INIT mysql
[ info ] [ LANG ] D:\wwwroot\thinkphp5_765tm6\web\core\lang\zh-cn.php
[ info ] [ ROUTE ] array (
  'type' => 'module',
  'module' => 
  array (
    0 => 'website',
    1 => 'auth',
    2 => 'add',
  ),
)
[ info ] [ HEADER ] array (
  'content-type' => '',
  'content-length' => '0',
  'x-original-url' => '/website/auth/add/id/undefined',
  'upgrade-insecure-requests' => '1',
  'user-agent' => 'Mozilla/5.0 (Windows NT 6.3; WOW64) AppleWebKit/537.36 (KHTML, like Gecko) Chrome/55.0.2883.87 Safari/537.36',
  'referer' => 'http://127.0.0.5/website/auth/access',
  'host' => '127.0.0.5',
  'cookie' => 'Hm_lvt_04fab3def376a222f35762aa47e96232=1539929747; PHPSESSID=g1ip79ltkcjp11el1jeei2p553',
  'accept-language' => 'zh-CN,zh;q=0.8',
  'accept-encoding' => 'gzip, deflate, sdch, br',
  'accept' => 'text/html,application/xhtml+xml,application/xml;q=0.9,image/webp,*/*;q=0.8',
  'connection' => 'keep-alive',
)
[ info ] [ PARAM ] array (
  'id' => 'undefined',
)
[ info ] [ RUN ] app\website\controller\Auth->add[ D:\wwwroot\thinkphp5_765tm6\web\application\website\controller\Auth.php ]
[ info ] [ VIEW ] D:\wwwroot\thinkphp5_765tm6\web/application/website\view\auth\add.html [ array (
  0 => 'pid',
) ]
[ info ] [ LOG ] INIT File
[ sql ] [ DB ] CONNECT:[ UseTime:0.001565s ] mysql:host=localhost;port=3306;dbname=mythinkphp5;charset=utf8
[ sql ] [ SQL ] SHOW COLUMNS FROM `Dp_sets` [ RunTime:0.008639s ]
[ sql ] [ SQL ] SELECT `content` FROM `Dp_sets` WHERE  `name` = 'mail' LIMIT 1 [ RunTime:0.000622s ]
[ sql ] [ SQL ] SELECT `content` FROM `Dp_sets` WHERE  `name` = 'wechat' LIMIT 1 [ RunTime:0.000457s ]
---------------------------------------------------------------
[ 2018-10-31T17:32:25+08:00 ] 127.0.0.1 GET /website/auth/user
[ info ] 127.0.0.5/website/auth/user [运行时间：0.185527s][吞吐率：5.39req/s] [内存消耗：1,989.09kb] [文件加载：54]
[ info ] [ DB ] INIT mysql
[ info ] [ LANG ] D:\wwwroot\thinkphp5_765tm6\web\core\lang\zh-cn.php
[ info ] [ ROUTE ] array (
  'type' => 'module',
  'module' => 
  array (
    0 => 'website',
    1 => 'auth',
    2 => 'user',
  ),
)
[ info ] [ HEADER ] array (
  'content-type' => '',
  'content-length' => '0',
  'x-original-url' => '/website/auth/user',
  'upgrade-insecure-requests' => '1',
  'user-agent' => 'Mozilla/5.0 (Windows NT 6.3; WOW64) AppleWebKit/537.36 (KHTML, like Gecko) Chrome/55.0.2883.87 Safari/537.36',
  'referer' => 'http://127.0.0.5/website/index',
  'host' => '127.0.0.5',
  'cookie' => 'Hm_lvt_04fab3def376a222f35762aa47e96232=1539929747; PHPSESSID=g1ip79ltkcjp11el1jeei2p553',
  'accept-language' => 'zh-CN,zh;q=0.8',
  'accept-encoding' => 'gzip, deflate, sdch, br',
  'accept' => 'text/html,application/xhtml+xml,application/xml;q=0.9,image/webp,*/*;q=0.8',
  'connection' => 'keep-alive',
)
[ info ] [ PARAM ] array (
)
[ info ] [ LOG ] INIT File
[ sql ] [ DB ] CONNECT:[ UseTime:0.002279s ] mysql:host=localhost;port=3306;dbname=mythinkphp5;charset=utf8
[ sql ] [ SQL ] SHOW COLUMNS FROM `Dp_sets` [ RunTime:0.014074s ]
[ sql ] [ SQL ] SELECT `content` FROM `Dp_sets` WHERE  `name` = 'mail' LIMIT 1 [ RunTime:0.002063s ]
[ sql ] [ SQL ] SELECT `content` FROM `Dp_sets` WHERE  `name` = 'wechat' LIMIT 1 [ RunTime:0.000750s ]
---------------------------------------------------------------
[ 2018-10-31T17:32:29+08:00 ] 127.0.0.1 GET /website/auth/rule
[ info ] 127.0.0.5/website/auth/rule [运行时间：0.131445s][吞吐率：7.61req/s] [内存消耗：1,989.09kb] [文件加载：54]
[ info ] [ DB ] INIT mysql
[ info ] [ LANG ] D:\wwwroot\thinkphp5_765tm6\web\core\lang\zh-cn.php
[ info ] [ ROUTE ] array (
  'type' => 'module',
  'module' => 
  array (
    0 => 'website',
    1 => 'auth',
    2 => 'rule',
  ),
)
[ info ] [ HEADER ] array (
  'content-type' => '',
  'content-length' => '0',
  'x-original-url' => '/website/auth/rule',
  'upgrade-insecure-requests' => '1',
  'user-agent' => 'Mozilla/5.0 (Windows NT 6.3; WOW64) AppleWebKit/537.36 (KHTML, like Gecko) Chrome/55.0.2883.87 Safari/537.36',
  'referer' => 'http://127.0.0.5/website/index',
  'host' => '127.0.0.5',
  'cookie' => 'Hm_lvt_04fab3def376a222f35762aa47e96232=1539929747; PHPSESSID=g1ip79ltkcjp11el1jeei2p553',
  'accept-language' => 'zh-CN,zh;q=0.8',
  'accept-encoding' => 'gzip, deflate, sdch, br',
  'accept' => 'text/html,application/xhtml+xml,application/xml;q=0.9,image/webp,*/*;q=0.8',
  'connection' => 'keep-alive',
)
[ info ] [ PARAM ] array (
)
[ info ] [ LOG ] INIT File
[ sql ] [ DB ] CONNECT:[ UseTime:0.011896s ] mysql:host=localhost;port=3306;dbname=mythinkphp5;charset=utf8
[ sql ] [ SQL ] SHOW COLUMNS FROM `Dp_sets` [ RunTime:0.014934s ]
[ sql ] [ SQL ] SELECT `content` FROM `Dp_sets` WHERE  `name` = 'mail' LIMIT 1 [ RunTime:0.000903s ]
[ sql ] [ SQL ] SELECT `content` FROM `Dp_sets` WHERE  `name` = 'wechat' LIMIT 1 [ RunTime:0.000956s ]
