---------------------------------------------------------------
[ 2018-08-27T14:03:34+08:00 ] 127.0.0.1 GET /website/index
[ info ] 127.0.0.5/website/index [运行时间：0.450303s][吞吐率：2.22req/s] [内存消耗：1,373.30kb] [文件加载：45]
[ info ] [ LANG ] D:\wwwroot\thinkphp5_765tm6\web\core\lang\zh-cn.php
[ info ] [ ROUTE ] array (
  'type' => 'module',
  'module' => 
  array (
    0 => 'website',
    1 => 'index',
    2 => NULL,
  ),
)
[ info ] [ HEADER ] array (
  'content-type' => '',
  'content-length' => '0',
  'x-original-url' => '/website/index',
  'upgrade-insecure-requests' => '1',
  'user-agent' => 'Mozilla/5.0 (Windows NT 6.3; WOW64) AppleWebKit/537.36 (KHTML, like Gecko) Chrome/55.0.2883.87 Safari/537.36',
  'host' => '127.0.0.5',
  'accept-language' => 'zh-CN,zh;q=0.8',
  'accept-encoding' => 'gzip, deflate, sdch, br',
  'accept' => 'text/html,application/xhtml+xml,application/xml;q=0.9,image/webp,*/*;q=0.8',
  'connection' => 'keep-alive',
)
[ info ] [ PARAM ] array (
)
[ info ] [ RUN ] app\website\controller\Index->index[ D:\wwwroot\thinkphp5_765tm6\web\application\website\controller\Index.php ]
[ info ] [ VIEW ] D:\wwwroot\thinkphp5_765tm6\web/application/website\view\index\index.html [ array (
) ]
[ info ] [ SESSION ] INIT array (
  'id' => '',
  'var_session_id' => '',
  'prefix' => 'Dp',
  'type' => '',
  'auto_start' => true,
)
[ info ] [ LOG ] INIT File
---------------------------------------------------------------
[ 2018-08-27T14:03:34+08:00 ] 127.0.0.1 GET /website/index/main.html
[ info ] 127.0.0.5/website/index/main.html [运行时间：0.088418s][吞吐率：11.31req/s] [内存消耗：1,324.71kb] [文件加载：44]
[ info ] [ LANG ] D:\wwwroot\thinkphp5_765tm6\web\core\lang\zh-cn.php
[ info ] [ ROUTE ] array (
  'type' => 'module',
  'module' => 
  array (
    0 => 'website',
    1 => 'index',
    2 => 'main',
  ),
)
[ info ] [ HEADER ] array (
  'content-type' => '',
  'content-length' => '0',
  'x-original-url' => '/website/index/main.html',
  'upgrade-insecure-requests' => '1',
  'user-agent' => 'Mozilla/5.0 (Windows NT 6.3; WOW64) AppleWebKit/537.36 (KHTML, like Gecko) Chrome/55.0.2883.87 Safari/537.36',
  'referer' => 'http://127.0.0.5/website/index',
  'host' => '127.0.0.5',
  'cookie' => 'PHPSESSID=0imknbaa2pn72djco00uidr4l0',
  'accept-language' => 'zh-CN,zh;q=0.8',
  'accept-encoding' => 'gzip, deflate, sdch, br',
  'accept' => 'text/html,application/xhtml+xml,application/xml;q=0.9,image/webp,*/*;q=0.8',
  'connection' => 'keep-alive',
)
[ info ] [ PARAM ] array (
)
[ info ] [ RUN ] app\website\controller\Index->main[ D:\wwwroot\thinkphp5_765tm6\web\application\website\controller\Index.php ]
[ info ] [ VIEW ] D:\wwwroot\thinkphp5_765tm6\web/application/website\view\index\main.html [ array (
) ]
[ info ] [ LOG ] INIT File
---------------------------------------------------------------
[ 2018-08-27T14:03:42+08:00 ] 127.0.0.1 GET /website/index/getmenu/id/2
[ info ] 127.0.0.5/website/index/getmenu/id/2 [运行时间：0.100363s][吞吐率：9.96req/s] [内存消耗：1,328.88kb] [文件加载：44]
[ info ] [ LANG ] D:\wwwroot\thinkphp5_765tm6\web\core\lang\zh-cn.php
[ info ] [ ROUTE ] array (
  'type' => 'module',
  'module' => 
  array (
    0 => 'website',
    1 => 'index',
    2 => 'getmenu',
  ),
)
[ info ] [ HEADER ] array (
  'content-type' => '',
  'content-length' => '0',
  'x-original-url' => '/website/index/getmenu/id/2',
  'x-requested-with' => 'XMLHttpRequest',
  'user-agent' => 'Mozilla/5.0 (Windows NT 6.3; WOW64) AppleWebKit/537.36 (KHTML, like Gecko) Chrome/55.0.2883.87 Safari/537.36',
  'referer' => 'http://127.0.0.5/website/index',
  'host' => '127.0.0.5',
  'cookie' => 'PHPSESSID=0imknbaa2pn72djco00uidr4l0',
  'accept-language' => 'zh-CN,zh;q=0.8',
  'accept-encoding' => 'gzip, deflate, sdch, br',
  'accept' => 'application/json, text/javascript, */*; q=0.01',
  'connection' => 'keep-alive',
)
[ info ] [ PARAM ] array (
  'id' => '2',
)
[ info ] [ RUN ] app\website\controller\Index->getmenu[ D:\wwwroot\thinkphp5_765tm6\web\application\website\controller\Index.php ]
[ info ] [ LOG ] INIT File
---------------------------------------------------------------
[ 2018-08-27T14:03:43+08:00 ] 127.0.0.1 GET /website/index/getmenu/id/1
[ info ] 127.0.0.5/website/index/getmenu/id/1 [运行时间：0.336663s][吞吐率：2.97req/s] [内存消耗：1,956.20kb] [文件加载：51]
[ info ] [ LANG ] D:\wwwroot\thinkphp5_765tm6\web\core\lang\zh-cn.php
[ info ] [ ROUTE ] array (
  'type' => 'module',
  'module' => 
  array (
    0 => 'website',
    1 => 'index',
    2 => 'getmenu',
  ),
)
[ info ] [ HEADER ] array (
  'content-type' => '',
  'content-length' => '0',
  'x-original-url' => '/website/index/getmenu/id/1',
  'x-requested-with' => 'XMLHttpRequest',
  'user-agent' => 'Mozilla/5.0 (Windows NT 6.3; WOW64) AppleWebKit/537.36 (KHTML, like Gecko) Chrome/55.0.2883.87 Safari/537.36',
  'referer' => 'http://127.0.0.5/website/index',
  'host' => '127.0.0.5',
  'cookie' => 'PHPSESSID=0imknbaa2pn72djco00uidr4l0',
  'accept-language' => 'zh-CN,zh;q=0.8',
  'accept-encoding' => 'gzip, deflate, sdch, br',
  'accept' => 'application/json, text/javascript, */*; q=0.01',
  'connection' => 'keep-alive',
)
[ info ] [ PARAM ] array (
  'id' => '1',
)
[ info ] [ RUN ] app\website\controller\Index->getmenu[ D:\wwwroot\thinkphp5_765tm6\web\application\website\controller\Index.php ]
[ info ] [ DB ] INIT mysql
[ info ] [ LOG ] INIT File
[ sql ] [ DB ] CONNECT:[ UseTime:0.076445s ] mysql:host=localhost;port=3306;dbname=mythinkphp5;charset=utf8
[ sql ] [ SQL ] SHOW COLUMNS FROM `Dp_nav` [ RunTime:0.098900s ]
[ sql ] [ SQL ] SELECT `name` AS `title`,`ico` AS `icon`,`url` AS `href` FROM `Dp_nav` WHERE  `display` = 1 ORDER BY `order` ASC,`id` ASC [ RunTime:0.004233s ]
---------------------------------------------------------------
[ 2018-08-27T14:03:45+08:00 ] 127.0.0.1 GET /website/system/index
[ info ] 127.0.0.5/website/system/index [运行时间：0.174651s][吞吐率：5.73req/s] [内存消耗：2,026.75kb] [文件加载：53]
[ info ] [ LANG ] D:\wwwroot\thinkphp5_765tm6\web\core\lang\zh-cn.php
[ info ] [ ROUTE ] array (
  'type' => 'module',
  'module' => 
  array (
    0 => 'website',
    1 => 'system',
    2 => 'index',
  ),
)
[ info ] [ HEADER ] array (
  'content-type' => '',
  'content-length' => '0',
  'x-original-url' => '/website/system/index',
  'upgrade-insecure-requests' => '1',
  'user-agent' => 'Mozilla/5.0 (Windows NT 6.3; WOW64) AppleWebKit/537.36 (KHTML, like Gecko) Chrome/55.0.2883.87 Safari/537.36',
  'referer' => 'http://127.0.0.5/website/index',
  'host' => '127.0.0.5',
  'cookie' => 'PHPSESSID=0imknbaa2pn72djco00uidr4l0',
  'accept-language' => 'zh-CN,zh;q=0.8',
  'accept-encoding' => 'gzip, deflate, sdch, br',
  'accept' => 'text/html,application/xhtml+xml,application/xml;q=0.9,image/webp,*/*;q=0.8',
  'connection' => 'keep-alive',
)
[ info ] [ PARAM ] array (
)
[ info ] [ RUN ] app\website\controller\System->index[ D:\wwwroot\thinkphp5_765tm6\web\application\website\controller\System.php ]
[ info ] [ DB ] INIT mysql
[ info ] [ VIEW ] D:\wwwroot\thinkphp5_765tm6\web/application/website\view\system\index.html [ array (
  0 => 'list',
) ]
[ info ] [ LOG ] INIT File
[ sql ] [ DB ] CONNECT:[ UseTime:0.012368s ] mysql:host=localhost;port=3306;dbname=mythinkphp5;charset=utf8
[ sql ] [ SQL ] SHOW COLUMNS FROM `Dp_nav` [ RunTime:0.012877s ]
[ sql ] [ SQL ] SELECT * FROM `Dp_nav` WHERE  `display` = 1 [ RunTime:0.002330s ]
---------------------------------------------------------------
[ 2018-08-27T14:03:53+08:00 ] 127.0.0.1 GET /website/system/menuedit/id/1
[ info ] 127.0.0.5/website/system/menuedit/id/1 [运行时间：0.178883s][吞吐率：5.59req/s] [内存消耗：2,126.73kb] [文件加载：54]
[ info ] [ LANG ] D:\wwwroot\thinkphp5_765tm6\web\core\lang\zh-cn.php
[ info ] [ ROUTE ] array (
  'type' => 'module',
  'module' => 
  array (
    0 => 'website',
    1 => 'system',
    2 => 'menuedit',
  ),
)
[ info ] [ HEADER ] array (
  'content-type' => '',
  'content-length' => '0',
  'x-original-url' => '/website/system/menuedit/id/1',
  'upgrade-insecure-requests' => '1',
  'user-agent' => 'Mozilla/5.0 (Windows NT 6.3; WOW64) AppleWebKit/537.36 (KHTML, like Gecko) Chrome/55.0.2883.87 Safari/537.36',
  'referer' => 'http://127.0.0.5/website/system/index',
  'host' => '127.0.0.5',
  'cookie' => 'PHPSESSID=0imknbaa2pn72djco00uidr4l0',
  'accept-language' => 'zh-CN,zh;q=0.8',
  'accept-encoding' => 'gzip, deflate, sdch, br',
  'accept' => 'text/html,application/xhtml+xml,application/xml;q=0.9,image/webp,*/*;q=0.8',
  'connection' => 'keep-alive',
)
[ info ] [ PARAM ] array (
  'id' => '1',
)
[ info ] [ RUN ] app\website\controller\System->menuedit[ D:\wwwroot\thinkphp5_765tm6\web\application\website\controller\System.php ]
[ info ] [ DB ] INIT mysql
[ info ] [ VIEW ] D:\wwwroot\thinkphp5_765tm6\web/application/website\view\system\menuedit.html [ array (
  0 => 'v',
) ]
[ info ] [ LOG ] INIT File
[ sql ] [ DB ] CONNECT:[ UseTime:0.004657s ] mysql:host=localhost;port=3306;dbname=mythinkphp5;charset=utf8
[ sql ] [ SQL ] SHOW COLUMNS FROM `Dp_nav` [ RunTime:0.012993s ]
[ sql ] [ SQL ] SELECT * FROM `Dp_nav` WHERE  `id` = 1 LIMIT 1 [ RunTime:0.001530s ]
---------------------------------------------------------------
[ 2018-08-27T14:07:34+08:00 ] 127.0.0.1 GET /website/index
[ info ] 127.0.0.5/website/index [运行时间：0.067151s][吞吐率：14.89req/s] [内存消耗：1,373.63kb] [文件加载：45]
[ info ] [ LANG ] D:\wwwroot\thinkphp5_765tm6\web\core\lang\zh-cn.php
[ info ] [ ROUTE ] array (
  'type' => 'module',
  'module' => 
  array (
    0 => 'website',
    1 => 'index',
    2 => NULL,
  ),
)
[ info ] [ HEADER ] array (
  'content-type' => '',
  'content-length' => '0',
  'x-original-url' => '/website/index',
  'upgrade-insecure-requests' => '1',
  'user-agent' => 'Mozilla/5.0 (Windows NT 6.3; WOW64) AppleWebKit/537.36 (KHTML, like Gecko) Chrome/55.0.2883.87 Safari/537.36',
  'host' => '127.0.0.5',
  'cookie' => 'PHPSESSID=0imknbaa2pn72djco00uidr4l0',
  'accept-language' => 'zh-CN,zh;q=0.8',
  'accept-encoding' => 'gzip, deflate, sdch, br',
  'accept' => 'text/html,application/xhtml+xml,application/xml;q=0.9,image/webp,*/*;q=0.8',
  'connection' => 'keep-alive',
  'cache-control' => 'max-age=0',
)
[ info ] [ PARAM ] array (
)
[ info ] [ RUN ] app\website\controller\Index->index[ D:\wwwroot\thinkphp5_765tm6\web\application\website\controller\Index.php ]
[ info ] [ VIEW ] D:\wwwroot\thinkphp5_765tm6\web/application/website\view\index\index.html [ array (
) ]
[ info ] [ SESSION ] INIT array (
  'id' => '',
  'var_session_id' => '',
  'prefix' => 'Dp',
  'type' => '',
  'auto_start' => true,
)
[ info ] [ LOG ] INIT File
---------------------------------------------------------------
[ 2018-08-27T14:07:35+08:00 ] 127.0.0.1 GET /website/index/main.html
[ info ] 127.0.0.5/website/index/main.html [运行时间：0.077021s][吞吐率：12.98req/s] [内存消耗：1,324.71kb] [文件加载：44]
[ info ] [ LANG ] D:\wwwroot\thinkphp5_765tm6\web\core\lang\zh-cn.php
[ info ] [ ROUTE ] array (
  'type' => 'module',
  'module' => 
  array (
    0 => 'website',
    1 => 'index',
    2 => 'main',
  ),
)
[ info ] [ HEADER ] array (
  'content-type' => '',
  'content-length' => '0',
  'x-original-url' => '/website/index/main.html',
  'upgrade-insecure-requests' => '1',
  'user-agent' => 'Mozilla/5.0 (Windows NT 6.3; WOW64) AppleWebKit/537.36 (KHTML, like Gecko) Chrome/55.0.2883.87 Safari/537.36',
  'referer' => 'http://127.0.0.5/website/index',
  'host' => '127.0.0.5',
  'cookie' => 'PHPSESSID=0imknbaa2pn72djco00uidr4l0',
  'accept-language' => 'zh-CN,zh;q=0.8',
  'accept-encoding' => 'gzip, deflate, sdch, br',
  'accept' => 'text/html,application/xhtml+xml,application/xml;q=0.9,image/webp,*/*;q=0.8',
  'connection' => 'keep-alive',
)
[ info ] [ PARAM ] array (
)
[ info ] [ RUN ] app\website\controller\Index->main[ D:\wwwroot\thinkphp5_765tm6\web\application\website\controller\Index.php ]
[ info ] [ VIEW ] D:\wwwroot\thinkphp5_765tm6\web/application/website\view\index\main.html [ array (
) ]
[ info ] [ LOG ] INIT File
---------------------------------------------------------------
[ 2018-08-27T14:07:38+08:00 ] 127.0.0.1 GET /website/index
[ info ] 127.0.0.5/website/index [运行时间：0.070164s][吞吐率：14.25req/s] [内存消耗：1,373.63kb] [文件加载：45]
[ info ] [ LANG ] D:\wwwroot\thinkphp5_765tm6\web\core\lang\zh-cn.php
[ info ] [ ROUTE ] array (
  'type' => 'module',
  'module' => 
  array (
    0 => 'website',
    1 => 'index',
    2 => NULL,
  ),
)
[ info ] [ HEADER ] array (
  'content-type' => '',
  'content-length' => '0',
  'x-original-url' => '/website/index',
  'upgrade-insecure-requests' => '1',
  'user-agent' => 'Mozilla/5.0 (Windows NT 6.3; WOW64) AppleWebKit/537.36 (KHTML, like Gecko) Chrome/55.0.2883.87 Safari/537.36',
  'host' => '127.0.0.5',
  'cookie' => 'PHPSESSID=0imknbaa2pn72djco00uidr4l0',
  'accept-language' => 'zh-CN,zh;q=0.8',
  'accept-encoding' => 'gzip, deflate, sdch, br',
  'accept' => 'text/html,application/xhtml+xml,application/xml;q=0.9,image/webp,*/*;q=0.8',
  'connection' => 'keep-alive',
  'cache-control' => 'max-age=0',
)
[ info ] [ PARAM ] array (
)
[ info ] [ RUN ] app\website\controller\Index->index[ D:\wwwroot\thinkphp5_765tm6\web\application\website\controller\Index.php ]
[ info ] [ VIEW ] D:\wwwroot\thinkphp5_765tm6\web/application/website\view\index\index.html [ array (
) ]
[ info ] [ SESSION ] INIT array (
  'id' => '',
  'var_session_id' => '',
  'prefix' => 'Dp',
  'type' => '',
  'auto_start' => true,
)
[ info ] [ LOG ] INIT File
---------------------------------------------------------------
[ 2018-08-27T14:07:38+08:00 ] 127.0.0.1 GET /website/index/main.html
[ info ] 127.0.0.5/website/index/main.html [运行时间：0.088759s][吞吐率：11.27req/s] [内存消耗：1,324.71kb] [文件加载：44]
[ info ] [ LANG ] D:\wwwroot\thinkphp5_765tm6\web\core\lang\zh-cn.php
[ info ] [ ROUTE ] array (
  'type' => 'module',
  'module' => 
  array (
    0 => 'website',
    1 => 'index',
    2 => 'main',
  ),
)
[ info ] [ HEADER ] array (
  'content-type' => '',
  'content-length' => '0',
  'x-original-url' => '/website/index/main.html',
  'upgrade-insecure-requests' => '1',
  'user-agent' => 'Mozilla/5.0 (Windows NT 6.3; WOW64) AppleWebKit/537.36 (KHTML, like Gecko) Chrome/55.0.2883.87 Safari/537.36',
  'referer' => 'http://127.0.0.5/website/index',
  'host' => '127.0.0.5',
  'cookie' => 'PHPSESSID=0imknbaa2pn72djco00uidr4l0',
  'accept-language' => 'zh-CN,zh;q=0.8',
  'accept-encoding' => 'gzip, deflate, sdch, br',
  'accept' => 'text/html,application/xhtml+xml,application/xml;q=0.9,image/webp,*/*;q=0.8',
  'connection' => 'keep-alive',
)
[ info ] [ PARAM ] array (
)
[ info ] [ RUN ] app\website\controller\Index->main[ D:\wwwroot\thinkphp5_765tm6\web\application\website\controller\Index.php ]
[ info ] [ VIEW ] D:\wwwroot\thinkphp5_765tm6\web/application/website\view\index\main.html [ array (
) ]
[ info ] [ LOG ] INIT File
---------------------------------------------------------------
[ 2018-08-27T14:07:51+08:00 ] 127.0.0.1 GET /website/system/index
[ info ] 127.0.0.5/website/system/index [运行时间：0.133653s][吞吐率：7.48req/s] [内存消耗：2,026.75kb] [文件加载：53]
[ info ] [ LANG ] D:\wwwroot\thinkphp5_765tm6\web\core\lang\zh-cn.php
[ info ] [ ROUTE ] array (
  'type' => 'module',
  'module' => 
  array (
    0 => 'website',
    1 => 'system',
    2 => 'index',
  ),
)
[ info ] [ HEADER ] array (
  'content-type' => '',
  'content-length' => '0',
  'x-original-url' => '/website/system/index',
  'upgrade-insecure-requests' => '1',
  'user-agent' => 'Mozilla/5.0 (Windows NT 6.3; WOW64) AppleWebKit/537.36 (KHTML, like Gecko) Chrome/55.0.2883.87 Safari/537.36',
  'referer' => 'http://127.0.0.5/website/index',
  'host' => '127.0.0.5',
  'cookie' => 'PHPSESSID=0imknbaa2pn72djco00uidr4l0',
  'accept-language' => 'zh-CN,zh;q=0.8',
  'accept-encoding' => 'gzip, deflate, sdch, br',
  'accept' => 'text/html,application/xhtml+xml,application/xml;q=0.9,image/webp,*/*;q=0.8',
  'connection' => 'keep-alive',
)
[ info ] [ PARAM ] array (
)
[ info ] [ RUN ] app\website\controller\System->index[ D:\wwwroot\thinkphp5_765tm6\web\application\website\controller\System.php ]
[ info ] [ DB ] INIT mysql
[ info ] [ VIEW ] D:\wwwroot\thinkphp5_765tm6\web/application/website\view\system\index.html [ array (
  0 => 'list',
) ]
[ info ] [ LOG ] INIT File
[ sql ] [ DB ] CONNECT:[ UseTime:0.004526s ] mysql:host=localhost;port=3306;dbname=mythinkphp5;charset=utf8
[ sql ] [ SQL ] SHOW COLUMNS FROM `Dp_nav` [ RunTime:0.014283s ]
[ sql ] [ SQL ] SELECT * FROM `Dp_nav` WHERE  `display` = 1 [ RunTime:0.001443s ]
---------------------------------------------------------------
[ 2018-08-27T14:07:59+08:00 ] 127.0.0.1 GET /website/system/menuedit/id/1
[ info ] 127.0.0.5/website/system/menuedit/id/1 [运行时间：0.156101s][吞吐率：6.41req/s] [内存消耗：2,006.78kb] [文件加载：52]
[ info ] [ LANG ] D:\wwwroot\thinkphp5_765tm6\web\core\lang\zh-cn.php
[ info ] [ ROUTE ] array (
  'type' => 'module',
  'module' => 
  array (
    0 => 'website',
    1 => 'system',
    2 => 'menuedit',
  ),
)
[ info ] [ HEADER ] array (
  'content-type' => '',
  'content-length' => '0',
  'x-original-url' => '/website/system/menuedit/id/1',
  'upgrade-insecure-requests' => '1',
  'user-agent' => 'Mozilla/5.0 (Windows NT 6.3; WOW64) AppleWebKit/537.36 (KHTML, like Gecko) Chrome/55.0.2883.87 Safari/537.36',
  'referer' => 'http://127.0.0.5/website/system/index',
  'host' => '127.0.0.5',
  'cookie' => 'PHPSESSID=0imknbaa2pn72djco00uidr4l0',
  'accept-language' => 'zh-CN,zh;q=0.8',
  'accept-encoding' => 'gzip, deflate, sdch, br',
  'accept' => 'text/html,application/xhtml+xml,application/xml;q=0.9,image/webp,*/*;q=0.8',
  'connection' => 'keep-alive',
)
[ info ] [ PARAM ] array (
  'id' => '1',
)
[ info ] [ RUN ] app\website\controller\System->menuedit[ D:\wwwroot\thinkphp5_765tm6\web\application\website\controller\System.php ]
[ info ] [ DB ] INIT mysql
[ info ] [ VIEW ] D:\wwwroot\thinkphp5_765tm6\web/application/website\view\system\menuedit.html [ array (
  0 => 'v',
) ]
[ info ] [ LOG ] INIT File
[ sql ] [ DB ] CONNECT:[ UseTime:0.030769s ] mysql:host=localhost;port=3306;dbname=mythinkphp5;charset=utf8
[ sql ] [ SQL ] SHOW COLUMNS FROM `Dp_nav` [ RunTime:0.015764s ]
[ sql ] [ SQL ] SELECT * FROM `Dp_nav` WHERE  `id` = 1 LIMIT 1 [ RunTime:0.001962s ]
---------------------------------------------------------------
[ 2018-08-27T14:08:44+08:00 ] 127.0.0.1 GET /website/system/menuedit/id/1
[ info ] 127.0.0.5/website/system/menuedit/id/1 [运行时间：0.087290s][吞吐率：11.46req/s] [内存消耗：2,006.48kb] [文件加载：52]
[ info ] [ LANG ] D:\wwwroot\thinkphp5_765tm6\web\core\lang\zh-cn.php
[ info ] [ ROUTE ] array (
  'type' => 'module',
  'module' => 
  array (
    0 => 'website',
    1 => 'system',
    2 => 'menuedit',
  ),
)
[ info ] [ HEADER ] array (
  'content-type' => '',
  'content-length' => '0',
  'x-original-url' => '/website/system/menuedit/id/1',
  'upgrade-insecure-requests' => '1',
  'user-agent' => 'Mozilla/5.0 (Windows NT 6.3; WOW64) AppleWebKit/537.36 (KHTML, like Gecko) Chrome/55.0.2883.87 Safari/537.36',
  'host' => '127.0.0.5',
  'cookie' => 'PHPSESSID=0imknbaa2pn72djco00uidr4l0',
  'accept-language' => 'zh-CN,zh;q=0.8',
  'accept-encoding' => 'gzip, deflate, sdch, br',
  'accept' => 'text/html,application/xhtml+xml,application/xml;q=0.9,image/webp,*/*;q=0.8',
  'connection' => 'keep-alive',
)
[ info ] [ PARAM ] array (
  'id' => '1',
)
[ info ] [ RUN ] app\website\controller\System->menuedit[ D:\wwwroot\thinkphp5_765tm6\web\application\website\controller\System.php ]
[ info ] [ DB ] INIT mysql
[ info ] [ VIEW ] D:\wwwroot\thinkphp5_765tm6\web/application/website\view\system\menuedit.html [ array (
  0 => 'v',
) ]
[ info ] [ LOG ] INIT File
[ sql ] [ DB ] CONNECT:[ UseTime:0.011582s ] mysql:host=localhost;port=3306;dbname=mythinkphp5;charset=utf8
[ sql ] [ SQL ] SHOW COLUMNS FROM `Dp_nav` [ RunTime:0.009764s ]
[ sql ] [ SQL ] SELECT * FROM `Dp_nav` WHERE  `id` = 1 LIMIT 1 [ RunTime:0.000667s ]
---------------------------------------------------------------
[ 2018-08-27T14:08:45+08:00 ] 127.0.0.1 GET /website/system/menuedit/id/1
[ info ] 127.0.0.5/website/system/menuedit/id/1 [运行时间：0.086522s][吞吐率：11.56req/s] [内存消耗：2,006.65kb] [文件加载：52]
[ info ] [ LANG ] D:\wwwroot\thinkphp5_765tm6\web\core\lang\zh-cn.php
[ info ] [ ROUTE ] array (
  'type' => 'module',
  'module' => 
  array (
    0 => 'website',
    1 => 'system',
    2 => 'menuedit',
  ),
)
[ info ] [ HEADER ] array (
  'content-type' => '',
  'content-length' => '0',
  'x-original-url' => '/website/system/menuedit/id/1',
  'upgrade-insecure-requests' => '1',
  'user-agent' => 'Mozilla/5.0 (Windows NT 6.3; WOW64) AppleWebKit/537.36 (KHTML, like Gecko) Chrome/55.0.2883.87 Safari/537.36',
  'host' => '127.0.0.5',
  'cookie' => 'PHPSESSID=0imknbaa2pn72djco00uidr4l0',
  'accept-language' => 'zh-CN,zh;q=0.8',
  'accept-encoding' => 'gzip, deflate, sdch, br',
  'accept' => 'text/html,application/xhtml+xml,application/xml;q=0.9,image/webp,*/*;q=0.8',
  'connection' => 'keep-alive',
  'cache-control' => 'max-age=0',
)
[ info ] [ PARAM ] array (
  'id' => '1',
)
[ info ] [ RUN ] app\website\controller\System->menuedit[ D:\wwwroot\thinkphp5_765tm6\web\application\website\controller\System.php ]
[ info ] [ DB ] INIT mysql
[ info ] [ VIEW ] D:\wwwroot\thinkphp5_765tm6\web/application/website\view\system\menuedit.html [ array (
  0 => 'v',
) ]
[ info ] [ LOG ] INIT File
[ sql ] [ DB ] CONNECT:[ UseTime:0.002079s ] mysql:host=localhost;port=3306;dbname=mythinkphp5;charset=utf8
[ sql ] [ SQL ] SHOW COLUMNS FROM `Dp_nav` [ RunTime:0.011573s ]
[ sql ] [ SQL ] SELECT * FROM `Dp_nav` WHERE  `id` = 1 LIMIT 1 [ RunTime:0.001172s ]
---------------------------------------------------------------
[ 2018-08-27T14:10:24+08:00 ] 127.0.0.1 GET /website/system/menuedit/id/1
[ info ] 127.0.0.5/website/system/menuedit/id/1 [运行时间：0.104853s][吞吐率：9.54req/s] [内存消耗：1,891.13kb] [文件加载：48]
[ info ] [ LANG ] D:\wwwroot\thinkphp5_765tm6\web\core\lang\zh-cn.php
[ info ] [ ROUTE ] array (
  'type' => 'module',
  'module' => 
  array (
    0 => 'website',
    1 => 'system',
    2 => 'menuedit',
  ),
)
[ info ] [ HEADER ] array (
  'content-type' => '',
  'content-length' => '0',
  'x-original-url' => '/website/system/menuedit/id/1',
  'upgrade-insecure-requests' => '1',
  'user-agent' => 'Mozilla/5.0 (Windows NT 6.3; WOW64) AppleWebKit/537.36 (KHTML, like Gecko) Chrome/55.0.2883.87 Safari/537.36',
  'host' => '127.0.0.5',
  'cookie' => 'PHPSESSID=0imknbaa2pn72djco00uidr4l0',
  'accept-language' => 'zh-CN,zh;q=0.8',
  'accept-encoding' => 'gzip, deflate, sdch, br',
  'accept' => 'text/html,application/xhtml+xml,application/xml;q=0.9,image/webp,*/*;q=0.8',
  'connection' => 'keep-alive',
  'cache-control' => 'max-age=0',
)
[ info ] [ PARAM ] array (
  'id' => '1',
)
[ info ] [ RUN ] app\website\controller\System->menuedit[ D:\wwwroot\thinkphp5_765tm6\web\application\website\controller\System.php ]
[ info ] [ DB ] INIT mysql
[ info ] [ LOG ] INIT File
[ sql ] [ DB ] CONNECT:[ UseTime:0.002259s ] mysql:host=localhost;port=3306;dbname=mythinkphp5;charset=utf8
[ sql ] [ SQL ] SHOW COLUMNS FROM `Dp_nav` [ RunTime:0.018005s ]
[ sql ] [ SQL ] SELECT * FROM `Dp_nav` WHERE  `id` = 1 LIMIT 1 [ RunTime:0.000803s ]
---------------------------------------------------------------
[ 2018-08-27T14:12:03+08:00 ] 127.0.0.1 GET /website/system/menuedit/id/1
[ info ] 127.0.0.5/website/system/menuedit/id/1 [运行时间：0.093433s][吞吐率：10.70req/s] [内存消耗：2,006.65kb] [文件加载：52]
[ info ] [ LANG ] D:\wwwroot\thinkphp5_765tm6\web\core\lang\zh-cn.php
[ info ] [ ROUTE ] array (
  'type' => 'module',
  'module' => 
  array (
    0 => 'website',
    1 => 'system',
    2 => 'menuedit',
  ),
)
[ info ] [ HEADER ] array (
  'content-type' => '',
  'content-length' => '0',
  'x-original-url' => '/website/system/menuedit/id/1',
  'upgrade-insecure-requests' => '1',
  'user-agent' => 'Mozilla/5.0 (Windows NT 6.3; WOW64) AppleWebKit/537.36 (KHTML, like Gecko) Chrome/55.0.2883.87 Safari/537.36',
  'host' => '127.0.0.5',
  'cookie' => 'PHPSESSID=0imknbaa2pn72djco00uidr4l0',
  'accept-language' => 'zh-CN,zh;q=0.8',
  'accept-encoding' => 'gzip, deflate, sdch, br',
  'accept' => 'text/html,application/xhtml+xml,application/xml;q=0.9,image/webp,*/*;q=0.8',
  'connection' => 'keep-alive',
  'cache-control' => 'max-age=0',
)
[ info ] [ PARAM ] array (
  'id' => '1',
)
[ info ] [ RUN ] app\website\controller\System->menuedit[ D:\wwwroot\thinkphp5_765tm6\web\application\website\controller\System.php ]
[ info ] [ DB ] INIT mysql
[ info ] [ VIEW ] D:\wwwroot\thinkphp5_765tm6\web/application/website\view\system\menuedit.html [ array (
  0 => 'v',
) ]
[ info ] [ LOG ] INIT File
[ sql ] [ DB ] CONNECT:[ UseTime:0.001911s ] mysql:host=localhost;port=3306;dbname=mythinkphp5;charset=utf8
[ sql ] [ SQL ] SHOW COLUMNS FROM `Dp_nav` [ RunTime:0.011258s ]
[ sql ] [ SQL ] SELECT * FROM `Dp_nav` WHERE  `id` = 1 LIMIT 1 [ RunTime:0.000770s ]
---------------------------------------------------------------
[ 2018-08-27T14:12:34+08:00 ] 127.0.0.1 GET /website/system/menuedit/id/1
[ info ] 127.0.0.5/website/system/menuedit/id/1 [运行时间：0.193830s][吞吐率：5.16req/s] [内存消耗：1,994.77kb] [文件加载：55]
[ info ] [ LANG ] D:\wwwroot\thinkphp5_765tm6\web\core\lang\zh-cn.php
[ info ] [ ROUTE ] array (
  'type' => 'module',
  'module' => 
  array (
    0 => 'website',
    1 => 'system',
    2 => 'menuedit',
  ),
)
[ info ] [ HEADER ] array (
  'content-type' => '',
  'content-length' => '0',
  'x-original-url' => '/website/system/menuedit/id/1',
  'upgrade-insecure-requests' => '1',
  'user-agent' => 'Mozilla/5.0 (Windows NT 6.3; WOW64) AppleWebKit/537.36 (KHTML, like Gecko) Chrome/55.0.2883.87 Safari/537.36',
  'host' => '127.0.0.5',
  'cookie' => 'PHPSESSID=0imknbaa2pn72djco00uidr4l0',
  'accept-language' => 'zh-CN,zh;q=0.8',
  'accept-encoding' => 'gzip, deflate, sdch, br',
  'accept' => 'text/html,application/xhtml+xml,application/xml;q=0.9,image/webp,*/*;q=0.8',
  'connection' => 'keep-alive',
  'cache-control' => 'max-age=0',
)
[ info ] [ PARAM ] array (
  'id' => '1',
)
[ info ] [ RUN ] app\website\controller\System->menuedit[ D:\wwwroot\thinkphp5_765tm6\web\application\website\controller\System.php ]
[ info ] [ DB ] INIT mysql
[ info ] [ VIEW ] D:\wwwroot\thinkphp5_765tm6\web/application/website\view\system\menuedit.html [ array (
) ]
[ info ] [ LOG ] INIT File
[ sql ] [ DB ] CONNECT:[ UseTime:0.011403s ] mysql:host=localhost;port=3306;dbname=mythinkphp5;charset=utf8
[ sql ] [ SQL ] SHOW COLUMNS FROM `Dp_nav` [ RunTime:0.012259s ]
[ sql ] [ SQL ] SELECT * FROM `Dp_nav` WHERE  `id` = 1 LIMIT 1 [ RunTime:0.000870s ]
[ error ] [8]未定义变量: v[D:\wwwroot\thinkphp5_765tm6\web\runtime\temp\78ef5805f613d31cd1e80dec54ee97d3.php:24]
---------------------------------------------------------------
[ 2018-08-27T14:14:43+08:00 ] 127.0.0.1 GET /website/system/menuedit/id/1
[ info ] 127.0.0.5/website/system/menuedit/id/1 [运行时间：0.098767s][吞吐率：10.12req/s] [内存消耗：1,994.80kb] [文件加载：55]
[ info ] [ LANG ] D:\wwwroot\thinkphp5_765tm6\web\core\lang\zh-cn.php
[ info ] [ ROUTE ] array (
  'type' => 'module',
  'module' => 
  array (
    0 => 'website',
    1 => 'system',
    2 => 'menuedit',
  ),
)
[ info ] [ HEADER ] array (
  'content-type' => '',
  'content-length' => '0',
  'x-original-url' => '/website/system/menuedit/id/1',
  'upgrade-insecure-requests' => '1',
  'user-agent' => 'Mozilla/5.0 (Windows NT 6.3; WOW64) AppleWebKit/537.36 (KHTML, like Gecko) Chrome/55.0.2883.87 Safari/537.36',
  'host' => '127.0.0.5',
  'cookie' => 'PHPSESSID=0imknbaa2pn72djco00uidr4l0',
  'accept-language' => 'zh-CN,zh;q=0.8',
  'accept-encoding' => 'gzip, deflate, sdch, br',
  'accept' => 'text/html,application/xhtml+xml,application/xml;q=0.9,image/webp,*/*;q=0.8',
  'connection' => 'keep-alive',
  'cache-control' => 'max-age=0',
)
[ info ] [ PARAM ] array (
  'id' => '1',
)
[ info ] [ RUN ] app\website\controller\System->menuedit[ D:\wwwroot\thinkphp5_765tm6\web\application\website\controller\System.php ]
[ info ] [ DB ] INIT mysql
[ info ] [ VIEW ] D:\wwwroot\thinkphp5_765tm6\web/application/website\view\system\menuedit.html [ array (
) ]
[ info ] [ LOG ] INIT File
[ sql ] [ DB ] CONNECT:[ UseTime:0.002087s ] mysql:host=localhost;port=3306;dbname=mythinkphp5;charset=utf8
[ sql ] [ SQL ] SHOW COLUMNS FROM `Dp_nav` [ RunTime:0.012579s ]
[ sql ] [ SQL ] SELECT * FROM `Dp_nav` WHERE  `id` = 1 LIMIT 1 [ RunTime:0.000827s ]
[ error ] [8]未定义变量: v[D:\wwwroot\thinkphp5_765tm6\web\runtime\temp\78ef5805f613d31cd1e80dec54ee97d3.php:24]
---------------------------------------------------------------
[ 2018-08-27T14:14:46+08:00 ] 127.0.0.1 GET /website/system/menuedit/id/1
[ info ] 127.0.0.5/website/system/menuedit/id/1 [运行时间：0.115886s][吞吐率：8.63req/s] [内存消耗：1,994.80kb] [文件加载：55]
[ info ] [ LANG ] D:\wwwroot\thinkphp5_765tm6\web\core\lang\zh-cn.php
[ info ] [ ROUTE ] array (
  'type' => 'module',
  'module' => 
  array (
    0 => 'website',
    1 => 'system',
    2 => 'menuedit',
  ),
)
[ info ] [ HEADER ] array (
  'content-type' => '',
  'content-length' => '0',
  'x-original-url' => '/website/system/menuedit/id/1',
  'upgrade-insecure-requests' => '1',
  'user-agent' => 'Mozilla/5.0 (Windows NT 6.3; WOW64) AppleWebKit/537.36 (KHTML, like Gecko) Chrome/55.0.2883.87 Safari/537.36',
  'host' => '127.0.0.5',
  'cookie' => 'PHPSESSID=0imknbaa2pn72djco00uidr4l0',
  'accept-language' => 'zh-CN,zh;q=0.8',
  'accept-encoding' => 'gzip, deflate, sdch, br',
  'accept' => 'text/html,application/xhtml+xml,application/xml;q=0.9,image/webp,*/*;q=0.8',
  'connection' => 'keep-alive',
  'cache-control' => 'max-age=0',
)
[ info ] [ PARAM ] array (
  'id' => '1',
)
[ info ] [ RUN ] app\website\controller\System->menuedit[ D:\wwwroot\thinkphp5_765tm6\web\application\website\controller\System.php ]
[ info ] [ DB ] INIT mysql
[ info ] [ VIEW ] D:\wwwroot\thinkphp5_765tm6\web/application/website\view\system\menuedit.html [ array (
) ]
[ info ] [ LOG ] INIT File
[ sql ] [ DB ] CONNECT:[ UseTime:0.011581s ] mysql:host=localhost;port=3306;dbname=mythinkphp5;charset=utf8
[ sql ] [ SQL ] SHOW COLUMNS FROM `Dp_nav` [ RunTime:0.011714s ]
[ sql ] [ SQL ] SELECT * FROM `Dp_nav` WHERE  `id` = 1 LIMIT 1 [ RunTime:0.001349s ]
[ error ] [8]未定义变量: v[D:\wwwroot\thinkphp5_765tm6\web\runtime\temp\78ef5805f613d31cd1e80dec54ee97d3.php:24]
---------------------------------------------------------------
[ 2018-08-27T14:16:21+08:00 ] 127.0.0.1 GET /website/system/menuedit/id/1
[ info ] 127.0.0.5/website/system/menuedit/id/1 [运行时间：0.110311s][吞吐率：9.07req/s] [内存消耗：2,006.84kb] [文件加载：52]
[ info ] [ LANG ] D:\wwwroot\thinkphp5_765tm6\web\core\lang\zh-cn.php
[ info ] [ ROUTE ] array (
  'type' => 'module',
  'module' => 
  array (
    0 => 'website',
    1 => 'system',
    2 => 'menuedit',
  ),
)
[ info ] [ HEADER ] array (
  'content-type' => '',
  'content-length' => '0',
  'x-original-url' => '/website/system/menuedit/id/1',
  'upgrade-insecure-requests' => '1',
  'user-agent' => 'Mozilla/5.0 (Windows NT 6.3; WOW64) AppleWebKit/537.36 (KHTML, like Gecko) Chrome/55.0.2883.87 Safari/537.36',
  'host' => '127.0.0.5',
  'cookie' => 'PHPSESSID=0imknbaa2pn72djco00uidr4l0',
  'accept-language' => 'zh-CN,zh;q=0.8',
  'accept-encoding' => 'gzip, deflate, sdch, br',
  'accept' => 'text/html,application/xhtml+xml,application/xml;q=0.9,image/webp,*/*;q=0.8',
  'connection' => 'keep-alive',
  'cache-control' => 'max-age=0',
)
[ info ] [ PARAM ] array (
  'id' => '1',
)
[ info ] [ RUN ] app\website\controller\System->menuedit[ D:\wwwroot\thinkphp5_765tm6\web\application\website\controller\System.php ]
[ info ] [ DB ] INIT mysql
[ info ] [ VIEW ] D:\wwwroot\thinkphp5_765tm6\web/application/website\view\system\menuedit.html [ array (
  0 => 'v',
) ]
[ info ] [ LOG ] INIT File
[ sql ] [ DB ] CONNECT:[ UseTime:0.011592s ] mysql:host=localhost;port=3306;dbname=mythinkphp5;charset=utf8
[ sql ] [ SQL ] SHOW COLUMNS FROM `Dp_nav` [ RunTime:0.011264s ]
[ sql ] [ SQL ] SELECT * FROM `Dp_nav` WHERE  `id` = 1 LIMIT 1 [ RunTime:0.001238s ]
---------------------------------------------------------------
[ 2018-08-27T14:16:46+08:00 ] 127.0.0.1 GET /website/system/index
[ info ] 127.0.0.5/website/system/index [运行时间：0.131209s][吞吐率：7.62req/s] [内存消耗：2,026.93kb] [文件加载：53]
[ info ] [ LANG ] D:\wwwroot\thinkphp5_765tm6\web\core\lang\zh-cn.php
[ info ] [ ROUTE ] array (
  'type' => 'module',
  'module' => 
  array (
    0 => 'website',
    1 => 'system',
    2 => 'index',
  ),
)
[ info ] [ HEADER ] array (
  'content-type' => '',
  'content-length' => '0',
  'x-original-url' => '/website/system/index',
  'upgrade-insecure-requests' => '1',
  'user-agent' => 'Mozilla/5.0 (Windows NT 6.3; WOW64) AppleWebKit/537.36 (KHTML, like Gecko) Chrome/55.0.2883.87 Safari/537.36',
  'referer' => 'http://127.0.0.5/website/system/index',
  'host' => '127.0.0.5',
  'cookie' => 'PHPSESSID=0imknbaa2pn72djco00uidr4l0',
  'accept-language' => 'zh-CN,zh;q=0.8',
  'accept-encoding' => 'gzip, deflate, sdch, br',
  'accept' => 'text/html,application/xhtml+xml,application/xml;q=0.9,image/webp,*/*;q=0.8',
  'connection' => 'keep-alive',
  'cache-control' => 'max-age=0',
)
[ info ] [ PARAM ] array (
)
[ info ] [ RUN ] app\website\controller\System->index[ D:\wwwroot\thinkphp5_765tm6\web\application\website\controller\System.php ]
[ info ] [ DB ] INIT mysql
[ info ] [ VIEW ] D:\wwwroot\thinkphp5_765tm6\web/application/website\view\system\index.html [ array (
  0 => 'list',
) ]
[ info ] [ LOG ] INIT File
[ sql ] [ DB ] CONNECT:[ UseTime:0.002648s ] mysql:host=localhost;port=3306;dbname=mythinkphp5;charset=utf8
[ sql ] [ SQL ] SHOW COLUMNS FROM `Dp_nav` [ RunTime:0.011813s ]
[ sql ] [ SQL ] SELECT * FROM `Dp_nav` WHERE  `display` = 1 [ RunTime:0.000854s ]
---------------------------------------------------------------
[ 2018-08-27T14:16:57+08:00 ] 127.0.0.1 GET /website/system/menuedit/id/1
[ info ] 127.0.0.5/website/system/menuedit/id/1 [运行时间：0.143987s][吞吐率：6.95req/s] [内存消耗：2,006.96kb] [文件加载：52]
[ info ] [ LANG ] D:\wwwroot\thinkphp5_765tm6\web\core\lang\zh-cn.php
[ info ] [ ROUTE ] array (
  'type' => 'module',
  'module' => 
  array (
    0 => 'website',
    1 => 'system',
    2 => 'menuedit',
  ),
)
[ info ] [ HEADER ] array (
  'content-type' => '',
  'content-length' => '0',
  'x-original-url' => '/website/system/menuedit/id/1',
  'upgrade-insecure-requests' => '1',
  'user-agent' => 'Mozilla/5.0 (Windows NT 6.3; WOW64) AppleWebKit/537.36 (KHTML, like Gecko) Chrome/55.0.2883.87 Safari/537.36',
  'referer' => 'http://127.0.0.5/website/system/index',
  'host' => '127.0.0.5',
  'cookie' => 'PHPSESSID=0imknbaa2pn72djco00uidr4l0',
  'accept-language' => 'zh-CN,zh;q=0.8',
  'accept-encoding' => 'gzip, deflate, sdch, br',
  'accept' => 'text/html,application/xhtml+xml,application/xml;q=0.9,image/webp,*/*;q=0.8',
  'connection' => 'keep-alive',
)
[ info ] [ PARAM ] array (
  'id' => '1',
)
[ info ] [ RUN ] app\website\controller\System->menuedit[ D:\wwwroot\thinkphp5_765tm6\web\application\website\controller\System.php ]
[ info ] [ DB ] INIT mysql
[ info ] [ VIEW ] D:\wwwroot\thinkphp5_765tm6\web/application/website\view\system\menuedit.html [ array (
  0 => 'v',
) ]
[ info ] [ LOG ] INIT File
[ sql ] [ DB ] CONNECT:[ UseTime:0.005679s ] mysql:host=localhost;port=3306;dbname=mythinkphp5;charset=utf8
[ sql ] [ SQL ] SHOW COLUMNS FROM `Dp_nav` [ RunTime:0.020391s ]
[ sql ] [ SQL ] SELECT * FROM `Dp_nav` WHERE  `id` = 1 LIMIT 1 [ RunTime:0.000817s ]
---------------------------------------------------------------
[ 2018-08-27T14:26:14+08:00 ] 127.0.0.1 GET /website/system/index
[ info ] 127.0.0.5/website/system/index [运行时间：0.132247s][吞吐率：7.56req/s] [内存消耗：2,147.64kb] [文件加载：55]
[ info ] [ LANG ] D:\wwwroot\thinkphp5_765tm6\web\core\lang\zh-cn.php
[ info ] [ ROUTE ] array (
  'type' => 'module',
  'module' => 
  array (
    0 => 'website',
    1 => 'system',
    2 => 'index',
  ),
)
[ info ] [ HEADER ] array (
  'content-type' => '',
  'content-length' => '0',
  'x-original-url' => '/website/system/index',
  'upgrade-insecure-requests' => '1',
  'user-agent' => 'Mozilla/5.0 (Windows NT 6.3; WOW64) AppleWebKit/537.36 (KHTML, like Gecko) Chrome/55.0.2883.87 Safari/537.36',
  'referer' => 'http://127.0.0.5/website/system/index',
  'host' => '127.0.0.5',
  'cookie' => 'PHPSESSID=0imknbaa2pn72djco00uidr4l0',
  'accept-language' => 'zh-CN,zh;q=0.8',
  'accept-encoding' => 'gzip, deflate, sdch, br',
  'accept' => 'text/html,application/xhtml+xml,application/xml;q=0.9,image/webp,*/*;q=0.8',
  'connection' => 'keep-alive',
  'cache-control' => 'max-age=0',
)
[ info ] [ PARAM ] array (
)
[ info ] [ RUN ] app\website\controller\System->index[ D:\wwwroot\thinkphp5_765tm6\web\application\website\controller\System.php ]
[ info ] [ DB ] INIT mysql
[ info ] [ VIEW ] D:\wwwroot\thinkphp5_765tm6\web/application/website\view\system\index.html [ array (
  0 => 'list',
) ]
[ info ] [ LOG ] INIT File
[ sql ] [ DB ] CONNECT:[ UseTime:0.015034s ] mysql:host=localhost;port=3306;dbname=mythinkphp5;charset=utf8
[ sql ] [ SQL ] SHOW COLUMNS FROM `Dp_nav` [ RunTime:0.009698s ]
[ sql ] [ SQL ] SELECT * FROM `Dp_nav` WHERE  `display` = 1 [ RunTime:0.001007s ]
---------------------------------------------------------------
[ 2018-08-27T14:33:46+08:00 ] 127.0.0.1 GET /website/system/index
[ info ] 127.0.0.5/website/system/index [运行时间：0.132541s][吞吐率：7.54req/s] [内存消耗：2,147.89kb] [文件加载：55]
[ info ] [ LANG ] D:\wwwroot\thinkphp5_765tm6\web\core\lang\zh-cn.php
[ info ] [ ROUTE ] array (
  'type' => 'module',
  'module' => 
  array (
    0 => 'website',
    1 => 'system',
    2 => 'index',
  ),
)
[ info ] [ HEADER ] array (
  'content-type' => '',
  'content-length' => '0',
  'x-original-url' => '/website/system/index',
  'upgrade-insecure-requests' => '1',
  'user-agent' => 'Mozilla/5.0 (Windows NT 6.3; WOW64) AppleWebKit/537.36 (KHTML, like Gecko) Chrome/55.0.2883.87 Safari/537.36',
  'referer' => 'http://127.0.0.5/website/system/index',
  'host' => '127.0.0.5',
  'cookie' => 'PHPSESSID=0imknbaa2pn72djco00uidr4l0',
  'accept-language' => 'zh-CN,zh;q=0.8',
  'accept-encoding' => 'gzip, deflate, sdch, br',
  'accept' => 'text/html,application/xhtml+xml,application/xml;q=0.9,image/webp,*/*;q=0.8',
  'connection' => 'keep-alive',
  'cache-control' => 'max-age=0',
)
[ info ] [ PARAM ] array (
)
[ info ] [ RUN ] app\website\controller\System->index[ D:\wwwroot\thinkphp5_765tm6\web\application\website\controller\System.php ]
[ info ] [ DB ] INIT mysql
[ info ] [ VIEW ] D:\wwwroot\thinkphp5_765tm6\web/application/website\view\system\index.html [ array (
  0 => 'list',
) ]
[ info ] [ LOG ] INIT File
[ sql ] [ DB ] CONNECT:[ UseTime:0.005158s ] mysql:host=localhost;port=3306;dbname=mythinkphp5;charset=utf8
[ sql ] [ SQL ] SHOW COLUMNS FROM `Dp_nav` [ RunTime:0.012536s ]
[ sql ] [ SQL ] SELECT * FROM `Dp_nav` WHERE  `display` = 1 [ RunTime:0.001744s ]
---------------------------------------------------------------
[ 2018-08-27T15:10:44+08:00 ] 127.0.0.1 GET /website/system/index
[ info ] 127.0.0.5/website/system/index [运行时间：0.125096s][吞吐率：7.99req/s] [内存消耗：2,147.97kb] [文件加载：55]
[ info ] [ LANG ] D:\wwwroot\thinkphp5_765tm6\web\core\lang\zh-cn.php
[ info ] [ ROUTE ] array (
  'type' => 'module',
  'module' => 
  array (
    0 => 'website',
    1 => 'system',
    2 => 'index',
  ),
)
[ info ] [ HEADER ] array (
  'content-type' => '',
  'content-length' => '0',
  'x-original-url' => '/website/system/index',
  'upgrade-insecure-requests' => '1',
  'user-agent' => 'Mozilla/5.0 (Windows NT 6.3; WOW64) AppleWebKit/537.36 (KHTML, like Gecko) Chrome/55.0.2883.87 Safari/537.36',
  'referer' => 'http://127.0.0.5/website/system/index',
  'host' => '127.0.0.5',
  'cookie' => 'PHPSESSID=0imknbaa2pn72djco00uidr4l0',
  'accept-language' => 'zh-CN,zh;q=0.8',
  'accept-encoding' => 'gzip, deflate, sdch, br',
  'accept' => 'text/html,application/xhtml+xml,application/xml;q=0.9,image/webp,*/*;q=0.8',
  'connection' => 'keep-alive',
  'cache-control' => 'max-age=0',
)
[ info ] [ PARAM ] array (
)
[ info ] [ RUN ] app\website\controller\System->index[ D:\wwwroot\thinkphp5_765tm6\web\application\website\controller\System.php ]
[ info ] [ DB ] INIT mysql
[ info ] [ VIEW ] D:\wwwroot\thinkphp5_765tm6\web/application/website\view\system\index.html [ array (
  0 => 'list',
) ]
[ info ] [ LOG ] INIT File
[ sql ] [ DB ] CONNECT:[ UseTime:0.014976s ] mysql:host=localhost;port=3306;dbname=mythinkphp5;charset=utf8
[ sql ] [ SQL ] SHOW COLUMNS FROM `Dp_nav` [ RunTime:0.009123s ]
[ sql ] [ SQL ] SELECT * FROM `Dp_nav` WHERE  `display` = 1 [ RunTime:0.000745s ]
---------------------------------------------------------------
[ 2018-08-27T15:12:59+08:00 ] 127.0.0.1 GET /website/system/index
[ info ] 127.0.0.5/website/system/index [运行时间：0.166461s][吞吐率：6.01req/s] [内存消耗：2,147.98kb] [文件加载：55]
[ info ] [ LANG ] D:\wwwroot\thinkphp5_765tm6\web\core\lang\zh-cn.php
[ info ] [ ROUTE ] array (
  'type' => 'module',
  'module' => 
  array (
    0 => 'website',
    1 => 'system',
    2 => 'index',
  ),
)
[ info ] [ HEADER ] array (
  'content-type' => '',
  'content-length' => '0',
  'x-original-url' => '/website/system/index',
  'upgrade-insecure-requests' => '1',
  'user-agent' => 'Mozilla/5.0 (Windows NT 6.3; WOW64) AppleWebKit/537.36 (KHTML, like Gecko) Chrome/55.0.2883.87 Safari/537.36',
  'referer' => 'http://127.0.0.5/website/system/index',
  'host' => '127.0.0.5',
  'cookie' => 'PHPSESSID=0imknbaa2pn72djco00uidr4l0',
  'accept-language' => 'zh-CN,zh;q=0.8',
  'accept-encoding' => 'gzip, deflate, sdch, br',
  'accept' => 'text/html,application/xhtml+xml,application/xml;q=0.9,image/webp,*/*;q=0.8',
  'connection' => 'keep-alive',
  'cache-control' => 'max-age=0',
)
[ info ] [ PARAM ] array (
)
[ info ] [ RUN ] app\website\controller\System->index[ D:\wwwroot\thinkphp5_765tm6\web\application\website\controller\System.php ]
[ info ] [ DB ] INIT mysql
[ info ] [ VIEW ] D:\wwwroot\thinkphp5_765tm6\web/application/website\view\system\index.html [ array (
  0 => 'list',
) ]
[ info ] [ LOG ] INIT File
[ sql ] [ DB ] CONNECT:[ UseTime:0.019171s ] mysql:host=localhost;port=3306;dbname=mythinkphp5;charset=utf8
[ sql ] [ SQL ] SHOW COLUMNS FROM `Dp_nav` [ RunTime:0.011094s ]
[ sql ] [ SQL ] SELECT * FROM `Dp_nav` WHERE  `display` = 1 [ RunTime:0.001056s ]
---------------------------------------------------------------
[ 2018-08-27T17:08:16+08:00 ] 127.0.0.1 GET /website/system/index
[ info ] 127.0.0.5/website/system/index [运行时间：0.137146s][吞吐率：7.29req/s] [内存消耗：2,148.09kb] [文件加载：55]
[ info ] [ LANG ] D:\wwwroot\thinkphp5_765tm6\web\core\lang\zh-cn.php
[ info ] [ ROUTE ] array (
  'type' => 'module',
  'module' => 
  array (
    0 => 'website',
    1 => 'system',
    2 => 'index',
  ),
)
[ info ] [ HEADER ] array (
  'content-type' => '',
  'content-length' => '0',
  'x-original-url' => '/website/system/index',
  'upgrade-insecure-requests' => '1',
  'user-agent' => 'Mozilla/5.0 (Windows NT 6.3; WOW64) AppleWebKit/537.36 (KHTML, like Gecko) Chrome/55.0.2883.87 Safari/537.36',
  'referer' => 'http://127.0.0.5/website/system/index',
  'host' => '127.0.0.5',
  'cookie' => 'PHPSESSID=0imknbaa2pn72djco00uidr4l0',
  'accept-language' => 'zh-CN,zh;q=0.8',
  'accept-encoding' => 'gzip, deflate, sdch, br',
  'accept' => 'text/html,application/xhtml+xml,application/xml;q=0.9,image/webp,*/*;q=0.8',
  'connection' => 'keep-alive',
  'cache-control' => 'max-age=0',
)
[ info ] [ PARAM ] array (
)
[ info ] [ RUN ] app\website\controller\System->index[ D:\wwwroot\thinkphp5_765tm6\web\application\website\controller\System.php ]
[ info ] [ DB ] INIT mysql
[ info ] [ VIEW ] D:\wwwroot\thinkphp5_765tm6\web/application/website\view\system\index.html [ array (
  0 => 'list',
) ]
[ info ] [ LOG ] INIT File
[ sql ] [ DB ] CONNECT:[ UseTime:0.015422s ] mysql:host=localhost;port=3306;dbname=mythinkphp5;charset=utf8
[ sql ] [ SQL ] SHOW COLUMNS FROM `Dp_nav` [ RunTime:0.022842s ]
[ sql ] [ SQL ] SELECT * FROM `Dp_nav` WHERE  `display` = 1 [ RunTime:0.000848s ]
---------------------------------------------------------------
[ 2018-08-27T17:15:33+08:00 ] 127.0.0.1 GET /website/system/index
[ info ] 127.0.0.5/website/system/index [运行时间：0.126630s][吞吐率：7.90req/s] [内存消耗：2,147.88kb] [文件加载：55]
[ info ] [ LANG ] D:\wwwroot\thinkphp5_765tm6\web\core\lang\zh-cn.php
[ info ] [ ROUTE ] array (
  'type' => 'module',
  'module' => 
  array (
    0 => 'website',
    1 => 'system',
    2 => 'index',
  ),
)
[ info ] [ HEADER ] array (
  'content-type' => '',
  'content-length' => '0',
  'x-original-url' => '/website/system/index',
  'upgrade-insecure-requests' => '1',
  'user-agent' => 'Mozilla/5.0 (Windows NT 6.3; WOW64) AppleWebKit/537.36 (KHTML, like Gecko) Chrome/55.0.2883.87 Safari/537.36',
  'referer' => 'http://127.0.0.5/website/system/index',
  'host' => '127.0.0.5',
  'cookie' => 'PHPSESSID=0imknbaa2pn72djco00uidr4l0',
  'accept-language' => 'zh-CN,zh;q=0.8',
  'accept-encoding' => 'gzip, deflate, sdch, br',
  'accept' => 'text/html,application/xhtml+xml,application/xml;q=0.9,image/webp,*/*;q=0.8',
  'connection' => 'keep-alive',
  'cache-control' => 'max-age=0',
)
[ info ] [ PARAM ] array (
)
[ info ] [ RUN ] app\website\controller\System->index[ D:\wwwroot\thinkphp5_765tm6\web\application\website\controller\System.php ]
[ info ] [ DB ] INIT mysql
[ info ] [ VIEW ] D:\wwwroot\thinkphp5_765tm6\web/application/website\view\system\index.html [ array (
  0 => 'list',
) ]
[ info ] [ LOG ] INIT File
[ sql ] [ DB ] CONNECT:[ UseTime:0.008505s ] mysql:host=localhost;port=3306;dbname=mythinkphp5;charset=utf8
[ sql ] [ SQL ] SHOW COLUMNS FROM `Dp_nav` [ RunTime:0.009351s ]
[ sql ] [ SQL ] SELECT * FROM `Dp_nav` WHERE  `display` = 1 [ RunTime:0.000852s ]
---------------------------------------------------------------
[ 2018-08-27T17:16:58+08:00 ] 127.0.0.1 GET /website/system/index
[ info ] 127.0.0.5/website/system/index [运行时间：0.119730s][吞吐率：8.35req/s] [内存消耗：2,147.98kb] [文件加载：55]
[ info ] [ LANG ] D:\wwwroot\thinkphp5_765tm6\web\core\lang\zh-cn.php
[ info ] [ ROUTE ] array (
  'type' => 'module',
  'module' => 
  array (
    0 => 'website',
    1 => 'system',
    2 => 'index',
  ),
)
[ info ] [ HEADER ] array (
  'content-type' => '',
  'content-length' => '0',
  'x-original-url' => '/website/system/index',
  'upgrade-insecure-requests' => '1',
  'user-agent' => 'Mozilla/5.0 (Windows NT 6.3; WOW64) AppleWebKit/537.36 (KHTML, like Gecko) Chrome/55.0.2883.87 Safari/537.36',
  'referer' => 'http://127.0.0.5/website/system/index',
  'host' => '127.0.0.5',
  'cookie' => 'PHPSESSID=0imknbaa2pn72djco00uidr4l0',
  'accept-language' => 'zh-CN,zh;q=0.8',
  'accept-encoding' => 'gzip, deflate, sdch, br',
  'accept' => 'text/html,application/xhtml+xml,application/xml;q=0.9,image/webp,*/*;q=0.8',
  'connection' => 'keep-alive',
  'cache-control' => 'max-age=0',
)
[ info ] [ PARAM ] array (
)
[ info ] [ RUN ] app\website\controller\System->index[ D:\wwwroot\thinkphp5_765tm6\web\application\website\controller\System.php ]
[ info ] [ DB ] INIT mysql
[ info ] [ VIEW ] D:\wwwroot\thinkphp5_765tm6\web/application/website\view\system\index.html [ array (
  0 => 'list',
) ]
[ info ] [ LOG ] INIT File
[ sql ] [ DB ] CONNECT:[ UseTime:0.001784s ] mysql:host=localhost;port=3306;dbname=mythinkphp5;charset=utf8
[ sql ] [ SQL ] SHOW COLUMNS FROM `Dp_nav` [ RunTime:0.010788s ]
[ sql ] [ SQL ] SELECT * FROM `Dp_nav` WHERE  `display` = 1 [ RunTime:0.000614s ]
---------------------------------------------------------------
[ 2018-08-27T17:18:20+08:00 ] 127.0.0.1 GET /website/system/index
[ info ] 127.0.0.5/website/system/index [运行时间：0.109729s][吞吐率：9.11req/s] [内存消耗：2,147.98kb] [文件加载：55]
[ info ] [ LANG ] D:\wwwroot\thinkphp5_765tm6\web\core\lang\zh-cn.php
[ info ] [ ROUTE ] array (
  'type' => 'module',
  'module' => 
  array (
    0 => 'website',
    1 => 'system',
    2 => 'index',
  ),
)
[ info ] [ HEADER ] array (
  'content-type' => '',
  'content-length' => '0',
  'x-original-url' => '/website/system/index',
  'upgrade-insecure-requests' => '1',
  'user-agent' => 'Mozilla/5.0 (Windows NT 6.3; WOW64) AppleWebKit/537.36 (KHTML, like Gecko) Chrome/55.0.2883.87 Safari/537.36',
  'referer' => 'http://127.0.0.5/website/system/index',
  'host' => '127.0.0.5',
  'cookie' => 'PHPSESSID=0imknbaa2pn72djco00uidr4l0',
  'accept-language' => 'zh-CN,zh;q=0.8',
  'accept-encoding' => 'gzip, deflate, sdch, br',
  'accept' => 'text/html,application/xhtml+xml,application/xml;q=0.9,image/webp,*/*;q=0.8',
  'connection' => 'keep-alive',
  'cache-control' => 'max-age=0',
)
[ info ] [ PARAM ] array (
)
[ info ] [ RUN ] app\website\controller\System->index[ D:\wwwroot\thinkphp5_765tm6\web\application\website\controller\System.php ]
[ info ] [ DB ] INIT mysql
[ info ] [ VIEW ] D:\wwwroot\thinkphp5_765tm6\web/application/website\view\system\index.html [ array (
  0 => 'list',
) ]
[ info ] [ LOG ] INIT File
[ sql ] [ DB ] CONNECT:[ UseTime:0.002147s ] mysql:host=localhost;port=3306;dbname=mythinkphp5;charset=utf8
[ sql ] [ SQL ] SHOW COLUMNS FROM `Dp_nav` [ RunTime:0.012450s ]
[ sql ] [ SQL ] SELECT * FROM `Dp_nav` WHERE  `display` = 1 [ RunTime:0.000957s ]
---------------------------------------------------------------
[ 2018-08-27T17:20:41+08:00 ] 127.0.0.1 GET /website/system/index
[ info ] 127.0.0.5/website/system/index [运行时间：0.115508s][吞吐率：8.66req/s] [内存消耗：2,147.98kb] [文件加载：55]
[ info ] [ LANG ] D:\wwwroot\thinkphp5_765tm6\web\core\lang\zh-cn.php
[ info ] [ ROUTE ] array (
  'type' => 'module',
  'module' => 
  array (
    0 => 'website',
    1 => 'system',
    2 => 'index',
  ),
)
[ info ] [ HEADER ] array (
  'content-type' => '',
  'content-length' => '0',
  'x-original-url' => '/website/system/index',
  'upgrade-insecure-requests' => '1',
  'user-agent' => 'Mozilla/5.0 (Windows NT 6.3; WOW64) AppleWebKit/537.36 (KHTML, like Gecko) Chrome/55.0.2883.87 Safari/537.36',
  'referer' => 'http://127.0.0.5/website/system/index',
  'host' => '127.0.0.5',
  'cookie' => 'PHPSESSID=0imknbaa2pn72djco00uidr4l0',
  'accept-language' => 'zh-CN,zh;q=0.8',
  'accept-encoding' => 'gzip, deflate, sdch, br',
  'accept' => 'text/html,application/xhtml+xml,application/xml;q=0.9,image/webp,*/*;q=0.8',
  'connection' => 'keep-alive',
  'cache-control' => 'max-age=0',
)
[ info ] [ PARAM ] array (
)
[ info ] [ RUN ] app\website\controller\System->index[ D:\wwwroot\thinkphp5_765tm6\web\application\website\controller\System.php ]
[ info ] [ DB ] INIT mysql
[ info ] [ VIEW ] D:\wwwroot\thinkphp5_765tm6\web/application/website\view\system\index.html [ array (
  0 => 'list',
) ]
[ info ] [ LOG ] INIT File
[ sql ] [ DB ] CONNECT:[ UseTime:0.002273s ] mysql:host=localhost;port=3306;dbname=mythinkphp5;charset=utf8
[ sql ] [ SQL ] SHOW COLUMNS FROM `Dp_nav` [ RunTime:0.012722s ]
[ sql ] [ SQL ] SELECT * FROM `Dp_nav` WHERE  `display` = 1 [ RunTime:0.000919s ]
---------------------------------------------------------------
[ 2018-08-27T17:25:47+08:00 ] 127.0.0.1 GET /website/system/index
[ info ] 127.0.0.5/website/system/index [运行时间：0.111856s][吞吐率：8.94req/s] [内存消耗：2,147.98kb] [文件加载：55]
[ info ] [ LANG ] D:\wwwroot\thinkphp5_765tm6\web\core\lang\zh-cn.php
[ info ] [ ROUTE ] array (
  'type' => 'module',
  'module' => 
  array (
    0 => 'website',
    1 => 'system',
    2 => 'index',
  ),
)
[ info ] [ HEADER ] array (
  'content-type' => '',
  'content-length' => '0',
  'x-original-url' => '/website/system/index',
  'upgrade-insecure-requests' => '1',
  'user-agent' => 'Mozilla/5.0 (Windows NT 6.3; WOW64) AppleWebKit/537.36 (KHTML, like Gecko) Chrome/55.0.2883.87 Safari/537.36',
  'referer' => 'http://127.0.0.5/website/system/index',
  'host' => '127.0.0.5',
  'cookie' => 'PHPSESSID=0imknbaa2pn72djco00uidr4l0',
  'accept-language' => 'zh-CN,zh;q=0.8',
  'accept-encoding' => 'gzip, deflate, sdch, br',
  'accept' => 'text/html,application/xhtml+xml,application/xml;q=0.9,image/webp,*/*;q=0.8',
  'connection' => 'keep-alive',
  'cache-control' => 'max-age=0',
)
[ info ] [ PARAM ] array (
)
[ info ] [ RUN ] app\website\controller\System->index[ D:\wwwroot\thinkphp5_765tm6\web\application\website\controller\System.php ]
[ info ] [ DB ] INIT mysql
[ info ] [ VIEW ] D:\wwwroot\thinkphp5_765tm6\web/application/website\view\system\index.html [ array (
  0 => 'list',
) ]
[ info ] [ LOG ] INIT File
[ sql ] [ DB ] CONNECT:[ UseTime:0.002178s ] mysql:host=localhost;port=3306;dbname=mythinkphp5;charset=utf8
[ sql ] [ SQL ] SHOW COLUMNS FROM `Dp_nav` [ RunTime:0.012052s ]
[ sql ] [ SQL ] SELECT * FROM `Dp_nav` WHERE  `display` = 1 [ RunTime:0.000951s ]
---------------------------------------------------------------
[ 2018-08-27T17:26:19+08:00 ] 127.0.0.1 GET /website/system/index
[ info ] 127.0.0.5/website/system/index [运行时间：0.107804s][吞吐率：9.28req/s] [内存消耗：2,147.98kb] [文件加载：55]
[ info ] [ LANG ] D:\wwwroot\thinkphp5_765tm6\web\core\lang\zh-cn.php
[ info ] [ ROUTE ] array (
  'type' => 'module',
  'module' => 
  array (
    0 => 'website',
    1 => 'system',
    2 => 'index',
  ),
)
[ info ] [ HEADER ] array (
  'content-type' => '',
  'content-length' => '0',
  'x-original-url' => '/website/system/index',
  'upgrade-insecure-requests' => '1',
  'user-agent' => 'Mozilla/5.0 (Windows NT 6.3; WOW64) AppleWebKit/537.36 (KHTML, like Gecko) Chrome/55.0.2883.87 Safari/537.36',
  'referer' => 'http://127.0.0.5/website/system/index',
  'host' => '127.0.0.5',
  'cookie' => 'PHPSESSID=0imknbaa2pn72djco00uidr4l0',
  'accept-language' => 'zh-CN,zh;q=0.8',
  'accept-encoding' => 'gzip, deflate, sdch, br',
  'accept' => 'text/html,application/xhtml+xml,application/xml;q=0.9,image/webp,*/*;q=0.8',
  'connection' => 'keep-alive',
  'cache-control' => 'max-age=0',
)
[ info ] [ PARAM ] array (
)
[ info ] [ RUN ] app\website\controller\System->index[ D:\wwwroot\thinkphp5_765tm6\web\application\website\controller\System.php ]
[ info ] [ DB ] INIT mysql
[ info ] [ VIEW ] D:\wwwroot\thinkphp5_765tm6\web/application/website\view\system\index.html [ array (
  0 => 'list',
) ]
[ info ] [ LOG ] INIT File
[ sql ] [ DB ] CONNECT:[ UseTime:0.011669s ] mysql:host=localhost;port=3306;dbname=mythinkphp5;charset=utf8
[ sql ] [ SQL ] SHOW COLUMNS FROM `Dp_nav` [ RunTime:0.010184s ]
[ sql ] [ SQL ] SELECT * FROM `Dp_nav` WHERE  `display` = 1 [ RunTime:0.000769s ]
---------------------------------------------------------------
[ 2018-08-27T17:26:44+08:00 ] 127.0.0.1 GET /website/system/index
[ info ] 127.0.0.5/website/system/index [运行时间：0.097425s][吞吐率：10.26req/s] [内存消耗：2,026.95kb] [文件加载：53]
[ info ] [ LANG ] D:\wwwroot\thinkphp5_765tm6\web\core\lang\zh-cn.php
[ info ] [ ROUTE ] array (
  'type' => 'module',
  'module' => 
  array (
    0 => 'website',
    1 => 'system',
    2 => 'index',
  ),
)
[ info ] [ HEADER ] array (
  'content-type' => '',
  'content-length' => '0',
  'x-original-url' => '/website/system/index',
  'upgrade-insecure-requests' => '1',
  'user-agent' => 'Mozilla/5.0 (Windows NT 6.3; WOW64) AppleWebKit/537.36 (KHTML, like Gecko) Chrome/55.0.2883.87 Safari/537.36',
  'referer' => 'http://127.0.0.5/website/system/index',
  'host' => '127.0.0.5',
  'cookie' => 'PHPSESSID=0imknbaa2pn72djco00uidr4l0',
  'accept-language' => 'zh-CN,zh;q=0.8',
  'accept-encoding' => 'gzip, deflate, sdch, br',
  'accept' => 'text/html,application/xhtml+xml,application/xml;q=0.9,image/webp,*/*;q=0.8',
  'connection' => 'keep-alive',
  'cache-control' => 'max-age=0',
)
[ info ] [ PARAM ] array (
)
[ info ] [ RUN ] app\website\controller\System->index[ D:\wwwroot\thinkphp5_765tm6\web\application\website\controller\System.php ]
[ info ] [ DB ] INIT mysql
[ info ] [ VIEW ] D:\wwwroot\thinkphp5_765tm6\web/application/website\view\system\index.html [ array (
  0 => 'list',
) ]
[ info ] [ LOG ] INIT File
[ sql ] [ DB ] CONNECT:[ UseTime:0.002977s ] mysql:host=localhost;port=3306;dbname=mythinkphp5;charset=utf8
[ sql ] [ SQL ] SHOW COLUMNS FROM `Dp_nav` [ RunTime:0.011542s ]
[ sql ] [ SQL ] SELECT * FROM `Dp_nav` WHERE  `display` = 1 [ RunTime:0.000599s ]
---------------------------------------------------------------
[ 2018-08-27T17:27:23+08:00 ] 127.0.0.1 GET /website/system/index
[ info ] 127.0.0.5/website/system/index [运行时间：0.116995s][吞吐率：8.55req/s] [内存消耗：2,147.98kb] [文件加载：55]
[ info ] [ LANG ] D:\wwwroot\thinkphp5_765tm6\web\core\lang\zh-cn.php
[ info ] [ ROUTE ] array (
  'type' => 'module',
  'module' => 
  array (
    0 => 'website',
    1 => 'system',
    2 => 'index',
  ),
)
[ info ] [ HEADER ] array (
  'content-type' => '',
  'content-length' => '0',
  'x-original-url' => '/website/system/index',
  'upgrade-insecure-requests' => '1',
  'user-agent' => 'Mozilla/5.0 (Windows NT 6.3; WOW64) AppleWebKit/537.36 (KHTML, like Gecko) Chrome/55.0.2883.87 Safari/537.36',
  'referer' => 'http://127.0.0.5/website/system/index',
  'host' => '127.0.0.5',
  'cookie' => 'PHPSESSID=0imknbaa2pn72djco00uidr4l0',
  'accept-language' => 'zh-CN,zh;q=0.8',
  'accept-encoding' => 'gzip, deflate, sdch, br',
  'accept' => 'text/html,application/xhtml+xml,application/xml;q=0.9,image/webp,*/*;q=0.8',
  'connection' => 'keep-alive',
  'cache-control' => 'max-age=0',
)
[ info ] [ PARAM ] array (
)
[ info ] [ RUN ] app\website\controller\System->index[ D:\wwwroot\thinkphp5_765tm6\web\application\website\controller\System.php ]
[ info ] [ DB ] INIT mysql
[ info ] [ VIEW ] D:\wwwroot\thinkphp5_765tm6\web/application/website\view\system\index.html [ array (
  0 => 'list',
) ]
[ info ] [ LOG ] INIT File
[ sql ] [ DB ] CONNECT:[ UseTime:0.002276s ] mysql:host=localhost;port=3306;dbname=mythinkphp5;charset=utf8
[ sql ] [ SQL ] SHOW COLUMNS FROM `Dp_nav` [ RunTime:0.014386s ]
[ sql ] [ SQL ] SELECT * FROM `Dp_nav` WHERE  `display` = 1 [ RunTime:0.000848s ]
---------------------------------------------------------------
[ 2018-08-27T17:28:59+08:00 ] 127.0.0.1 GET /website/system/index
[ info ] 127.0.0.5/website/system/index [运行时间：0.134298s][吞吐率：7.45req/s] [内存消耗：2,147.98kb] [文件加载：55]
[ info ] [ LANG ] D:\wwwroot\thinkphp5_765tm6\web\core\lang\zh-cn.php
[ info ] [ ROUTE ] array (
  'type' => 'module',
  'module' => 
  array (
    0 => 'website',
    1 => 'system',
    2 => 'index',
  ),
)
[ info ] [ HEADER ] array (
  'content-type' => '',
  'content-length' => '0',
  'x-original-url' => '/website/system/index',
  'upgrade-insecure-requests' => '1',
  'user-agent' => 'Mozilla/5.0 (Windows NT 6.3; WOW64) AppleWebKit/537.36 (KHTML, like Gecko) Chrome/55.0.2883.87 Safari/537.36',
  'referer' => 'http://127.0.0.5/website/system/index',
  'host' => '127.0.0.5',
  'cookie' => 'PHPSESSID=0imknbaa2pn72djco00uidr4l0',
  'accept-language' => 'zh-CN,zh;q=0.8',
  'accept-encoding' => 'gzip, deflate, sdch, br',
  'accept' => 'text/html,application/xhtml+xml,application/xml;q=0.9,image/webp,*/*;q=0.8',
  'connection' => 'keep-alive',
  'cache-control' => 'max-age=0',
)
[ info ] [ PARAM ] array (
)
[ info ] [ RUN ] app\website\controller\System->index[ D:\wwwroot\thinkphp5_765tm6\web\application\website\controller\System.php ]
[ info ] [ DB ] INIT mysql
[ info ] [ VIEW ] D:\wwwroot\thinkphp5_765tm6\web/application/website\view\system\index.html [ array (
  0 => 'list',
) ]
[ info ] [ LOG ] INIT File
[ sql ] [ DB ] CONNECT:[ UseTime:0.001884s ] mysql:host=localhost;port=3306;dbname=mythinkphp5;charset=utf8
[ sql ] [ SQL ] SHOW COLUMNS FROM `Dp_nav` [ RunTime:0.014187s ]
[ sql ] [ SQL ] SELECT * FROM `Dp_nav` WHERE  `display` = 1 [ RunTime:0.000736s ]
---------------------------------------------------------------
[ 2018-08-27T17:44:56+08:00 ] 127.0.0.1 GET /website/system/index
[ info ] 127.0.0.5/website/system/index [运行时间：0.118751s][吞吐率：8.42req/s] [内存消耗：2,148.01kb] [文件加载：55]
[ info ] [ LANG ] D:\wwwroot\thinkphp5_765tm6\web\core\lang\zh-cn.php
[ info ] [ ROUTE ] array (
  'type' => 'module',
  'module' => 
  array (
    0 => 'website',
    1 => 'system',
    2 => 'index',
  ),
)
[ info ] [ HEADER ] array (
  'content-type' => '',
  'content-length' => '0',
  'x-original-url' => '/website/system/index',
  'upgrade-insecure-requests' => '1',
  'user-agent' => 'Mozilla/5.0 (Windows NT 6.3; WOW64) AppleWebKit/537.36 (KHTML, like Gecko) Chrome/55.0.2883.87 Safari/537.36',
  'referer' => 'http://127.0.0.5/website/system/index',
  'host' => '127.0.0.5',
  'cookie' => 'PHPSESSID=0imknbaa2pn72djco00uidr4l0',
  'accept-language' => 'zh-CN,zh;q=0.8',
  'accept-encoding' => 'gzip, deflate, sdch, br',
  'accept' => 'text/html,application/xhtml+xml,application/xml;q=0.9,image/webp,*/*;q=0.8',
  'connection' => 'keep-alive',
  'cache-control' => 'max-age=0',
)
[ info ] [ PARAM ] array (
)
[ info ] [ RUN ] app\website\controller\System->index[ D:\wwwroot\thinkphp5_765tm6\web\application\website\controller\System.php ]
[ info ] [ DB ] INIT mysql
[ info ] [ VIEW ] D:\wwwroot\thinkphp5_765tm6\web/application/website\view\system\index.html [ array (
  0 => 'list',
) ]
[ info ] [ LOG ] INIT File
[ sql ] [ DB ] CONNECT:[ UseTime:0.006352s ] mysql:host=localhost;port=3306;dbname=mythinkphp5;charset=utf8
[ sql ] [ SQL ] SHOW COLUMNS FROM `Dp_nav` [ RunTime:0.012750s ]
[ sql ] [ SQL ] SELECT * FROM `Dp_nav` WHERE  `display` = 1 [ RunTime:0.000498s ]
---------------------------------------------------------------
[ 2018-08-27T17:45:34+08:00 ] 127.0.0.1 GET /website/system/index
[ info ] 127.0.0.5/website/system/index [运行时间：0.129558s][吞吐率：7.72req/s] [内存消耗：2,147.98kb] [文件加载：55]
[ info ] [ LANG ] D:\wwwroot\thinkphp5_765tm6\web\core\lang\zh-cn.php
[ info ] [ ROUTE ] array (
  'type' => 'module',
  'module' => 
  array (
    0 => 'website',
    1 => 'system',
    2 => 'index',
  ),
)
[ info ] [ HEADER ] array (
  'content-type' => '',
  'content-length' => '0',
  'x-original-url' => '/website/system/index',
  'upgrade-insecure-requests' => '1',
  'user-agent' => 'Mozilla/5.0 (Windows NT 6.3; WOW64) AppleWebKit/537.36 (KHTML, like Gecko) Chrome/55.0.2883.87 Safari/537.36',
  'referer' => 'http://127.0.0.5/website/system/index',
  'host' => '127.0.0.5',
  'cookie' => 'PHPSESSID=0imknbaa2pn72djco00uidr4l0',
  'accept-language' => 'zh-CN,zh;q=0.8',
  'accept-encoding' => 'gzip, deflate, sdch, br',
  'accept' => 'text/html,application/xhtml+xml,application/xml;q=0.9,image/webp,*/*;q=0.8',
  'connection' => 'keep-alive',
  'cache-control' => 'max-age=0',
)
[ info ] [ PARAM ] array (
)
[ info ] [ RUN ] app\website\controller\System->index[ D:\wwwroot\thinkphp5_765tm6\web\application\website\controller\System.php ]
[ info ] [ DB ] INIT mysql
[ info ] [ VIEW ] D:\wwwroot\thinkphp5_765tm6\web/application/website\view\system\index.html [ array (
  0 => 'list',
) ]
[ info ] [ LOG ] INIT File
[ sql ] [ DB ] CONNECT:[ UseTime:0.001890s ] mysql:host=localhost;port=3306;dbname=mythinkphp5;charset=utf8
[ sql ] [ SQL ] SHOW COLUMNS FROM `Dp_nav` [ RunTime:0.014588s ]
[ sql ] [ SQL ] SELECT * FROM `Dp_nav` WHERE  `display` = 1 [ RunTime:0.000853s ]
---------------------------------------------------------------
[ 2018-08-27T17:54:38+08:00 ] 127.0.0.1 GET /website/system/index
[ info ] 127.0.0.5/website/system/index [运行时间：0.145954s][吞吐率：6.85req/s] [内存消耗：2,147.96kb] [文件加载：55]
[ info ] [ LANG ] D:\wwwroot\thinkphp5_765tm6\web\core\lang\zh-cn.php
[ info ] [ ROUTE ] array (
  'type' => 'module',
  'module' => 
  array (
    0 => 'website',
    1 => 'system',
    2 => 'index',
  ),
)
[ info ] [ HEADER ] array (
  'content-type' => '',
  'content-length' => '0',
  'x-original-url' => '/website/system/index',
  'upgrade-insecure-requests' => '1',
  'user-agent' => 'Mozilla/5.0 (Windows NT 6.3; WOW64) AppleWebKit/537.36 (KHTML, like Gecko) Chrome/55.0.2883.87 Safari/537.36',
  'referer' => 'http://127.0.0.5/website/system/index',
  'host' => '127.0.0.5',
  'cookie' => 'PHPSESSID=0imknbaa2pn72djco00uidr4l0',
  'accept-language' => 'zh-CN,zh;q=0.8',
  'accept-encoding' => 'gzip, deflate, sdch, br',
  'accept' => 'text/html,application/xhtml+xml,application/xml;q=0.9,image/webp,*/*;q=0.8',
  'connection' => 'keep-alive',
  'cache-control' => 'max-age=0',
)
[ info ] [ PARAM ] array (
)
[ info ] [ RUN ] app\website\controller\System->index[ D:\wwwroot\thinkphp5_765tm6\web\application\website\controller\System.php ]
[ info ] [ DB ] INIT mysql
[ info ] [ VIEW ] D:\wwwroot\thinkphp5_765tm6\web/application/website\view\system\index.html [ array (
  0 => 'list',
) ]
[ info ] [ LOG ] INIT File
[ sql ] [ DB ] CONNECT:[ UseTime:0.012321s ] mysql:host=localhost;port=3306;dbname=mythinkphp5;charset=utf8
[ sql ] [ SQL ] SHOW COLUMNS FROM `Dp_nav` [ RunTime:0.012085s ]
[ sql ] [ SQL ] SELECT * FROM `Dp_nav` WHERE  `display` = 1 [ RunTime:0.000794s ]
