---------------------------------------------------------------
[ 2018-11-17T17:17:38+08:00 ] 127.0.0.1 GET /
[ info ] 127.0.0.5/ [运行时间：0.442647s][吞吐率：2.26req/s] [内存消耗：1,732.80kb] [文件加载：44]
[ info ] [ DB ] INIT mysql
[ info ] [ LANG ] D:\wwwroot\thinkphp5_765tm6\web\core\lang\zh-cn.php
[ info ] [ ROUTE ] array (
  'type' => 'module',
  'module' => 
  array (
    0 => '',
    1 => NULL,
    2 => NULL,
  ),
)
[ info ] [ HEADER ] array (
  'content-type' => '',
  'content-length' => '0',
  'upgrade-insecure-requests' => '1',
  'user-agent' => 'Mozilla/5.0 (Windows NT 6.3; WOW64) AppleWebKit/537.36 (KHTML, like Gecko) Chrome/55.0.2883.87 Safari/537.36',
  'host' => '127.0.0.5',
  'cookie' => 'Hm_lvt_04fab3def376a222f35762aa47e96232=1539929747',
  'accept-language' => 'zh-CN,zh;q=0.8',
  'accept-encoding' => 'gzip, deflate, sdch, br',
  'accept' => 'text/html,application/xhtml+xml,application/xml;q=0.9,image/webp,*/*;q=0.8',
  'connection' => 'keep-alive',
)
[ info ] [ PARAM ] array (
)
[ info ] [ RUN ] app\index\controller\Index->index[ D:\wwwroot\thinkphp5_765tm6\web\application\index\controller\Index.php ]
[ info ] [ LOG ] INIT File
[ sql ] [ DB ] CONNECT:[ UseTime:0.017937s ] mysql:host=localhost;port=3306;dbname=mythinkphp5;charset=utf8
[ sql ] [ SQL ] SHOW COLUMNS FROM `dp_sets` [ RunTime:0.058486s ]
[ sql ] [ SQL ] SELECT `content` FROM `dp_sets` WHERE  `name` = 'mail' LIMIT 1 [ RunTime:0.014628s ]
[ sql ] [ SQL ] SELECT `content` FROM `dp_sets` WHERE  `name` = 'wechat' LIMIT 1 [ RunTime:0.000637s ]
---------------------------------------------------------------
[ 2018-11-17T17:17:42+08:00 ] 127.0.0.1 GET /website/index
[ info ] 127.0.0.5/website/index [运行时间：0.151128s][吞吐率：6.62req/s] [内存消耗：2,015.30kb] [文件加载：53]
[ info ] [ DB ] INIT mysql
[ info ] [ LANG ] D:\wwwroot\thinkphp5_765tm6\web\core\lang\zh-cn.php
[ info ] [ ROUTE ] array (
  'type' => 'module',
  'module' => 
  array (
    0 => 'website',
    1 => 'index',
    2 => NULL,
  ),
)
[ info ] [ HEADER ] array (
  'content-type' => '',
  'content-length' => '0',
  'x-original-url' => '/website/index',
  'upgrade-insecure-requests' => '1',
  'user-agent' => 'Mozilla/5.0 (Windows NT 6.3; WOW64) AppleWebKit/537.36 (KHTML, like Gecko) Chrome/55.0.2883.87 Safari/537.36',
  'host' => '127.0.0.5',
  'cookie' => 'Hm_lvt_04fab3def376a222f35762aa47e96232=1539929747',
  'accept-language' => 'zh-CN,zh;q=0.8',
  'accept-encoding' => 'gzip, deflate, sdch, br',
  'accept' => 'text/html,application/xhtml+xml,application/xml;q=0.9,image/webp,*/*;q=0.8',
  'connection' => 'keep-alive',
)
[ info ] [ PARAM ] array (
)
[ info ] [ RUN ] app\website\controller\Index->index[ D:\wwwroot\thinkphp5_765tm6\web\application\website\controller\Index.php ]
[ info ] [ VIEW ] D:\wwwroot\thinkphp5_765tm6\web/application/website\view\index\index.html [ array (
) ]
[ info ] [ SESSION ] INIT array (
  'id' => '',
  'var_session_id' => '',
  'prefix' => 'Dp',
  'type' => '',
  'auto_start' => true,
)
[ info ] [ LOG ] INIT File
[ sql ] [ DB ] CONNECT:[ UseTime:0.001932s ] mysql:host=localhost;port=3306;dbname=mythinkphp5;charset=utf8
[ sql ] [ SQL ] SHOW COLUMNS FROM `dp_sets` [ RunTime:0.011447s ]
[ sql ] [ SQL ] SELECT `content` FROM `dp_sets` WHERE  `name` = 'mail' LIMIT 1 [ RunTime:0.000662s ]
[ sql ] [ SQL ] SELECT `content` FROM `dp_sets` WHERE  `name` = 'wechat' LIMIT 1 [ RunTime:0.000562s ]
---------------------------------------------------------------
[ 2018-11-17T17:17:42+08:00 ] 127.0.0.1 GET /website/index/main.html
[ info ] 127.0.0.5/website/index/main.html [运行时间：0.180555s][吞吐率：5.54req/s] [内存消耗：1,966.43kb] [文件加载：52]
[ info ] [ DB ] INIT mysql
[ info ] [ LANG ] D:\wwwroot\thinkphp5_765tm6\web\core\lang\zh-cn.php
[ info ] [ ROUTE ] array (
  'type' => 'module',
  'module' => 
  array (
    0 => 'website',
    1 => 'index',
    2 => 'main',
  ),
)
[ info ] [ HEADER ] array (
  'content-type' => '',
  'content-length' => '0',
  'x-original-url' => '/website/index/main.html',
  'upgrade-insecure-requests' => '1',
  'user-agent' => 'Mozilla/5.0 (Windows NT 6.3; WOW64) AppleWebKit/537.36 (KHTML, like Gecko) Chrome/55.0.2883.87 Safari/537.36',
  'referer' => 'http://127.0.0.5/website/index',
  'host' => '127.0.0.5',
  'cookie' => 'Hm_lvt_04fab3def376a222f35762aa47e96232=1539929747; PHPSESSID=6vvj1n712bcp1hvlqo9se3j0c6',
  'accept-language' => 'zh-CN,zh;q=0.8',
  'accept-encoding' => 'gzip, deflate, sdch, br',
  'accept' => 'text/html,application/xhtml+xml,application/xml;q=0.9,image/webp,*/*;q=0.8',
  'connection' => 'keep-alive',
)
[ info ] [ PARAM ] array (
)
[ info ] [ RUN ] app\website\controller\Index->main[ D:\wwwroot\thinkphp5_765tm6\web\application\website\controller\Index.php ]
[ info ] [ VIEW ] D:\wwwroot\thinkphp5_765tm6\web/application/website\view\index\main.html [ array (
) ]
[ info ] [ LOG ] INIT File
[ sql ] [ DB ] CONNECT:[ UseTime:0.015715s ] mysql:host=localhost;port=3306;dbname=mythinkphp5;charset=utf8
[ sql ] [ SQL ] SHOW COLUMNS FROM `dp_sets` [ RunTime:0.009477s ]
[ sql ] [ SQL ] SELECT `content` FROM `dp_sets` WHERE  `name` = 'mail' LIMIT 1 [ RunTime:0.000796s ]
[ sql ] [ SQL ] SELECT `content` FROM `dp_sets` WHERE  `name` = 'wechat' LIMIT 1 [ RunTime:0.000712s ]
---------------------------------------------------------------
[ 2018-11-17T17:17:43+08:00 ] 127.0.0.1 GET /website/index/getmenu/id/1
[ info ] 127.0.0.5/website/index/getmenu/id/1 [运行时间：0.170544s][吞吐率：5.86req/s] [内存消耗：2,008.09kb] [文件加载：53]
[ info ] [ DB ] INIT mysql
[ info ] [ LANG ] D:\wwwroot\thinkphp5_765tm6\web\core\lang\zh-cn.php
[ info ] [ ROUTE ] array (
  'type' => 'module',
  'module' => 
  array (
    0 => 'website',
    1 => 'index',
    2 => 'getmenu',
  ),
)
[ info ] [ HEADER ] array (
  'content-type' => '',
  'content-length' => '0',
  'x-original-url' => '/website/index/getmenu/id/1',
  'x-requested-with' => 'XMLHttpRequest',
  'user-agent' => 'Mozilla/5.0 (Windows NT 6.3; WOW64) AppleWebKit/537.36 (KHTML, like Gecko) Chrome/55.0.2883.87 Safari/537.36',
  'referer' => 'http://127.0.0.5/website/index',
  'host' => '127.0.0.5',
  'cookie' => 'Hm_lvt_04fab3def376a222f35762aa47e96232=1539929747; PHPSESSID=6vvj1n712bcp1hvlqo9se3j0c6',
  'accept-language' => 'zh-CN,zh;q=0.8',
  'accept-encoding' => 'gzip, deflate, sdch, br',
  'accept' => 'application/json, text/javascript, */*; q=0.01',
  'connection' => 'keep-alive',
)
[ info ] [ PARAM ] array (
  'id' => '1',
)
[ info ] [ RUN ] app\website\controller\Index->getmenu[ D:\wwwroot\thinkphp5_765tm6\web\application\website\controller\Index.php ]
[ info ] [ LOG ] INIT File
[ sql ] [ DB ] CONNECT:[ UseTime:0.001563s ] mysql:host=localhost;port=3306;dbname=mythinkphp5;charset=utf8
[ sql ] [ SQL ] SHOW COLUMNS FROM `dp_sets` [ RunTime:0.008661s ]
[ sql ] [ SQL ] SELECT `content` FROM `dp_sets` WHERE  `name` = 'mail' LIMIT 1 [ RunTime:0.000609s ]
[ sql ] [ SQL ] SELECT `content` FROM `dp_sets` WHERE  `name` = 'wechat' LIMIT 1 [ RunTime:0.000529s ]
[ sql ] [ SQL ] SHOW COLUMNS FROM `dp_nav` [ RunTime:0.047592s ]
[ sql ] [ SQL ] SELECT `id`,`pid`,`name` AS `title`,`ico` AS `icon`,`url` AS `href`,`orders` FROM `dp_nav` WHERE  `display` = 1 ORDER BY `orders` ASC,`id` ASC [ RunTime:0.011561s ]
---------------------------------------------------------------
[ 2018-11-17T17:17:47+08:00 ] 127.0.0.1 GET /website/auth/rule
[ info ] 127.0.0.5/website/auth/rule [运行时间：0.163890s][吞吐率：6.10req/s] [内存消耗：2,047.00kb] [文件加载：53]
[ info ] [ DB ] INIT mysql
[ info ] [ LANG ] D:\wwwroot\thinkphp5_765tm6\web\core\lang\zh-cn.php
[ info ] [ ROUTE ] array (
  'type' => 'module',
  'module' => 
  array (
    0 => 'website',
    1 => 'auth',
    2 => 'rule',
  ),
)
[ info ] [ HEADER ] array (
  'content-type' => '',
  'content-length' => '0',
  'x-original-url' => '/website/auth/rule',
  'upgrade-insecure-requests' => '1',
  'user-agent' => 'Mozilla/5.0 (Windows NT 6.3; WOW64) AppleWebKit/537.36 (KHTML, like Gecko) Chrome/55.0.2883.87 Safari/537.36',
  'referer' => 'http://127.0.0.5/website/index',
  'host' => '127.0.0.5',
  'cookie' => 'Hm_lvt_04fab3def376a222f35762aa47e96232=1539929747; PHPSESSID=6vvj1n712bcp1hvlqo9se3j0c6',
  'accept-language' => 'zh-CN,zh;q=0.8',
  'accept-encoding' => 'gzip, deflate, sdch, br',
  'accept' => 'text/html,application/xhtml+xml,application/xml;q=0.9,image/webp,*/*;q=0.8',
  'connection' => 'keep-alive',
)
[ info ] [ PARAM ] array (
)
[ info ] [ RUN ] app\website\controller\Auth->rule[ D:\wwwroot\thinkphp5_765tm6\web\application\website\controller\Auth.php ]
[ info ] [ VIEW ] D:\wwwroot\thinkphp5_765tm6\web/application/website\view\auth\rule.html [ array (
  0 => 'list',
) ]
[ info ] [ LOG ] INIT File
[ sql ] [ DB ] CONNECT:[ UseTime:0.001867s ] mysql:host=localhost;port=3306;dbname=mythinkphp5;charset=utf8
[ sql ] [ SQL ] SHOW COLUMNS FROM `dp_sets` [ RunTime:0.013276s ]
[ sql ] [ SQL ] SELECT `content` FROM `dp_sets` WHERE  `name` = 'mail' LIMIT 1 [ RunTime:0.001030s ]
[ sql ] [ SQL ] SELECT `content` FROM `dp_sets` WHERE  `name` = 'wechat' LIMIT 1 [ RunTime:0.000856s ]
[ sql ] [ SQL ] SHOW COLUMNS FROM `dp_auth_group` [ RunTime:0.013011s ]
[ sql ] [ SQL ] SELECT `id`,`title`,`status` FROM `dp_auth_group` ORDER BY `id` ASC [ RunTime:0.000790s ]
---------------------------------------------------------------
[ 2018-11-17T17:17:49+08:00 ] 127.0.0.1 GET /website/auth/gedit/id/1
[ info ] 127.0.0.5/website/auth/gedit/id/1 [运行时间：0.157943s][吞吐率：6.33req/s] [内存消耗：2,094.12kb] [文件加载：54]
[ info ] [ DB ] INIT mysql
[ info ] [ LANG ] D:\wwwroot\thinkphp5_765tm6\web\core\lang\zh-cn.php
[ info ] [ ROUTE ] array (
  'type' => 'module',
  'module' => 
  array (
    0 => 'website',
    1 => 'auth',
    2 => 'gedit',
  ),
)
[ info ] [ HEADER ] array (
  'content-type' => '',
  'content-length' => '0',
  'x-original-url' => '/website/auth/gedit/id/1',
  'upgrade-insecure-requests' => '1',
  'user-agent' => 'Mozilla/5.0 (Windows NT 6.3; WOW64) AppleWebKit/537.36 (KHTML, like Gecko) Chrome/55.0.2883.87 Safari/537.36',
  'referer' => 'http://127.0.0.5/website/auth/rule',
  'host' => '127.0.0.5',
  'cookie' => 'Hm_lvt_04fab3def376a222f35762aa47e96232=1539929747; PHPSESSID=6vvj1n712bcp1hvlqo9se3j0c6',
  'accept-language' => 'zh-CN,zh;q=0.8',
  'accept-encoding' => 'gzip, deflate, sdch, br',
  'accept' => 'text/html,application/xhtml+xml,application/xml;q=0.9,image/webp,*/*;q=0.8',
  'connection' => 'keep-alive',
)
[ info ] [ PARAM ] array (
  'id' => '1',
)
[ info ] [ RUN ] app\website\controller\Auth->gedit[ D:\wwwroot\thinkphp5_765tm6\web\application\website\controller\Auth.php ]
[ info ] [ VIEW ] D:\wwwroot\thinkphp5_765tm6\web/application/website\view\auth\gadd.html [ array (
  0 => 'cate',
  1 => 'nav',
  2 => 'v',
) ]
[ info ] [ LOG ] INIT File
[ sql ] [ DB ] CONNECT:[ UseTime:0.002516s ] mysql:host=localhost;port=3306;dbname=mythinkphp5;charset=utf8
[ sql ] [ SQL ] SHOW COLUMNS FROM `dp_sets` [ RunTime:0.009394s ]
[ sql ] [ SQL ] SELECT `content` FROM `dp_sets` WHERE  `name` = 'mail' LIMIT 1 [ RunTime:0.000544s ]
[ sql ] [ SQL ] SELECT `content` FROM `dp_sets` WHERE  `name` = 'wechat' LIMIT 1 [ RunTime:0.000459s ]
[ sql ] [ SQL ] SHOW COLUMNS FROM `dp_cate` [ RunTime:0.031016s ]
[ sql ] [ SQL ] SELECT `id`,`pid`,`name` FROM `dp_cate` [ RunTime:0.000744s ]
[ sql ] [ SQL ] SHOW COLUMNS FROM `dp_auth_rule` [ RunTime:0.009496s ]
[ sql ] [ SQL ] SELECT `id`,`pid`,`title` FROM `dp_auth_rule` WHERE  `status` = 1 [ RunTime:0.000666s ]
[ sql ] [ SQL ] SHOW COLUMNS FROM `dp_auth_group` [ RunTime:0.022042s ]
[ sql ] [ SQL ] SELECT * FROM `dp_auth_group` WHERE  `id` = 1 LIMIT 1 [ RunTime:0.000705s ]
---------------------------------------------------------------
[ 2018-11-17T17:18:16+08:00 ] 127.0.0.1 GET /website/auth/user
[ info ] 127.0.0.5/website/auth/user [运行时间：0.139263s][吞吐率：7.18req/s] [内存消耗：2,041.58kb] [文件加载：53]
[ info ] [ DB ] INIT mysql
[ info ] [ LANG ] D:\wwwroot\thinkphp5_765tm6\web\core\lang\zh-cn.php
[ info ] [ ROUTE ] array (
  'type' => 'module',
  'module' => 
  array (
    0 => 'website',
    1 => 'auth',
    2 => 'user',
  ),
)
[ info ] [ HEADER ] array (
  'content-type' => '',
  'content-length' => '0',
  'x-original-url' => '/website/auth/user',
  'upgrade-insecure-requests' => '1',
  'user-agent' => 'Mozilla/5.0 (Windows NT 6.3; WOW64) AppleWebKit/537.36 (KHTML, like Gecko) Chrome/55.0.2883.87 Safari/537.36',
  'referer' => 'http://127.0.0.5/website/index',
  'host' => '127.0.0.5',
  'cookie' => 'Hm_lvt_04fab3def376a222f35762aa47e96232=1539929747; PHPSESSID=6vvj1n712bcp1hvlqo9se3j0c6',
  'accept-language' => 'zh-CN,zh;q=0.8',
  'accept-encoding' => 'gzip, deflate, sdch, br',
  'accept' => 'text/html,application/xhtml+xml,application/xml;q=0.9,image/webp,*/*;q=0.8',
  'connection' => 'keep-alive',
)
[ info ] [ PARAM ] array (
)
[ info ] [ RUN ] app\website\controller\Auth->user[ D:\wwwroot\thinkphp5_765tm6\web\application\website\controller\Auth.php ]
[ info ] [ VIEW ] D:\wwwroot\thinkphp5_765tm6\web/application/website\view\auth\user.html [ array (
) ]
[ info ] [ LOG ] INIT File
[ sql ] [ DB ] CONNECT:[ UseTime:0.005802s ] mysql:host=localhost;port=3306;dbname=mythinkphp5;charset=utf8
[ sql ] [ SQL ] SHOW COLUMNS FROM `dp_sets` [ RunTime:0.012326s ]
[ sql ] [ SQL ] SELECT `content` FROM `dp_sets` WHERE  `name` = 'mail' LIMIT 1 [ RunTime:0.000913s ]
[ sql ] [ SQL ] SELECT `content` FROM `dp_sets` WHERE  `name` = 'wechat' LIMIT 1 [ RunTime:0.001020s ]
---------------------------------------------------------------
[ 2018-11-17T17:18:17+08:00 ] 127.0.0.1 GET /website/auth/user/f/1?page=1&limit=20
[ info ] 127.0.0.5/website/auth/user/f/1?page=1&limit=20 [运行时间：0.112408s][吞吐率：8.90req/s] [内存消耗：2,010.54kb] [文件加载：53]
[ info ] [ DB ] INIT mysql
[ info ] [ LANG ] D:\wwwroot\thinkphp5_765tm6\web\core\lang\zh-cn.php
[ info ] [ ROUTE ] array (
  'type' => 'module',
  'module' => 
  array (
    0 => 'website',
    1 => 'auth',
    2 => 'user',
  ),
)
[ info ] [ HEADER ] array (
  'content-type' => '',
  'content-length' => '0',
  'x-original-url' => '/website/auth/user/f/1?page=1&limit=20',
  'x-requested-with' => 'XMLHttpRequest',
  'user-agent' => 'Mozilla/5.0 (Windows NT 6.3; WOW64) AppleWebKit/537.36 (KHTML, like Gecko) Chrome/55.0.2883.87 Safari/537.36',
  'referer' => 'http://127.0.0.5/website/auth/user',
  'host' => '127.0.0.5',
  'cookie' => 'Hm_lvt_04fab3def376a222f35762aa47e96232=1539929747; PHPSESSID=6vvj1n712bcp1hvlqo9se3j0c6',
  'accept-language' => 'zh-CN,zh;q=0.8',
  'accept-encoding' => 'gzip, deflate, sdch, br',
  'accept' => 'application/json, text/javascript, */*; q=0.01',
  'connection' => 'keep-alive',
)
[ info ] [ PARAM ] array (
  'page' => '1',
  'limit' => '20',
  'f' => '1',
)
[ info ] [ RUN ] app\website\controller\Auth->user[ D:\wwwroot\thinkphp5_765tm6\web\application\website\controller\Auth.php ]
[ info ] [ LOG ] INIT File
[ sql ] [ DB ] CONNECT:[ UseTime:0.001459s ] mysql:host=localhost;port=3306;dbname=mythinkphp5;charset=utf8
[ sql ] [ SQL ] SHOW COLUMNS FROM `dp_sets` [ RunTime:0.010033s ]
[ sql ] [ SQL ] SELECT `content` FROM `dp_sets` WHERE  `name` = 'mail' LIMIT 1 [ RunTime:0.000435s ]
[ sql ] [ SQL ] SELECT `content` FROM `dp_sets` WHERE  `name` = 'wechat' LIMIT 1 [ RunTime:0.000325s ]
[ sql ] [ SQL ] SHOW COLUMNS FROM `dp_admin` [ RunTime:0.016289s ]
[ sql ] [ SQL ] SELECT COUNT(*) AS tp_count FROM `dp_admin` WHERE  `csr` = 0 LIMIT 1 [ RunTime:0.000604s ]
[ sql ] [ SQL ] SELECT a.id,gid,username,name,pic,state,FROM_UNIXTIME(regtime,"%Y-%m-%d") as regtimes,g.id,g.title FROM `dp_admin` `a` INNER JOIN `dp_auth_group` `g` ON `a`.`gid`=`g`.`id` WHERE  `csr` = 0 ORDER BY `a`.`id` ASC LIMIT 0,20 [ RunTime:0.000876s ]
---------------------------------------------------------------
[ 2018-11-17T17:18:18+08:00 ] 127.0.0.1 GET /website/auth/access
[ info ] 127.0.0.5/website/auth/access [运行时间：0.259127s][吞吐率：3.86req/s] [内存消耗：2,200.49kb] [文件加载：56]
[ info ] [ DB ] INIT mysql
[ info ] [ LANG ] D:\wwwroot\thinkphp5_765tm6\web\core\lang\zh-cn.php
[ info ] [ ROUTE ] array (
  'type' => 'module',
  'module' => 
  array (
    0 => 'website',
    1 => 'auth',
    2 => 'access',
  ),
)
[ info ] [ HEADER ] array (
  'content-type' => '',
  'content-length' => '0',
  'x-original-url' => '/website/auth/access',
  'upgrade-insecure-requests' => '1',
  'user-agent' => 'Mozilla/5.0 (Windows NT 6.3; WOW64) AppleWebKit/537.36 (KHTML, like Gecko) Chrome/55.0.2883.87 Safari/537.36',
  'referer' => 'http://127.0.0.5/website/index',
  'host' => '127.0.0.5',
  'cookie' => 'Hm_lvt_04fab3def376a222f35762aa47e96232=1539929747; PHPSESSID=6vvj1n712bcp1hvlqo9se3j0c6',
  'accept-language' => 'zh-CN,zh;q=0.8',
  'accept-encoding' => 'gzip, deflate, sdch, br',
  'accept' => 'text/html,application/xhtml+xml,application/xml;q=0.9,image/webp,*/*;q=0.8',
  'connection' => 'keep-alive',
)
[ info ] [ PARAM ] array (
)
[ info ] [ RUN ] app\website\controller\Auth->access[ D:\wwwroot\thinkphp5_765tm6\web\application\website\controller\Auth.php ]
[ info ] [ VIEW ] D:\wwwroot\thinkphp5_765tm6\web/application/website\view\auth\access.html [ array (
  0 => 'pid',
  1 => 'list',
) ]
[ info ] [ LOG ] INIT File
[ sql ] [ DB ] CONNECT:[ UseTime:0.001915s ] mysql:host=localhost;port=3306;dbname=mythinkphp5;charset=utf8
[ sql ] [ SQL ] SHOW COLUMNS FROM `dp_sets` [ RunTime:0.012709s ]
[ sql ] [ SQL ] SELECT `content` FROM `dp_sets` WHERE  `name` = 'mail' LIMIT 1 [ RunTime:0.000538s ]
[ sql ] [ SQL ] SELECT `content` FROM `dp_sets` WHERE  `name` = 'wechat' LIMIT 1 [ RunTime:0.000384s ]
[ sql ] [ SQL ] SHOW COLUMNS FROM `dp_auth_rule` [ RunTime:0.009800s ]
[ sql ] [ SQL ] SELECT `id`,`pid`,`name`,`title`,`status` FROM `dp_auth_rule` ORDER BY `id` ASC [ RunTime:0.001320s ]
[ sql ] [ SQL ] SELECT `pid` FROM `dp_auth_rule` WHERE  `pid` > 0 GROUP BY `pid` [ RunTime:0.001259s ]
---------------------------------------------------------------
[ 2018-11-17T17:19:04+08:00 ] 127.0.0.1 GET /website/auth/addu.html
[ info ] 127.0.0.5/website/auth/addu.html [运行时间：0.119527s][吞吐率：8.37req/s] [内存消耗：2,046.84kb] [文件加载：53]
[ info ] [ DB ] INIT mysql
[ info ] [ LANG ] D:\wwwroot\thinkphp5_765tm6\web\core\lang\zh-cn.php
[ info ] [ ROUTE ] array (
  'type' => 'module',
  'module' => 
  array (
    0 => 'website',
    1 => 'auth',
    2 => 'addu',
  ),
)
[ info ] [ HEADER ] array (
  'content-type' => '',
  'content-length' => '0',
  'x-original-url' => '/website/auth/addu.html',
  'upgrade-insecure-requests' => '1',
  'user-agent' => 'Mozilla/5.0 (Windows NT 6.3; WOW64) AppleWebKit/537.36 (KHTML, like Gecko) Chrome/55.0.2883.87 Safari/537.36',
  'referer' => 'http://127.0.0.5/website/index',
  'host' => '127.0.0.5',
  'cookie' => 'Hm_lvt_04fab3def376a222f35762aa47e96232=1539929747; PHPSESSID=6vvj1n712bcp1hvlqo9se3j0c6',
  'accept-language' => 'zh-CN,zh;q=0.8',
  'accept-encoding' => 'gzip, deflate, sdch, br',
  'accept' => 'text/html,application/xhtml+xml,application/xml;q=0.9,image/webp,*/*;q=0.8',
  'connection' => 'keep-alive',
)
[ info ] [ PARAM ] array (
)
[ info ] [ RUN ] app\website\controller\Auth->addu[ D:\wwwroot\thinkphp5_765tm6\web\application\website\controller\Auth.php ]
[ info ] [ VIEW ] D:\wwwroot\thinkphp5_765tm6\web/application/website\view\auth\addu.html [ array (
  0 => 'type',
) ]
[ info ] [ LOG ] INIT File
[ sql ] [ DB ] CONNECT:[ UseTime:0.001522s ] mysql:host=localhost;port=3306;dbname=mythinkphp5;charset=utf8
[ sql ] [ SQL ] SHOW COLUMNS FROM `dp_sets` [ RunTime:0.007787s ]
[ sql ] [ SQL ] SELECT `content` FROM `dp_sets` WHERE  `name` = 'mail' LIMIT 1 [ RunTime:0.000514s ]
[ sql ] [ SQL ] SELECT `content` FROM `dp_sets` WHERE  `name` = 'wechat' LIMIT 1 [ RunTime:0.000409s ]
[ sql ] [ SQL ] SHOW COLUMNS FROM `dp_auth_group` [ RunTime:0.009379s ]
[ sql ] [ SQL ] SELECT `id`,`title` FROM `dp_auth_group` WHERE  `status` = 1 [ RunTime:0.000706s ]
---------------------------------------------------------------
[ 2018-11-17T17:19:13+08:00 ] 127.0.0.1 POST /website/auth/gdis
[ info ] 127.0.0.5/website/auth/gdis [运行时间：0.133038s][吞吐率：7.52req/s] [内存消耗：2,071.10kb] [文件加载：55]
[ info ] [ DB ] INIT mysql
[ info ] [ LANG ] D:\wwwroot\thinkphp5_765tm6\web\core\lang\zh-cn.php
[ info ] [ ROUTE ] array (
  'type' => 'module',
  'module' => 
  array (
    0 => 'website',
    1 => 'auth',
    2 => 'gdis',
  ),
)
[ info ] [ HEADER ] array (
  'content-type' => 'application/x-www-form-urlencoded; charset=UTF-8',
  'content-length' => '10',
  'x-original-url' => '/website/auth/gdis',
  'x-requested-with' => 'XMLHttpRequest',
  'origin' => 'http://127.0.0.5',
  'user-agent' => 'Mozilla/5.0 (Windows NT 6.3; WOW64) AppleWebKit/537.36 (KHTML, like Gecko) Chrome/55.0.2883.87 Safari/537.36',
  'referer' => 'http://127.0.0.5/website/auth/rule',
  'host' => '127.0.0.5',
  'cookie' => 'Hm_lvt_04fab3def376a222f35762aa47e96232=1539929747; PHPSESSID=6vvj1n712bcp1hvlqo9se3j0c6',
  'accept-language' => 'zh-CN,zh;q=0.8',
  'accept-encoding' => 'gzip, deflate, br',
  'accept' => '*/*',
  'connection' => 'keep-alive',
)
[ info ] [ PARAM ] array (
  'dis' => '0',
  'id' => '1',
)
[ info ] [ RUN ] app\website\controller\Auth->gdis[ D:\wwwroot\thinkphp5_765tm6\web\application\website\controller\Auth.php ]
[ info ] [ CACHE ] INIT File
[ info ] [ LOG ] INIT File
[ sql ] [ DB ] CONNECT:[ UseTime:0.002009s ] mysql:host=localhost;port=3306;dbname=mythinkphp5;charset=utf8
[ sql ] [ SQL ] SHOW COLUMNS FROM `dp_sets` [ RunTime:0.010840s ]
[ sql ] [ SQL ] SELECT `content` FROM `dp_sets` WHERE  `name` = 'mail' LIMIT 1 [ RunTime:0.000763s ]
[ sql ] [ SQL ] SELECT `content` FROM `dp_sets` WHERE  `name` = 'wechat' LIMIT 1 [ RunTime:0.000843s ]
[ sql ] [ SQL ] SHOW COLUMNS FROM `dp_auth_group` [ RunTime:0.011773s ]
[ sql ] [ SQL ] UPDATE `dp_auth_group`  SET `status`=0  WHERE  `id` = 1 [ RunTime:0.000684s ]
---------------------------------------------------------------
[ 2018-11-17T17:19:17+08:00 ] 127.0.0.1 GET /website/auth/addu.html
[ info ] 127.0.0.5/website/auth/addu.html [运行时间：0.122841s][吞吐率：8.14req/s] [内存消耗：2,046.29kb] [文件加载：53]
[ info ] [ DB ] INIT mysql
[ info ] [ LANG ] D:\wwwroot\thinkphp5_765tm6\web\core\lang\zh-cn.php
[ info ] [ ROUTE ] array (
  'type' => 'module',
  'module' => 
  array (
    0 => 'website',
    1 => 'auth',
    2 => 'addu',
  ),
)
[ info ] [ HEADER ] array (
  'content-type' => '',
  'content-length' => '0',
  'x-original-url' => '/website/auth/addu.html',
  'upgrade-insecure-requests' => '1',
  'user-agent' => 'Mozilla/5.0 (Windows NT 6.3; WOW64) AppleWebKit/537.36 (KHTML, like Gecko) Chrome/55.0.2883.87 Safari/537.36',
  'referer' => 'http://127.0.0.5/website/index',
  'host' => '127.0.0.5',
  'cookie' => 'Hm_lvt_04fab3def376a222f35762aa47e96232=1539929747; PHPSESSID=6vvj1n712bcp1hvlqo9se3j0c6',
  'accept-language' => 'zh-CN,zh;q=0.8',
  'accept-encoding' => 'gzip, deflate, sdch, br',
  'accept' => 'text/html,application/xhtml+xml,application/xml;q=0.9,image/webp,*/*;q=0.8',
  'connection' => 'keep-alive',
)
[ info ] [ PARAM ] array (
)
[ info ] [ RUN ] app\website\controller\Auth->addu[ D:\wwwroot\thinkphp5_765tm6\web\application\website\controller\Auth.php ]
[ info ] [ VIEW ] D:\wwwroot\thinkphp5_765tm6\web/application/website\view\auth\addu.html [ array (
  0 => 'type',
) ]
[ info ] [ LOG ] INIT File
[ sql ] [ DB ] CONNECT:[ UseTime:0.002735s ] mysql:host=localhost;port=3306;dbname=mythinkphp5;charset=utf8
[ sql ] [ SQL ] SHOW COLUMNS FROM `dp_sets` [ RunTime:0.010041s ]
[ sql ] [ SQL ] SELECT `content` FROM `dp_sets` WHERE  `name` = 'mail' LIMIT 1 [ RunTime:0.000839s ]
[ sql ] [ SQL ] SELECT `content` FROM `dp_sets` WHERE  `name` = 'wechat' LIMIT 1 [ RunTime:0.001183s ]
[ sql ] [ SQL ] SHOW COLUMNS FROM `dp_auth_group` [ RunTime:0.011588s ]
[ sql ] [ SQL ] SELECT `id`,`title` FROM `dp_auth_group` WHERE  `status` = 1 [ RunTime:0.000603s ]
---------------------------------------------------------------
[ 2018-11-17T17:19:23+08:00 ] 127.0.0.1 POST /website/auth/gdis
[ info ] 127.0.0.5/website/auth/gdis [运行时间：0.114010s][吞吐率：8.77req/s] [内存消耗：2,071.10kb] [文件加载：55]
[ info ] [ DB ] INIT mysql
[ info ] [ LANG ] D:\wwwroot\thinkphp5_765tm6\web\core\lang\zh-cn.php
[ info ] [ ROUTE ] array (
  'type' => 'module',
  'module' => 
  array (
    0 => 'website',
    1 => 'auth',
    2 => 'gdis',
  ),
)
[ info ] [ HEADER ] array (
  'content-type' => 'application/x-www-form-urlencoded; charset=UTF-8',
  'content-length' => '10',
  'x-original-url' => '/website/auth/gdis',
  'x-requested-with' => 'XMLHttpRequest',
  'origin' => 'http://127.0.0.5',
  'user-agent' => 'Mozilla/5.0 (Windows NT 6.3; WOW64) AppleWebKit/537.36 (KHTML, like Gecko) Chrome/55.0.2883.87 Safari/537.36',
  'referer' => 'http://127.0.0.5/website/auth/rule',
  'host' => '127.0.0.5',
  'cookie' => 'Hm_lvt_04fab3def376a222f35762aa47e96232=1539929747; PHPSESSID=6vvj1n712bcp1hvlqo9se3j0c6',
  'accept-language' => 'zh-CN,zh;q=0.8',
  'accept-encoding' => 'gzip, deflate, br',
  'accept' => '*/*',
  'connection' => 'keep-alive',
)
[ info ] [ PARAM ] array (
  'dis' => '1',
  'id' => '1',
)
[ info ] [ RUN ] app\website\controller\Auth->gdis[ D:\wwwroot\thinkphp5_765tm6\web\application\website\controller\Auth.php ]
[ info ] [ CACHE ] INIT File
[ info ] [ LOG ] INIT File
[ sql ] [ DB ] CONNECT:[ UseTime:0.001891s ] mysql:host=localhost;port=3306;dbname=mythinkphp5;charset=utf8
[ sql ] [ SQL ] SHOW COLUMNS FROM `dp_sets` [ RunTime:0.012225s ]
[ sql ] [ SQL ] SELECT `content` FROM `dp_sets` WHERE  `name` = 'mail' LIMIT 1 [ RunTime:0.000756s ]
[ sql ] [ SQL ] SELECT `content` FROM `dp_sets` WHERE  `name` = 'wechat' LIMIT 1 [ RunTime:0.000682s ]
[ sql ] [ SQL ] SHOW COLUMNS FROM `dp_auth_group` [ RunTime:0.013104s ]
[ sql ] [ SQL ] UPDATE `dp_auth_group`  SET `status`=1  WHERE  `id` = 1 [ RunTime:0.000724s ]
---------------------------------------------------------------
[ 2018-11-17T17:19:28+08:00 ] 127.0.0.1 GET /website/auth/addu.html
[ info ] 127.0.0.5/website/auth/addu.html [运行时间：0.130202s][吞吐率：7.68req/s] [内存消耗：2,046.84kb] [文件加载：53]
[ info ] [ DB ] INIT mysql
[ info ] [ LANG ] D:\wwwroot\thinkphp5_765tm6\web\core\lang\zh-cn.php
[ info ] [ ROUTE ] array (
  'type' => 'module',
  'module' => 
  array (
    0 => 'website',
    1 => 'auth',
    2 => 'addu',
  ),
)
[ info ] [ HEADER ] array (
  'content-type' => '',
  'content-length' => '0',
  'x-original-url' => '/website/auth/addu.html',
  'upgrade-insecure-requests' => '1',
  'user-agent' => 'Mozilla/5.0 (Windows NT 6.3; WOW64) AppleWebKit/537.36 (KHTML, like Gecko) Chrome/55.0.2883.87 Safari/537.36',
  'referer' => 'http://127.0.0.5/website/index',
  'host' => '127.0.0.5',
  'cookie' => 'Hm_lvt_04fab3def376a222f35762aa47e96232=1539929747; PHPSESSID=6vvj1n712bcp1hvlqo9se3j0c6',
  'accept-language' => 'zh-CN,zh;q=0.8',
  'accept-encoding' => 'gzip, deflate, sdch, br',
  'accept' => 'text/html,application/xhtml+xml,application/xml;q=0.9,image/webp,*/*;q=0.8',
  'connection' => 'keep-alive',
)
[ info ] [ PARAM ] array (
)
[ info ] [ RUN ] app\website\controller\Auth->addu[ D:\wwwroot\thinkphp5_765tm6\web\application\website\controller\Auth.php ]
[ info ] [ VIEW ] D:\wwwroot\thinkphp5_765tm6\web/application/website\view\auth\addu.html [ array (
  0 => 'type',
) ]
[ info ] [ LOG ] INIT File
[ sql ] [ DB ] CONNECT:[ UseTime:0.002096s ] mysql:host=localhost;port=3306;dbname=mythinkphp5;charset=utf8
[ sql ] [ SQL ] SHOW COLUMNS FROM `dp_sets` [ RunTime:0.013170s ]
[ sql ] [ SQL ] SELECT `content` FROM `dp_sets` WHERE  `name` = 'mail' LIMIT 1 [ RunTime:0.000931s ]
[ sql ] [ SQL ] SELECT `content` FROM `dp_sets` WHERE  `name` = 'wechat' LIMIT 1 [ RunTime:0.001125s ]
[ sql ] [ SQL ] SHOW COLUMNS FROM `dp_auth_group` [ RunTime:0.015411s ]
[ sql ] [ SQL ] SELECT `id`,`title` FROM `dp_auth_group` WHERE  `status` = 1 [ RunTime:0.000894s ]
