---------------------------------------------------------------
[ 2018-11-20T09:59:05+08:00 ] 127.0.0.1 GET /website/index
[ info ] 127.0.0.5/website/index [运行时间：0.973798s][吞吐率：1.03req/s] [内存消耗：2,036.18kb] [文件加载：54]
[ info ] [ DB ] INIT mysql
[ info ] [ LANG ] D:\wwwroot\thinkphp5_765tm6\web\core\lang\zh-cn.php
[ info ] [ ROUTE ] array (
  'type' => 'module',
  'module' => 
  array (
    0 => 'website',
    1 => 'index',
    2 => NULL,
  ),
)
[ info ] [ HEADER ] array (
  'content-type' => '',
  'content-length' => '0',
  'x-original-url' => '/website/index',
  'upgrade-insecure-requests' => '1',
  'user-agent' => 'Mozilla/5.0 (Windows NT 6.3; WOW64) AppleWebKit/537.36 (KHTML, like Gecko) Chrome/55.0.2883.87 Safari/537.36',
  'host' => '127.0.0.5',
  'cookie' => 'Hm_lvt_04fab3def376a222f35762aa47e96232=1539929747',
  'accept-language' => 'zh-CN,zh;q=0.8',
  'accept-encoding' => 'gzip, deflate, sdch, br',
  'accept' => 'text/html,application/xhtml+xml,application/xml;q=0.9,image/webp,*/*;q=0.8',
  'connection' => 'keep-alive',
)
[ info ] [ PARAM ] array (
)
[ info ] [ SESSION ] INIT array (
  'id' => '',
  'var_session_id' => '',
  'prefix' => 'Dp',
  'type' => '',
  'auto_start' => true,
)
[ info ] [ LOG ] INIT File
[ sql ] [ DB ] CONNECT:[ UseTime:0.066676s ] mysql:host=localhost;port=3306;dbname=mythinkphp5;charset=utf8
[ sql ] [ SQL ] SHOW COLUMNS FROM `dp_sets` [ RunTime:0.107236s ]
[ sql ] [ SQL ] SELECT `content` FROM `dp_sets` WHERE  `name` = 'mail' LIMIT 1 [ RunTime:0.016155s ]
[ sql ] [ SQL ] SELECT `content` FROM `dp_sets` WHERE  `name` = 'wechat' LIMIT 1 [ RunTime:0.000632s ]
---------------------------------------------------------------
[ 2018-11-20T09:59:05+08:00 ] 127.0.0.1 GET /website/login/index.html
[ info ] 127.0.0.5/website/login/index.html [运行时间：0.200329s][吞吐率：4.99req/s] [内存消耗：2,008.91kb] [文件加载：52]
[ info ] [ DB ] INIT mysql
[ info ] [ LANG ] D:\wwwroot\thinkphp5_765tm6\web\core\lang\zh-cn.php
[ info ] [ ROUTE ] array (
  'type' => 'module',
  'module' => 
  array (
    0 => 'website',
    1 => 'login',
    2 => 'index',
  ),
)
[ info ] [ HEADER ] array (
  'content-type' => '',
  'content-length' => '0',
  'x-original-url' => '/website/login/index.html',
  'upgrade-insecure-requests' => '1',
  'user-agent' => 'Mozilla/5.0 (Windows NT 6.3; WOW64) AppleWebKit/537.36 (KHTML, like Gecko) Chrome/55.0.2883.87 Safari/537.36',
  'host' => '127.0.0.5',
  'cookie' => 'Hm_lvt_04fab3def376a222f35762aa47e96232=1539929747; PHPSESSID=dr1e4qpd8mpg841vrfh0dcpqv3',
  'accept-language' => 'zh-CN,zh;q=0.8',
  'accept-encoding' => 'gzip, deflate, sdch, br',
  'accept' => 'text/html,application/xhtml+xml,application/xml;q=0.9,image/webp,*/*;q=0.8',
  'connection' => 'keep-alive',
)
[ info ] [ PARAM ] array (
)
[ info ] [ RUN ] app\website\controller\Login->index[ D:\wwwroot\thinkphp5_765tm6\web\application\website\controller\Login.php ]
[ info ] [ VIEW ] D:\wwwroot\thinkphp5_765tm6\web/application/website\view\login\index.html [ array (
) ]
[ info ] [ LOG ] INIT File
[ sql ] [ DB ] CONNECT:[ UseTime:0.011791s ] mysql:host=localhost;port=3306;dbname=mythinkphp5;charset=utf8
[ sql ] [ SQL ] SHOW COLUMNS FROM `dp_sets` [ RunTime:0.010494s ]
[ sql ] [ SQL ] SELECT `content` FROM `dp_sets` WHERE  `name` = 'mail' LIMIT 1 [ RunTime:0.000956s ]
[ sql ] [ SQL ] SELECT `content` FROM `dp_sets` WHERE  `name` = 'wechat' LIMIT 1 [ RunTime:0.000487s ]
---------------------------------------------------------------
[ 2018-11-20T09:59:06+08:00 ] 127.0.0.1 GET /captcha.html
[ info ] 127.0.0.5/captcha.html [运行时间：0.127791s][吞吐率：7.83req/s] [内存消耗：1,775.55kb] [文件加载：45]
[ info ] [ DB ] INIT mysql
[ info ] [ LANG ] D:\wwwroot\thinkphp5_765tm6\web\core\lang\zh-cn.php
[ info ] [ ROUTE ] array (
  'type' => 'method',
  'method' => 
  array (
    0 => '\\think\\captcha\\CaptchaController',
    1 => 'index',
  ),
  'var' => 
  array (
  ),
)
[ info ] [ HEADER ] array (
  'content-type' => '',
  'content-length' => '0',
  'x-original-url' => '/captcha.html',
  'user-agent' => 'Mozilla/5.0 (Windows NT 6.3; WOW64) AppleWebKit/537.36 (KHTML, like Gecko) Chrome/55.0.2883.87 Safari/537.36',
  'referer' => 'http://127.0.0.5/website/login/index.html',
  'host' => '127.0.0.5',
  'cookie' => 'Hm_lvt_04fab3def376a222f35762aa47e96232=1539929747; PHPSESSID=dr1e4qpd8mpg841vrfh0dcpqv3',
  'accept-language' => 'zh-CN,zh;q=0.8',
  'accept-encoding' => 'gzip, deflate, sdch, br',
  'accept' => 'image/webp,image/*,*/*;q=0.8',
  'connection' => 'keep-alive',
)
[ info ] [ PARAM ] array (
  'id' => NULL,
)
[ info ] [ RUN ] think\captcha\CaptchaController->index[ D:\wwwroot\thinkphp5_765tm6\web\vendor\topthink\think-captcha\src\CaptchaController.php ]
[ info ] [ SESSION ] INIT array (
  'id' => '',
  'var_session_id' => '',
  'prefix' => 'Dp',
  'type' => '',
  'auto_start' => true,
)
[ info ] [ LOG ] INIT File
[ sql ] [ DB ] CONNECT:[ UseTime:0.001971s ] mysql:host=localhost;port=3306;dbname=mythinkphp5;charset=utf8
[ sql ] [ SQL ] SHOW COLUMNS FROM `dp_sets` [ RunTime:0.011492s ]
[ sql ] [ SQL ] SELECT `content` FROM `dp_sets` WHERE  `name` = 'mail' LIMIT 1 [ RunTime:0.000859s ]
[ sql ] [ SQL ] SELECT `content` FROM `dp_sets` WHERE  `name` = 'wechat' LIMIT 1 [ RunTime:0.000582s ]
